[ERROR] 2018-05-31 11:04:03,122 [repositories/roo | o.e.r.h.s.ProtocolExceptionResolver] Error while handling request (500)
org.eclipse.rdf4j.http.server.ServerHTTPException: org.eclipse.rdf4j.query.UpdateExecutionException: com.ontotext.rio.ntriples.NQuadsSimpleParser$NodeParsingException: white space not allowed in uri [line 1, column 5]
	at org.eclipse.rdf4j.http.server.repository.statements.StatementsController.getSparqlUpdateResult(StatementsController.java:296)
	at org.eclipse.rdf4j.http.server.repository.statements.StatementsController.handleRequestInternal(StatementsController.java:122)
	at com.ontotext.graphdb.sesame.StatementsController.handleRequestInternal(StatementsController.java:26)
	at org.springframework.web.servlet.mvc.AbstractController.handleRequest(AbstractController.java:146)
	at org.springframework.web.servlet.mvc.SimpleControllerHandlerAdapter.handle(SimpleControllerHandlerAdapter.java:50)
	at org.springframework.web.servlet.DispatcherServlet.doDispatch(DispatcherServlet.java:959)
	at org.springframework.web.servlet.DispatcherServlet.doService(DispatcherServlet.java:893)
	at org.springframework.web.servlet.FrameworkServlet.processRequest(FrameworkServlet.java:966)
	at org.springframework.web.servlet.FrameworkServlet.doPost(FrameworkServlet.java:868)
	at javax.servlet.http.HttpServlet.service(HttpServlet.java:648)
	at org.springframework.web.servlet.FrameworkServlet.service(FrameworkServlet.java:842)
	at javax.servlet.http.HttpServlet.service(HttpServlet.java:729)
	at org.apache.catalina.core.ApplicationFilterChain.internalDoFilter(ApplicationFilterChain.java:292)
	at org.apache.catalina.core.ApplicationFilterChain.doFilter(ApplicationFilterChain.java:207)
	at com.ontotext.forest.core.request.RequestFilter.doFilterInternal(RequestFilter.java:41)
	at org.springframework.web.filter.OncePerRequestFilter.doFilter(OncePerRequestFilter.java:107)
	at org.apache.catalina.core.ApplicationFilterChain.internalDoFilter(ApplicationFilterChain.java:240)
	at org.apache.catalina.core.ApplicationFilterChain.doFilter(ApplicationFilterChain.java:207)
	at org.springframework.web.filter.CharacterEncodingFilter.doFilterInternal(CharacterEncodingFilter.java:85)
	at org.springframework.web.filter.OncePerRequestFilter.doFilter(OncePerRequestFilter.java:107)
	at org.apache.catalina.core.ApplicationFilterChain.internalDoFilter(ApplicationFilterChain.java:240)
	at org.apache.catalina.core.ApplicationFilterChain.doFilter(ApplicationFilterChain.java:207)
	at com.github.ziplet.filter.compression.CompressingFilter.doFilter(CompressingFilter.java:300)
	at org.apache.catalina.core.ApplicationFilterChain.internalDoFilter(ApplicationFilterChain.java:240)
	at org.apache.catalina.core.ApplicationFilterChain.doFilter(ApplicationFilterChain.java:207)
	at com.ontotext.forest.security.AdminDelegatingFilterProxy.doFilter(AdminDelegatingFilterProxy.java:29)
	at org.springframework.web.filter.DelegatingFilterProxy.invokeDelegate(DelegatingFilterProxy.java:344)
	at org.springframework.web.filter.DelegatingFilterProxy.doFilter(DelegatingFilterProxy.java:261)
	at org.apache.catalina.core.ApplicationFilterChain.internalDoFilter(ApplicationFilterChain.java:240)
	at org.apache.catalina.core.ApplicationFilterChain.doFilter(ApplicationFilterChain.java:207)
	at org.apache.catalina.core.StandardWrapperValve.invoke(StandardWrapperValve.java:212)
	at org.apache.catalina.core.StandardContextValve.invoke(StandardContextValve.java:106)
	at org.apache.catalina.authenticator.AuthenticatorBase.invoke(AuthenticatorBase.java:502)
	at org.apache.catalina.core.StandardHostValve.invoke(StandardHostValve.java:141)
	at org.apache.catalina.valves.ErrorReportValve.invoke(ErrorReportValve.java:79)
	at org.apache.catalina.core.StandardEngineValve.invoke(StandardEngineValve.java:88)
	at org.apache.catalina.connector.CoyoteAdapter.service(CoyoteAdapter.java:522)
	at org.apache.coyote.http11.AbstractHttp11Processor.process(AbstractHttp11Processor.java:1095)
	at org.apache.coyote.AbstractProtocol$AbstractConnectionHandler.process(AbstractProtocol.java:672)
	at org.apache.tomcat.util.net.NioEndpoint$SocketProcessor.doRun(NioEndpoint.java:1500)
	at org.apache.tomcat.util.net.NioEndpoint$SocketProcessor.run(NioEndpoint.java:1456)
	at java.util.concurrent.ThreadPoolExecutor.runWorker(ThreadPoolExecutor.java:1149)
	at java.util.concurrent.ThreadPoolExecutor$Worker.run(ThreadPoolExecutor.java:624)
	at org.apache.tomcat.util.threads.TaskThread$WrappingRunnable.run(TaskThread.java:61)
	at java.lang.Thread.run(Thread.java:748)
Caused by: org.eclipse.rdf4j.query.UpdateExecutionException: com.ontotext.rio.ntriples.NQuadsSimpleParser$NodeParsingException: white space not allowed in uri [line 1, column 5]
	at org.eclipse.rdf4j.repository.sail.SailUpdate.execute(SailUpdate.java:74)
	at com.ontotext.trree.monitorRepository.MonitorRepositoryConnection$1.execute(MonitorRepositoryConnection.java:344)
	at org.eclipse.rdf4j.http.server.repository.statements.StatementsController.getSparqlUpdateResult(StatementsController.java:281)
	... 44 common frames omitted
Caused by: com.ontotext.rio.ntriples.NQuadsSimpleParser$NodeParsingException: white space not allowed in uri [line 1, column 5]
	at com.ontotext.rio.ntriples.NQuadsSimpleParser.findUriEndPos(NQuadsSimpleParser.java:340)
	at com.ontotext.rio.ntriples.NQuadsSimpleParser.scan(NQuadsSimpleParser.java:385)
	at com.ontotext.rio.ntriples.NQuadsSimpleParser.parse(NQuadsSimpleParser.java:229)
	at com.ontotext.rio.ntriples.NQuadsSimpleParser.parse(NQuadsSimpleParser.java:163)
	at org.eclipse.rdf4j.repository.util.RDFLoader.loadInputStreamOrReader(RDFLoader.java:286)
	at org.eclipse.rdf4j.repository.util.RDFLoader.load(RDFLoader.java:197)
	at org.eclipse.rdf4j.repository.util.RDFLoader.load(RDFLoader.java:161)
	at org.eclipse.rdf4j.repository.sail.helpers.SailUpdateExecutor.executeLoad(SailUpdateExecutor.java:172)
	at org.eclipse.rdf4j.repository.sail.helpers.SailUpdateExecutor.executeUpdate(SailUpdateExecutor.java:124)
	at org.eclipse.rdf4j.repository.sail.SailUpdate.execute(SailUpdate.java:64)
	... 46 common frames omitted
[ERROR] 2018-05-31 11:05:28,156 [repositories/roo | o.e.r.h.s.ProtocolExceptionResolver] Error while handling request (500)
org.eclipse.rdf4j.http.server.ServerHTTPException: org.eclipse.rdf4j.query.UpdateExecutionException: java.net.UnknownHostException: raw.githubusercontent.com
	at org.eclipse.rdf4j.http.server.repository.statements.StatementsController.getSparqlUpdateResult(StatementsController.java:296)
	at org.eclipse.rdf4j.http.server.repository.statements.StatementsController.handleRequestInternal(StatementsController.java:122)
	at com.ontotext.graphdb.sesame.StatementsController.handleRequestInternal(StatementsController.java:26)
	at org.springframework.web.servlet.mvc.AbstractController.handleRequest(AbstractController.java:146)
	at org.springframework.web.servlet.mvc.SimpleControllerHandlerAdapter.handle(SimpleControllerHandlerAdapter.java:50)
	at org.springframework.web.servlet.DispatcherServlet.doDispatch(DispatcherServlet.java:959)
	at org.springframework.web.servlet.DispatcherServlet.doService(DispatcherServlet.java:893)
	at org.springframework.web.servlet.FrameworkServlet.processRequest(FrameworkServlet.java:966)
	at org.springframework.web.servlet.FrameworkServlet.doPost(FrameworkServlet.java:868)
	at javax.servlet.http.HttpServlet.service(HttpServlet.java:648)
	at org.springframework.web.servlet.FrameworkServlet.service(FrameworkServlet.java:842)
	at javax.servlet.http.HttpServlet.service(HttpServlet.java:729)
	at org.apache.catalina.core.ApplicationFilterChain.internalDoFilter(ApplicationFilterChain.java:292)
	at org.apache.catalina.core.ApplicationFilterChain.doFilter(ApplicationFilterChain.java:207)
	at com.ontotext.forest.core.request.RequestFilter.doFilterInternal(RequestFilter.java:41)
	at org.springframework.web.filter.OncePerRequestFilter.doFilter(OncePerRequestFilter.java:107)
	at org.apache.catalina.core.ApplicationFilterChain.internalDoFilter(ApplicationFilterChain.java:240)
	at org.apache.catalina.core.ApplicationFilterChain.doFilter(ApplicationFilterChain.java:207)
	at org.springframework.web.filter.CharacterEncodingFilter.doFilterInternal(CharacterEncodingFilter.java:85)
	at org.springframework.web.filter.OncePerRequestFilter.doFilter(OncePerRequestFilter.java:107)
	at org.apache.catalina.core.ApplicationFilterChain.internalDoFilter(ApplicationFilterChain.java:240)
	at org.apache.catalina.core.ApplicationFilterChain.doFilter(ApplicationFilterChain.java:207)
	at com.github.ziplet.filter.compression.CompressingFilter.doFilter(CompressingFilter.java:300)
	at org.apache.catalina.core.ApplicationFilterChain.internalDoFilter(ApplicationFilterChain.java:240)
	at org.apache.catalina.core.ApplicationFilterChain.doFilter(ApplicationFilterChain.java:207)
	at com.ontotext.forest.security.AdminDelegatingFilterProxy.doFilter(AdminDelegatingFilterProxy.java:29)
	at org.springframework.web.filter.DelegatingFilterProxy.invokeDelegate(DelegatingFilterProxy.java:344)
	at org.springframework.web.filter.DelegatingFilterProxy.doFilter(DelegatingFilterProxy.java:261)
	at org.apache.catalina.core.ApplicationFilterChain.internalDoFilter(ApplicationFilterChain.java:240)
	at org.apache.catalina.core.ApplicationFilterChain.doFilter(ApplicationFilterChain.java:207)
	at org.apache.catalina.core.StandardWrapperValve.invoke(StandardWrapperValve.java:212)
	at org.apache.catalina.core.StandardContextValve.invoke(StandardContextValve.java:106)
	at org.apache.catalina.authenticator.AuthenticatorBase.invoke(AuthenticatorBase.java:502)
	at org.apache.catalina.core.StandardHostValve.invoke(StandardHostValve.java:141)
	at org.apache.catalina.valves.ErrorReportValve.invoke(ErrorReportValve.java:79)
	at org.apache.catalina.core.StandardEngineValve.invoke(StandardEngineValve.java:88)
	at org.apache.catalina.connector.CoyoteAdapter.service(CoyoteAdapter.java:522)
	at org.apache.coyote.http11.AbstractHttp11Processor.process(AbstractHttp11Processor.java:1095)
	at org.apache.coyote.AbstractProtocol$AbstractConnectionHandler.process(AbstractProtocol.java:672)
	at org.apache.tomcat.util.net.NioEndpoint$SocketProcessor.doRun(NioEndpoint.java:1500)
	at org.apache.tomcat.util.net.NioEndpoint$SocketProcessor.run(NioEndpoint.java:1456)
	at java.util.concurrent.ThreadPoolExecutor.runWorker(ThreadPoolExecutor.java:1149)
	at java.util.concurrent.ThreadPoolExecutor$Worker.run(ThreadPoolExecutor.java:624)
	at org.apache.tomcat.util.threads.TaskThread$WrappingRunnable.run(TaskThread.java:61)
	at java.lang.Thread.run(Thread.java:748)
Caused by: org.eclipse.rdf4j.query.UpdateExecutionException: java.net.UnknownHostException: raw.githubusercontent.com
	at org.eclipse.rdf4j.repository.sail.SailUpdate.execute(SailUpdate.java:80)
	at com.ontotext.trree.monitorRepository.MonitorRepositoryConnection$1.execute(MonitorRepositoryConnection.java:344)
	at org.eclipse.rdf4j.http.server.repository.statements.StatementsController.getSparqlUpdateResult(StatementsController.java:281)
	... 44 common frames omitted
Caused by: java.net.UnknownHostException: raw.githubusercontent.com
	at java.net.AbstractPlainSocketImpl.connect(AbstractPlainSocketImpl.java:184)
	at java.net.SocksSocketImpl.connect(SocksSocketImpl.java:392)
	at java.net.Socket.connect(Socket.java:589)
	at sun.security.ssl.SSLSocketImpl.connect(SSLSocketImpl.java:673)
	at sun.security.ssl.BaseSSLSocketImpl.connect(BaseSSLSocketImpl.java:173)
	at sun.net.NetworkClient.doConnect(NetworkClient.java:180)
	at sun.net.www.http.HttpClient.openServer(HttpClient.java:463)
	at sun.net.www.http.HttpClient.openServer(HttpClient.java:558)
	at sun.net.www.protocol.https.HttpsClient.<init>(HttpsClient.java:264)
	at sun.net.www.protocol.https.HttpsClient.New(HttpsClient.java:367)
	at sun.net.www.protocol.https.AbstractDelegateHttpsURLConnection.getNewHttpClient(AbstractDelegateHttpsURLConnection.java:191)
	at sun.net.www.protocol.http.HttpURLConnection.plainConnect0(HttpURLConnection.java:1156)
	at sun.net.www.protocol.http.HttpURLConnection.plainConnect(HttpURLConnection.java:1050)
	at sun.net.www.protocol.https.AbstractDelegateHttpsURLConnection.connect(AbstractDelegateHttpsURLConnection.java:177)
	at sun.net.www.protocol.http.HttpURLConnection.getInputStream0(HttpURLConnection.java:1564)
	at sun.net.www.protocol.http.HttpURLConnection.getInputStream(HttpURLConnection.java:1492)
	at sun.net.www.protocol.https.HttpsURLConnectionImpl.getInputStream(HttpsURLConnectionImpl.java:263)
	at org.eclipse.rdf4j.repository.util.RDFLoader.load(RDFLoader.java:146)
	at org.eclipse.rdf4j.repository.sail.helpers.SailUpdateExecutor.executeLoad(SailUpdateExecutor.java:172)
	at org.eclipse.rdf4j.repository.sail.helpers.SailUpdateExecutor.executeUpdate(SailUpdateExecutor.java:124)
	at org.eclipse.rdf4j.repository.sail.SailUpdate.execute(SailUpdate.java:64)
	... 46 common frames omitted
[ERROR] 2018-05-31 11:10:42,239 [repositories/roo | o.e.r.h.s.ProtocolExceptionResolver] Error while handling request (500)
org.eclipse.rdf4j.http.server.ServerHTTPException: org.eclipse.rdf4j.query.UpdateExecutionException: com.ontotext.rio.ntriples.NQuadsSimpleParser$NodeParsingException: white space not allowed in uri [line 1, column 5]
	at org.eclipse.rdf4j.http.server.repository.statements.StatementsController.getSparqlUpdateResult(StatementsController.java:296)
	at org.eclipse.rdf4j.http.server.repository.statements.StatementsController.handleRequestInternal(StatementsController.java:122)
	at com.ontotext.graphdb.sesame.StatementsController.handleRequestInternal(StatementsController.java:26)
	at org.springframework.web.servlet.mvc.AbstractController.handleRequest(AbstractController.java:146)
	at org.springframework.web.servlet.mvc.SimpleControllerHandlerAdapter.handle(SimpleControllerHandlerAdapter.java:50)
	at org.springframework.web.servlet.DispatcherServlet.doDispatch(DispatcherServlet.java:959)
	at org.springframework.web.servlet.DispatcherServlet.doService(DispatcherServlet.java:893)
	at org.springframework.web.servlet.FrameworkServlet.processRequest(FrameworkServlet.java:966)
	at org.springframework.web.servlet.FrameworkServlet.doPost(FrameworkServlet.java:868)
	at javax.servlet.http.HttpServlet.service(HttpServlet.java:648)
	at org.springframework.web.servlet.FrameworkServlet.service(FrameworkServlet.java:842)
	at javax.servlet.http.HttpServlet.service(HttpServlet.java:729)
	at org.apache.catalina.core.ApplicationFilterChain.internalDoFilter(ApplicationFilterChain.java:292)
	at org.apache.catalina.core.ApplicationFilterChain.doFilter(ApplicationFilterChain.java:207)
	at com.ontotext.forest.core.request.RequestFilter.doFilterInternal(RequestFilter.java:41)
	at org.springframework.web.filter.OncePerRequestFilter.doFilter(OncePerRequestFilter.java:107)
	at org.apache.catalina.core.ApplicationFilterChain.internalDoFilter(ApplicationFilterChain.java:240)
	at org.apache.catalina.core.ApplicationFilterChain.doFilter(ApplicationFilterChain.java:207)
	at org.springframework.web.filter.CharacterEncodingFilter.doFilterInternal(CharacterEncodingFilter.java:85)
	at org.springframework.web.filter.OncePerRequestFilter.doFilter(OncePerRequestFilter.java:107)
	at org.apache.catalina.core.ApplicationFilterChain.internalDoFilter(ApplicationFilterChain.java:240)
	at org.apache.catalina.core.ApplicationFilterChain.doFilter(ApplicationFilterChain.java:207)
	at com.github.ziplet.filter.compression.CompressingFilter.doFilter(CompressingFilter.java:300)
	at org.apache.catalina.core.ApplicationFilterChain.internalDoFilter(ApplicationFilterChain.java:240)
	at org.apache.catalina.core.ApplicationFilterChain.doFilter(ApplicationFilterChain.java:207)
	at com.ontotext.forest.security.AdminDelegatingFilterProxy.doFilter(AdminDelegatingFilterProxy.java:29)
	at org.springframework.web.filter.DelegatingFilterProxy.invokeDelegate(DelegatingFilterProxy.java:344)
	at org.springframework.web.filter.DelegatingFilterProxy.doFilter(DelegatingFilterProxy.java:261)
	at org.apache.catalina.core.ApplicationFilterChain.internalDoFilter(ApplicationFilterChain.java:240)
	at org.apache.catalina.core.ApplicationFilterChain.doFilter(ApplicationFilterChain.java:207)
	at org.apache.catalina.core.StandardWrapperValve.invoke(StandardWrapperValve.java:212)
	at org.apache.catalina.core.StandardContextValve.invoke(StandardContextValve.java:106)
	at org.apache.catalina.authenticator.AuthenticatorBase.invoke(AuthenticatorBase.java:502)
	at org.apache.catalina.core.StandardHostValve.invoke(StandardHostValve.java:141)
	at org.apache.catalina.valves.ErrorReportValve.invoke(ErrorReportValve.java:79)
	at org.apache.catalina.core.StandardEngineValve.invoke(StandardEngineValve.java:88)
	at org.apache.catalina.connector.CoyoteAdapter.service(CoyoteAdapter.java:522)
	at org.apache.coyote.http11.AbstractHttp11Processor.process(AbstractHttp11Processor.java:1095)
	at org.apache.coyote.AbstractProtocol$AbstractConnectionHandler.process(AbstractProtocol.java:672)
	at org.apache.tomcat.util.net.NioEndpoint$SocketProcessor.doRun(NioEndpoint.java:1500)
	at org.apache.tomcat.util.net.NioEndpoint$SocketProcessor.run(NioEndpoint.java:1456)
	at java.util.concurrent.ThreadPoolExecutor.runWorker(ThreadPoolExecutor.java:1149)
	at java.util.concurrent.ThreadPoolExecutor$Worker.run(ThreadPoolExecutor.java:624)
	at org.apache.tomcat.util.threads.TaskThread$WrappingRunnable.run(TaskThread.java:61)
	at java.lang.Thread.run(Thread.java:748)
Caused by: org.eclipse.rdf4j.query.UpdateExecutionException: com.ontotext.rio.ntriples.NQuadsSimpleParser$NodeParsingException: white space not allowed in uri [line 1, column 5]
	at org.eclipse.rdf4j.repository.sail.SailUpdate.execute(SailUpdate.java:74)
	at com.ontotext.trree.monitorRepository.MonitorRepositoryConnection$1.execute(MonitorRepositoryConnection.java:344)
	at org.eclipse.rdf4j.http.server.repository.statements.StatementsController.getSparqlUpdateResult(StatementsController.java:281)
	... 44 common frames omitted
Caused by: com.ontotext.rio.ntriples.NQuadsSimpleParser$NodeParsingException: white space not allowed in uri [line 1, column 5]
	at com.ontotext.rio.ntriples.NQuadsSimpleParser.findUriEndPos(NQuadsSimpleParser.java:340)
	at com.ontotext.rio.ntriples.NQuadsSimpleParser.scan(NQuadsSimpleParser.java:385)
	at com.ontotext.rio.ntriples.NQuadsSimpleParser.parse(NQuadsSimpleParser.java:229)
	at com.ontotext.rio.ntriples.NQuadsSimpleParser.parse(NQuadsSimpleParser.java:163)
	at org.eclipse.rdf4j.repository.util.RDFLoader.loadInputStreamOrReader(RDFLoader.java:286)
	at org.eclipse.rdf4j.repository.util.RDFLoader.load(RDFLoader.java:197)
	at org.eclipse.rdf4j.repository.util.RDFLoader.load(RDFLoader.java:161)
	at org.eclipse.rdf4j.repository.sail.helpers.SailUpdateExecutor.executeLoad(SailUpdateExecutor.java:172)
	at org.eclipse.rdf4j.repository.sail.helpers.SailUpdateExecutor.executeUpdate(SailUpdateExecutor.java:124)
	at org.eclipse.rdf4j.repository.sail.SailUpdate.execute(SailUpdate.java:64)
	... 46 common frames omitted
[ERROR] 2018-05-31 11:19:01,036 [repositories/roo | o.e.r.h.s.ProtocolExceptionResolver] Error while handling request (500)
org.eclipse.rdf4j.http.server.ServerHTTPException: org.eclipse.rdf4j.query.UpdateExecutionException: com.ontotext.rio.ntriples.NQuadsSimpleParser$NodeParsingException: white space not allowed in uri [line 1, column 8]
	at org.eclipse.rdf4j.http.server.repository.statements.StatementsController.getSparqlUpdateResult(StatementsController.java:296)
	at org.eclipse.rdf4j.http.server.repository.statements.StatementsController.handleRequestInternal(StatementsController.java:122)
	at com.ontotext.graphdb.sesame.StatementsController.handleRequestInternal(StatementsController.java:26)
	at org.springframework.web.servlet.mvc.AbstractController.handleRequest(AbstractController.java:146)
	at org.springframework.web.servlet.mvc.SimpleControllerHandlerAdapter.handle(SimpleControllerHandlerAdapter.java:50)
	at org.springframework.web.servlet.DispatcherServlet.doDispatch(DispatcherServlet.java:959)
	at org.springframework.web.servlet.DispatcherServlet.doService(DispatcherServlet.java:893)
	at org.springframework.web.servlet.FrameworkServlet.processRequest(FrameworkServlet.java:966)
	at org.springframework.web.servlet.FrameworkServlet.doPost(FrameworkServlet.java:868)
	at javax.servlet.http.HttpServlet.service(HttpServlet.java:648)
	at org.springframework.web.servlet.FrameworkServlet.service(FrameworkServlet.java:842)
	at javax.servlet.http.HttpServlet.service(HttpServlet.java:729)
	at org.apache.catalina.core.ApplicationFilterChain.internalDoFilter(ApplicationFilterChain.java:292)
	at org.apache.catalina.core.ApplicationFilterChain.doFilter(ApplicationFilterChain.java:207)
	at com.ontotext.forest.core.request.RequestFilter.doFilterInternal(RequestFilter.java:41)
	at org.springframework.web.filter.OncePerRequestFilter.doFilter(OncePerRequestFilter.java:107)
	at org.apache.catalina.core.ApplicationFilterChain.internalDoFilter(ApplicationFilterChain.java:240)
	at org.apache.catalina.core.ApplicationFilterChain.doFilter(ApplicationFilterChain.java:207)
	at org.springframework.web.filter.CharacterEncodingFilter.doFilterInternal(CharacterEncodingFilter.java:85)
	at org.springframework.web.filter.OncePerRequestFilter.doFilter(OncePerRequestFilter.java:107)
	at org.apache.catalina.core.ApplicationFilterChain.internalDoFilter(ApplicationFilterChain.java:240)
	at org.apache.catalina.core.ApplicationFilterChain.doFilter(ApplicationFilterChain.java:207)
	at com.github.ziplet.filter.compression.CompressingFilter.doFilter(CompressingFilter.java:300)
	at org.apache.catalina.core.ApplicationFilterChain.internalDoFilter(ApplicationFilterChain.java:240)
	at org.apache.catalina.core.ApplicationFilterChain.doFilter(ApplicationFilterChain.java:207)
	at com.ontotext.forest.security.AdminDelegatingFilterProxy.doFilter(AdminDelegatingFilterProxy.java:29)
	at org.springframework.web.filter.DelegatingFilterProxy.invokeDelegate(DelegatingFilterProxy.java:344)
	at org.springframework.web.filter.DelegatingFilterProxy.doFilter(DelegatingFilterProxy.java:261)
	at org.apache.catalina.core.ApplicationFilterChain.internalDoFilter(ApplicationFilterChain.java:240)
	at org.apache.catalina.core.ApplicationFilterChain.doFilter(ApplicationFilterChain.java:207)
	at org.apache.catalina.core.StandardWrapperValve.invoke(StandardWrapperValve.java:212)
	at org.apache.catalina.core.StandardContextValve.invoke(StandardContextValve.java:106)
	at org.apache.catalina.authenticator.AuthenticatorBase.invoke(AuthenticatorBase.java:502)
	at org.apache.catalina.core.StandardHostValve.invoke(StandardHostValve.java:141)
	at org.apache.catalina.valves.ErrorReportValve.invoke(ErrorReportValve.java:79)
	at org.apache.catalina.core.StandardEngineValve.invoke(StandardEngineValve.java:88)
	at org.apache.catalina.connector.CoyoteAdapter.service(CoyoteAdapter.java:522)
	at org.apache.coyote.http11.AbstractHttp11Processor.process(AbstractHttp11Processor.java:1095)
	at org.apache.coyote.AbstractProtocol$AbstractConnectionHandler.process(AbstractProtocol.java:672)
	at org.apache.tomcat.util.net.NioEndpoint$SocketProcessor.doRun(NioEndpoint.java:1500)
	at org.apache.tomcat.util.net.NioEndpoint$SocketProcessor.run(NioEndpoint.java:1456)
	at java.util.concurrent.ThreadPoolExecutor.runWorker(ThreadPoolExecutor.java:1149)
	at java.util.concurrent.ThreadPoolExecutor$Worker.run(ThreadPoolExecutor.java:624)
	at org.apache.tomcat.util.threads.TaskThread$WrappingRunnable.run(TaskThread.java:61)
	at java.lang.Thread.run(Thread.java:748)
Caused by: org.eclipse.rdf4j.query.UpdateExecutionException: com.ontotext.rio.ntriples.NQuadsSimpleParser$NodeParsingException: white space not allowed in uri [line 1, column 8]
	at org.eclipse.rdf4j.repository.sail.SailUpdate.execute(SailUpdate.java:74)
	at com.ontotext.trree.monitorRepository.MonitorRepositoryConnection$1.execute(MonitorRepositoryConnection.java:344)
	at org.eclipse.rdf4j.http.server.repository.statements.StatementsController.getSparqlUpdateResult(StatementsController.java:281)
	... 44 common frames omitted
Caused by: com.ontotext.rio.ntriples.NQuadsSimpleParser$NodeParsingException: white space not allowed in uri [line 1, column 8]
	at com.ontotext.rio.ntriples.NQuadsSimpleParser.findUriEndPos(NQuadsSimpleParser.java:340)
	at com.ontotext.rio.ntriples.NQuadsSimpleParser.scan(NQuadsSimpleParser.java:385)
	at com.ontotext.rio.ntriples.NQuadsSimpleParser.parse(NQuadsSimpleParser.java:229)
	at com.ontotext.rio.ntriples.NQuadsSimpleParser.parse(NQuadsSimpleParser.java:163)
	at org.eclipse.rdf4j.repository.util.RDFLoader.loadInputStreamOrReader(RDFLoader.java:286)
	at org.eclipse.rdf4j.repository.util.RDFLoader.load(RDFLoader.java:197)
	at org.eclipse.rdf4j.repository.util.RDFLoader.load(RDFLoader.java:161)
	at org.eclipse.rdf4j.repository.sail.helpers.SailUpdateExecutor.executeLoad(SailUpdateExecutor.java:172)
	at org.eclipse.rdf4j.repository.sail.helpers.SailUpdateExecutor.executeUpdate(SailUpdateExecutor.java:124)
	at org.eclipse.rdf4j.repository.sail.SailUpdate.execute(SailUpdate.java:64)
	... 46 common frames omitted
[ERROR] 2018-05-31 11:43:24,208 [Thread-7 | c.o.t.f.GraphDBFreeSchemaRepository] Problem shutting down entity pool
java.lang.RuntimeException: Could not flush entity storage.
	at com.ontotext.trree.entitypool.impl.storage.EntityStorageVersion3.shutdown(EntityStorageVersion3.java:648)
	at com.ontotext.trree.entitypool.impl.TransactionalEntityPool.shutdown(TransactionalEntityPool.java:133)
	at com.ontotext.trree.OwlimSchemaRepository.doShutDown(OwlimSchemaRepository.java:1085)
	at com.ontotext.trree.OwlimSchemaRepository.doShutDown(OwlimSchemaRepository.java:1000)
	at com.ontotext.trree.OwlimSchemaRepository$3.run(OwlimSchemaRepository.java:1865)
Caused by: java.io.IOException: Bad file descriptor
	at sun.nio.ch.FileDispatcherImpl.force0(Native Method)
	at sun.nio.ch.FileDispatcherImpl.force(FileDispatcherImpl.java:76)
	at sun.nio.ch.FileChannelImpl.force(FileChannelImpl.java:388)
	at com.ontotext.trree.entitypool.impl.storage.EntityStorageVersion3.flush(EntityStorageVersion3.java:638)
	at com.ontotext.trree.entitypool.impl.storage.EntityStorageVersion3.flush(EntityStorageVersion3.java:607)
	at com.ontotext.trree.entitypool.impl.storage.EntityStorageVersion3.shutdown(EntityStorageVersion3.java:646)
	... 4 common frames omitted
[ERROR] 2018-05-31 11:43:24,271 [Thread-7 | c.o.t.f.GraphDBFreeSchemaRepository] Exception durring shutdown hook execution!
org.eclipse.rdf4j.sail.SailException: Caught Throwable on doShuDown()
	at com.ontotext.trree.OwlimSchemaRepository.doShutDown(OwlimSchemaRepository.java:1114)
	at com.ontotext.trree.OwlimSchemaRepository.doShutDown(OwlimSchemaRepository.java:1000)
	at com.ontotext.trree.OwlimSchemaRepository$3.run(OwlimSchemaRepository.java:1865)
Caused by: java.lang.RuntimeException: Could not flush entity storage.
	at com.ontotext.trree.entitypool.impl.storage.EntityStorageVersion3.shutdown(EntityStorageVersion3.java:648)
	at com.ontotext.trree.entitypool.impl.TransactionalEntityPool.shutdown(TransactionalEntityPool.java:133)
	at com.ontotext.trree.OwlimSchemaRepository.doShutDown(OwlimSchemaRepository.java:1085)
	... 2 common frames omitted
Caused by: java.io.IOException: Bad file descriptor
	at sun.nio.ch.FileDispatcherImpl.force0(Native Method)
	at sun.nio.ch.FileDispatcherImpl.force(FileDispatcherImpl.java:76)
	at sun.nio.ch.FileChannelImpl.force(FileChannelImpl.java:388)
	at com.ontotext.trree.entitypool.impl.storage.EntityStorageVersion3.flush(EntityStorageVersion3.java:638)
	at com.ontotext.trree.entitypool.impl.storage.EntityStorageVersion3.flush(EntityStorageVersion3.java:607)
	at com.ontotext.trree.entitypool.impl.storage.EntityStorageVersion3.shutdown(EntityStorageVersion3.java:646)
	... 4 common frames omitted
