[INFO ] 2018-05-29 20:12:41,851 [main | c.o.g.Config] Using 'jar:file:/opt/graphdb/dist/lib/graphdb-application-common-8.4.1.jar!/com/ontotext/graphdb/logback.xml' as logback's configuration file for graphdb
[INFO ] 2018-05-29 20:12:42,547 [main | c.o.g.s.GraphDB] Starting GraphDB in workbench mode.
[INFO ] 2018-05-29 20:12:55,259 [localhost-startStop-1 | c.o.g.Config] GraphDB Home directory: /opt/graphdb/home
[INFO ] 2018-05-29 20:12:55,264 [localhost-startStop-1 | c.o.g.Config] GraphDB Config directory: /opt/graphdb/home/conf
[INFO ] 2018-05-29 20:12:55,268 [localhost-startStop-1 | c.o.g.Config] GraphDB Data directory: /opt/graphdb/home/data
[INFO ] 2018-05-29 20:12:55,270 [localhost-startStop-1 | c.o.g.Config] GraphDB Work directory: /opt/graphdb/home/work
[INFO ] 2018-05-29 20:12:55,274 [localhost-startStop-1 | c.o.g.Config] GraphDB Logs directory: /opt/graphdb/home/logs
[INFO ] 2018-05-29 20:13:05,219 [main | c.o.g.s.GraphDB] Started GraphDB in workbench mode at port 7200.
[INFO ] 2018-05-29 20:13:40,729 [repositories/r2rml | c.o.t.f.GraphDBFreeSchemaRepository] Version: 8.4, revision: -1703271316
[INFO ] 2018-05-29 20:13:40,729 [repositories/r2rml | c.o.t.f.GraphDBFreeSchemaRepository] Build date: Fri Jan 05 21:39:27 UTC 2018
[INFO ] 2018-05-29 20:13:40,760 [repositories/r2rml | c.o.t.f.GraphDBFreeSchemaRepository] Started repository r2rml in READ/WRITE mode.
[INFO ] 2018-05-29 20:13:40,760 [repositories/r2rml | c.o.c.AbstractParameter] Configured parameter 'partialRDFS' to default value 'false'
[INFO ] 2018-05-29 20:13:40,764 [repositories/r2rml | c.o.c.AbstractParameter] Configured parameter 'transaction-isolation' to default value 'true'
[INFO ] 2018-05-29 20:13:40,766 [repositories/r2rml | c.o.c.AbstractParameter] Configured parameter 'checkForValidPropertiesAndClasses' to default value 'false'
[INFO ] 2018-05-29 20:13:40,766 [repositories/r2rml | c.o.c.AbstractParameter] Configured parameter 'transaction-mode' to default value 'safe'
[INFO ] 2018-05-29 20:13:40,767 [repositories/r2rml | c.o.c.AbstractParameter] Configured parameter 'entity-pool-implementation' to default value 'transactional'
[INFO ] 2018-05-29 20:13:40,772 [repositories/r2rml | c.o.c.AbstractParameter] Configured parameter 'useShutdownHooks' to default value 'true'
[INFO ] 2018-05-29 20:13:40,785 [repositories/r2rml | c.o.GraphDBConfigParameters] Cache pages for tuples: 7829
[INFO ] 2018-05-29 20:13:40,786 [repositories/r2rml | c.o.GraphDBConfigParameters] Cache pages for predicates: 1118
[INFO ] 2018-05-29 20:13:40,791 [repositories/r2rml | c.o.c.AbstractParameter] Configured parameter 'graphdb.global.page.cache' to default value 'true'
[INFO ] 2018-05-29 20:13:40,853 [repositories/r2rml | c.o.c.AbstractParameter] Configured parameter 'graphdb.epool.onheap' to default value 'false'
[INFO ] 2018-05-29 20:13:40,853 [repositories/r2rml | c.o.t.e.EntityPoolFactory] Using entity pool implementation: transactional-disk
[INFO ] 2018-05-29 20:13:40,861 [repositories/r2rml | c.o.c.AbstractParameter] Configured parameter 'epool.connection.cache.size' to default value '2000'
[INFO ] 2018-05-29 20:13:40,884 [repositories/r2rml | c.o.c.AbstractParameter] Configured parameter 'graphdb.epool.onheap' to default value 'false'
[INFO ] 2018-05-29 20:13:40,922 [repositories/r2rml | c.o.t.e.i.m.PersistedHashMap] Restoring entity hash table...
[INFO ] 2018-05-29 20:13:41,229 [repositories/r2rml | c.o.t.e.i.m.PersistedHashMap] Restored 171 entities allocating 12.0 MB
[INFO ] 2018-05-29 20:13:41,231 [repositories/r2rml | c.o.t.e.i.m.PersistedHashMap] Done in 306 ms.
[INFO ] 2018-05-29 20:13:41,338 [repositories/r2rml | c.o.c.AbstractParameter] Configured parameter 'allow-system-entities-as-data' to default value 'false'
[INFO ] 2018-05-29 20:13:41,344 [repositories/r2rml | c.o.t.u.l.LimitedObjectCacheFactory] Using LRU cache type: synch
[INFO ] 2018-05-29 20:13:41,348 [repositories/r2rml | c.o.c.AbstractParameter] Configured parameter 'enable-pool-reversecache' to default value 'true'
[INFO ] 2018-05-29 20:13:41,357 [repositories/r2rml | c.o.c.AbstractParameter] Configured parameter 'cache-ratio-so-os-cso-cos' to default value '[50, 50, 50]'
[INFO ] 2018-05-29 20:13:41,381 [repositories/r2rml | c.o.c.AbstractParameter] Configured parameter 'graphdb.global.page.cache' to default value 'true'
[INFO ] 2018-05-29 20:13:41,388 [repositories/r2rml | c.o.c.AbstractParameter] Configured parameter 'graphdb.page.cache.size' to default value '981.5M'
[WARN ] 2018-05-29 20:13:41,786 [repositories/r2rml | c.o.t.f.GraphDBFreeSchemaRepository] Rule list configuration present, it will override all other rule sets parameters!
[INFO ] 2018-05-29 20:13:41,789 [repositories/r2rml | c.o.c.AbstractParameter] Configured parameter 'virtual.repository.mode' to default value 'false'
[INFO ] 2018-05-29 20:13:41,866 [repositories/r2rml | c.o.c.AbstractParameter] Configured parameter 'epool.journal.buffer.size' to default value '1024'
[INFO ] 2018-05-29 20:13:41,892 [repositories/r2rml | c.o.c.AbstractParameter] Configured parameter 'enable-debug-rules' to default value 'false'
[INFO ] 2018-05-29 20:13:41,901 [repositories/r2rml | c.o.t.InferencerFactory] ruleSet=rdfsplus-optimized, partialRdfs=false
[INFO ] 2018-05-29 20:13:41,910 [repositories/r2rml | c.o.c.AbstractParameter] Configured parameter 'filter.obj.only.hint' to default value 'true'
[INFO ] 2018-05-29 20:13:42,003 [repositories/r2rml | c.o.c.AbstractParameter] Configured parameter 'check.pred.stats' to default value 'false'
[INFO ] 2018-05-29 20:13:42,085 [repositories/r2rml | c.o.c.AbstractParameter] Configured parameter 'nonInterpretablePredicates' to default value 'null'
[INFO ] 2018-05-29 20:13:42,086 [repositories/r2rml | c.o.c.AbstractParameter] Configured parameter 'skip-default-plugins' to default value 'false'
[INFO ] 2018-05-29 20:13:42,087 [repositories/r2rml | c.o.t.f.GraphDBFreeSchemaRepository] Searching for plugins available in the classpath...
[INFO ] 2018-05-29 20:13:42,134 [repositories/r2rml | c.o.t.s.i.PluginManager] Registering plugin rdfrank
[INFO ] 2018-05-29 20:13:42,135 [repositories/r2rml | c.o.t.s.i.PluginManager] Registering plugin direct
[INFO ] 2018-05-29 20:13:42,136 [repositories/r2rml | c.o.t.s.i.PluginManager] Registering plugin geospatial
[INFO ] 2018-05-29 20:13:42,137 [repositories/r2rml | c.o.t.s.i.PluginManager] Registering plugin notifications
[INFO ] 2018-05-29 20:13:42,138 [repositories/r2rml | c.o.t.s.i.PluginManager] Registering plugin expose-entity
[INFO ] 2018-05-29 20:13:42,139 [repositories/r2rml | c.o.t.s.i.PluginManager] Registering plugin literals-index
[INFO ] 2018-05-29 20:13:42,140 [repositories/r2rml | c.o.t.s.i.PluginManager] Registering plugin script
[INFO ] 2018-05-29 20:13:42,141 [repositories/r2rml | c.o.t.s.i.PluginManager] Registering plugin plugincontrol
[INFO ] 2018-05-29 20:13:42,146 [repositories/r2rml | c.o.t.s.i.PluginManager] Registering plugin magic-predicates
[INFO ] 2018-05-29 20:13:42,147 [repositories/r2rml | c.o.c.AbstractParameter] Configured parameter 'register-plugins' to default value '[]'
[INFO ] 2018-05-29 20:13:42,151 [repositories/r2rml | c.o.GraphDBConfigParameters] Reading external plugins from /opt/graphdb/dist/lib/plugins
[INFO ] 2018-05-29 20:13:42,152 [repositories/r2rml | c.o.c.AbstractParameter] Configured parameter 'register-external-plugins' to default value '[/opt/graphdb/dist/lib/plugins]'
[INFO ] 2018-05-29 20:13:42,153 [repositories/r2rml | c.o.t.f.GraphDBFreeSchemaRepository] Registering external plugins...
[INFO ] 2018-05-29 20:13:42,155 [repositories/r2rml | c.o.t.f.GraphDBFreeSchemaRepository] Scanning /opt/graphdb/dist/lib/plugins/lucene-connector for plugins
[INFO ] 2018-05-29 20:13:42,254 [repositories/r2rml | c.o.t.s.i.PluginManager] Registering plugin lucene-connector
[INFO ] 2018-05-29 20:13:42,255 [repositories/r2rml | c.o.t.f.GraphDBFreeSchemaRepository] Scanning /opt/graphdb/dist/lib/plugins/autocomplete-plugin for plugins
[INFO ] 2018-05-29 20:13:42,274 [repositories/r2rml | c.o.t.s.i.PluginManager] Registering plugin autocomplete
[INFO ] 2018-05-29 20:13:42,274 [repositories/r2rml | c.o.t.f.GraphDBFreeSchemaRepository] Scanning /opt/graphdb/dist/lib/plugins/graphdb-geosparql-plugin for plugins
[INFO ] 2018-05-29 20:13:42,343 [repositories/r2rml | c.o.t.s.i.PluginManager] Registering plugin GeoSPARQL
[INFO ] 2018-05-29 20:13:42,344 [repositories/r2rml | c.o.t.f.GraphDBFreeSchemaRepository] Scanning /opt/graphdb/dist/lib/plugins/dependencies-plugin for plugins
[INFO ] 2018-05-29 20:13:42,356 [repositories/r2rml | c.o.t.s.i.PluginManager] Registering plugin dependencies-plugin
[INFO ] 2018-05-29 20:13:42,358 [repositories/r2rml | c.o.t.f.GraphDBFreeSchemaRepository] Scanning /opt/graphdb/dist/lib/plugins/sparql-mm for plugins
[INFO ] 2018-05-29 20:13:42,401 [repositories/r2rml | c.o.t.s.i.PluginManager] Registering plugin sparql-mm
[INFO ] 2018-05-29 20:13:42,402 [repositories/r2rml | c.o.t.f.GraphDBFreeSchemaRepository] Scanning /opt/graphdb/dist/lib/plugins/lucene for plugins
[INFO ] 2018-05-29 20:13:42,431 [repositories/r2rml | c.o.t.s.i.PluginManager] Registering plugin lucene
[INFO ] 2018-05-29 20:13:42,431 [repositories/r2rml | c.o.c.AbstractParameter] Configured parameter 'disable-plugins' to default value '[]'
[INFO ] 2018-05-29 20:13:42,433 [repositories/r2rml | c.o.t.s.i.PluginManager] Initializing plugins... (DEFAULT)
[INFO ] 2018-05-29 20:13:42,437 [repositories/r2rml | c.o.t.s.i.PluginManager] Initializing plugin 'expose-entity'
[INFO ] 2018-05-29 20:13:42,529 [repositories/r2rml | c.o.t.s.i.PluginManager] Initializing plugin 'autocomplete'
[INFO ] 2018-05-29 20:13:42,532 [repositories/r2rml | c.o.t.p.a.AutocompletePluginUtils] >>>>>>>> AutocompletePlugin: No configuration file found at /opt/graphdb/home/data/repositories/r2rml/storage/autocomplete/config.properties. Assuming default options for plugin.
[INFO ] 2018-05-29 20:13:42,538 [repositories/r2rml | c.o.t.s.i.PluginManager] Initializing plugin 'direct'
[INFO ] 2018-05-29 20:13:42,543 [repositories/r2rml | c.o.t.s.i.PluginManager] Initializing plugin 'lucene'
[INFO ] 2018-05-29 20:13:42,548 [repositories/r2rml | c.o.p.lucene] No Lucene indices were found
[INFO ] 2018-05-29 20:13:42,549 [repositories/r2rml | c.o.t.s.i.PluginManager] Initializing plugin 'plugincontrol'
[INFO ] 2018-05-29 20:13:42,552 [repositories/r2rml | c.o.t.p.p.PluginControlPlugin] Plugin:plugincontrol initialized
[INFO ] 2018-05-29 20:13:42,553 [repositories/r2rml | c.o.t.s.i.PluginManager] Initializing plugin 'script'
[INFO ] 2018-05-29 20:13:42,555 [repositories/r2rml | c.o.t.s.i.PluginManager] Initializing plugin 'magic-predicates'
[INFO ] 2018-05-29 20:13:42,556 [repositories/r2rml | c.o.p.magic-predicates] Registering InverseMagicPredicate: http://spinrdf.org/spif#foreach
[INFO ] 2018-05-29 20:13:42,560 [repositories/r2rml | c.o.p.magic-predicates] Registering TupleFunction: http://jena.hpl.hp.com/ARQ/list#length
[INFO ] 2018-05-29 20:13:42,566 [repositories/r2rml | c.o.p.magic-predicates] Registering InverseMagicPredicate: http://jena.hpl.hp.com/ARQ/property#concat
[INFO ] 2018-05-29 20:13:42,568 [repositories/r2rml | c.o.p.magic-predicates] Registering InverseMagicPredicate: http://spinrdf.org/spif#for
[INFO ] 2018-05-29 20:13:42,569 [repositories/r2rml | c.o.p.magic-predicates] Registering InverseMagicPredicate: http://spinrdf.org/spif#split
[INFO ] 2018-05-29 20:13:42,570 [repositories/r2rml | c.o.p.magic-predicates] Registering TupleFunction: http://jena.hpl.hp.com/ARQ/list#member
[INFO ] 2018-05-29 20:13:42,574 [repositories/r2rml | c.o.p.magic-predicates] Registering TupleFunction: http://jena.hpl.hp.com/ARQ/list#index
[INFO ] 2018-05-29 20:13:42,575 [repositories/r2rml | c.o.p.magic-predicates] Registering InverseMagicPredicate: http://jena.hpl.hp.com/ARQ/property#strSplit
[INFO ] 2018-05-29 20:13:42,576 [repositories/r2rml | c.o.t.s.i.PluginManager] Initializing plugin 'literals-index'
[INFO ] 2018-05-29 20:13:42,628 [repositories/r2rml | c.o.p.literals-index] Literals indices restored.
[INFO ] 2018-05-29 20:13:42,630 [repositories/r2rml | c.o.t.s.i.PluginManager] Initializing plugin 'geospatial'
[INFO ] 2018-05-29 20:13:42,635 [repositories/r2rml | c.o.t.p.g.GeoSpatialPlugin] Plugin:geospatial initialized
[INFO ] 2018-05-29 20:13:42,636 [repositories/r2rml | c.o.t.s.i.PluginManager] Initializing plugin 'sparql-mm'
[INFO ] 2018-05-29 20:13:42,688 [repositories/r2rml | c.o.g.s.FunctionLoader] Registered 48 functions from package com.github.tkurz.sparqlmm.function.
[INFO ] 2018-05-29 20:13:42,689 [repositories/r2rml | c.o.t.s.i.PluginManager] Initializing plugin 'dependencies-plugin'
[INFO ] 2018-05-29 20:13:42,696 [repositories/r2rml | c.o.t.s.i.PluginManager] Initializing plugin 'GeoSPARQL'
[INFO ] 2018-05-29 20:13:44,581 [repositories/r2rml | c.o.t.g.FunctionLoader] Registered 50 functions from package com.useekm.geosparql.
[INFO ] 2018-05-29 20:13:44,581 [repositories/r2rml | c.o.t.s.i.PluginManager] Initializing plugin 'lucene-connector'
[INFO ] 2018-05-29 20:13:44,604 [repositories/r2rml | c.o.t.s.i.PluginManager] Initializing plugin 'rdfrank'
[INFO ] 2018-05-29 20:13:44,610 [repositories/r2rml | c.o.t.s.i.PluginManager] Initializing plugin 'notifications'
[INFO ] 2018-05-29 20:13:44,614 [repositories/r2rml | c.o.t.s.i.PluginManager] Finished initializing plugins
[INFO ] 2018-05-29 20:13:44,616 [repositories/r2rml | c.o.c.AbstractParameter] Configured parameter 'graphdb.page.cache.size' to default value '981.5M'
[INFO ] 2018-05-29 20:13:44,818 [repositories/r2rml | c.o.c.AbstractParameter] Configured parameter 'do.resolve.entities' to default value 'true'
[INFO ] 2018-05-29 20:13:44,819 [repositories/r2rml | c.o.c.AbstractParameter] Configured parameter 'do.load.data' to default value 'true'
[INFO ] 2018-05-29 20:13:44,820 [repositories/r2rml | c.o.r.p.ParallelLoader] Data will be parsed + resolved + loaded.
[INFO ] 2018-05-29 20:13:44,835 [repositories/r2rml | c.o.r.p.ParallelLoader] Using 4 threads for inference
[INFO ] 2018-05-29 20:13:45,188 [repositories/r2rml | c.o.f.s.RepositoryController] POST query -1797107632
[INFO ] 2018-05-29 20:13:45,196 [repositories/r2rml | c.o.c.AbstractParameter] Configured parameter 'use.parallel.file.inserts' to default value 'true'
[INFO ] 2018-05-29 20:13:45,212 [repositories/r2rml | c.o.c.AbstractParameter] Configured parameter 'custom.validation.queries.file' to default value 'null'
[INFO ] 2018-05-29 20:13:45,284 [repositories/r2rml | c.o.c.AbstractParameter] Configured parameter 'deduplicate.construct' to default value 'true'
[INFO ] 2018-05-29 20:13:45,295 [repositories/r2rml | c.o.c.AbstractParameter] Configured parameter 'reuse.vars.in.subselects' to default value 'false'
[INFO ] 2018-05-29 20:13:45,318 [repositories/r2rml | c.o.c.AbstractParameter] Configured parameter 'in-clause-max-members' to default value '16'
[INFO ] 2018-05-29 20:13:45,319 [repositories/r2rml | c.o.c.AbstractParameter] Configured parameter 'query.convert.values.clause' to default value 'true'
[INFO ] 2018-05-29 20:13:45,338 [repositories/r2rml | c.o.c.AbstractParameter] Configured parameter 'hash.join' to default value 'false'
[INFO ] 2018-05-29 20:13:45,351 [repositories/r2rml | c.o.c.AbstractParameter] Configured parameter 'merge.join' to default value 'false'
[INFO ] 2018-05-29 20:13:45,353 [repositories/r2rml | c.o.c.AbstractParameter] Configured parameter 'PTO' to default value '2'
[INFO ] 2018-05-29 20:13:45,357 [repositories/r2rml | c.o.c.AbstractParameter] Configured parameter 'FSIPC' to default value '2'
[INFO ] 2018-05-29 20:13:45,494 [repositories/r2rml | o.e.r.h.s.r.GraphQueryResultView] Request for query 3392903 is finished
[INFO ] 2018-05-29 20:14:46,613 [repositories/r2rml | c.o.f.s.RepositoryController] POST query -1797107632
[INFO ] 2018-05-29 20:14:46,655 [repositories/r2rml | o.e.r.h.s.r.GraphQueryResultView] Request for query 3392903 is finished
[INFO ] 2018-05-29 20:15:47,495 [repositories/r2rml | c.o.f.s.RepositoryController] POST query -1797107632
[INFO ] 2018-05-29 20:15:47,522 [repositories/r2rml | o.e.r.h.s.r.GraphQueryResultView] Request for query 3392903 is finished
[INFO ] 2018-05-29 20:16:48,162 [repositories/r2rml | c.o.f.s.RepositoryController] POST query -1797107632
[INFO ] 2018-05-29 20:16:48,192 [repositories/r2rml | o.e.r.h.s.r.GraphQueryResultView] Request for query 3392903 is finished
[INFO ] 2018-05-29 20:17:01,468 [Thread-2 | c.o.g.s.GraphDB] Stopping GraphDB.
[INFO ] 2018-05-29 20:17:01,590 [localhost-startStop-2 | c.o.f.c.s.SemanticDataManagement] Shutting down current semantic location
[INFO ] 2018-05-29 20:23:15,273 [main | c.o.g.Config] Using 'jar:file:/opt/graphdb/dist/lib/graphdb-application-common-8.4.1.jar!/com/ontotext/graphdb/logback.xml' as logback's configuration file for graphdb
[INFO ] 2018-05-29 20:23:18,493 [main | c.o.g.s.GraphDB] Starting GraphDB in workbench mode.
[INFO ] 2018-05-29 20:23:31,302 [localhost-startStop-1 | c.o.g.Config] GraphDB Home directory: /opt/graphdb/home
[INFO ] 2018-05-29 20:23:31,306 [localhost-startStop-1 | c.o.g.Config] GraphDB Config directory: /opt/graphdb/home/conf
[INFO ] 2018-05-29 20:23:31,311 [localhost-startStop-1 | c.o.g.Config] GraphDB Data directory: /opt/graphdb/home/data
[INFO ] 2018-05-29 20:23:31,313 [localhost-startStop-1 | c.o.g.Config] GraphDB Work directory: /opt/graphdb/home/work
[INFO ] 2018-05-29 20:23:31,317 [localhost-startStop-1 | c.o.g.Config] GraphDB Logs directory: /opt/graphdb/home/logs
[INFO ] 2018-05-29 20:23:41,643 [main | c.o.g.s.GraphDB] Started GraphDB in workbench mode at port 7200.
[INFO ] 2018-05-29 20:24:08,878 [repositories/r2rml | c.o.t.f.GraphDBFreeSchemaRepository] Version: 8.4, revision: -1703271316
[INFO ] 2018-05-29 20:24:08,880 [repositories/r2rml | c.o.t.f.GraphDBFreeSchemaRepository] Build date: Fri Jan 05 21:39:27 UTC 2018
[INFO ] 2018-05-29 20:24:08,933 [repositories/r2rml | c.o.t.f.GraphDBFreeSchemaRepository] Started repository r2rml in READ/WRITE mode.
[INFO ] 2018-05-29 20:24:08,935 [repositories/r2rml | c.o.c.AbstractParameter] Configured parameter 'partialRDFS' to default value 'false'
[INFO ] 2018-05-29 20:24:08,938 [repositories/r2rml | c.o.c.AbstractParameter] Configured parameter 'transaction-isolation' to default value 'true'
[INFO ] 2018-05-29 20:24:08,942 [repositories/r2rml | c.o.c.AbstractParameter] Configured parameter 'checkForValidPropertiesAndClasses' to default value 'false'
[INFO ] 2018-05-29 20:24:08,948 [repositories/r2rml | c.o.c.AbstractParameter] Configured parameter 'transaction-mode' to default value 'safe'
[INFO ] 2018-05-29 20:24:08,951 [repositories/r2rml | c.o.c.AbstractParameter] Configured parameter 'entity-pool-implementation' to default value 'transactional'
[INFO ] 2018-05-29 20:24:08,954 [repositories/r2rml | c.o.c.AbstractParameter] Configured parameter 'useShutdownHooks' to default value 'true'
[INFO ] 2018-05-29 20:24:08,974 [repositories/r2rml | c.o.GraphDBConfigParameters] Cache pages for tuples: 7829
[INFO ] 2018-05-29 20:24:08,976 [repositories/r2rml | c.o.GraphDBConfigParameters] Cache pages for predicates: 1118
[INFO ] 2018-05-29 20:24:08,981 [repositories/r2rml | c.o.c.AbstractParameter] Configured parameter 'graphdb.global.page.cache' to default value 'true'
[INFO ] 2018-05-29 20:24:09,063 [repositories/r2rml | c.o.t.f.GraphDBFreeSchemaRepository] Detected unclean shutdown
[INFO ] 2018-05-29 20:24:09,065 [repositories/r2rml | c.o.c.AbstractParameter] Configured parameter 'graphdb.epool.onheap' to default value 'false'
[INFO ] 2018-05-29 20:24:09,067 [repositories/r2rml | c.o.t.e.EntityPoolFactory] Using entity pool implementation: transactional-disk
[INFO ] 2018-05-29 20:24:09,075 [repositories/r2rml | c.o.c.AbstractParameter] Configured parameter 'epool.connection.cache.size' to default value '2000'
[INFO ] 2018-05-29 20:24:09,103 [repositories/r2rml | c.o.c.AbstractParameter] Configured parameter 'graphdb.epool.onheap' to default value 'false'
[INFO ] 2018-05-29 20:24:09,157 [repositories/r2rml | c.o.t.e.i.m.PersistedHashMap] Restoring entity hash table...
[INFO ] 2018-05-29 20:24:09,453 [repositories/r2rml | c.o.t.e.i.m.PersistedHashMap] Restored 171 entities allocating 12.0 MB
[INFO ] 2018-05-29 20:24:09,454 [repositories/r2rml | c.o.t.e.i.m.PersistedHashMap] Done in 293 ms.
[INFO ] 2018-05-29 20:24:09,549 [repositories/r2rml | c.o.c.AbstractParameter] Configured parameter 'allow-system-entities-as-data' to default value 'false'
[INFO ] 2018-05-29 20:24:09,558 [repositories/r2rml | c.o.t.u.l.LimitedObjectCacheFactory] Using LRU cache type: synch
[INFO ] 2018-05-29 20:24:09,563 [repositories/r2rml | c.o.c.AbstractParameter] Configured parameter 'enable-pool-reversecache' to default value 'true'
[INFO ] 2018-05-29 20:24:09,574 [repositories/r2rml | c.o.c.AbstractParameter] Configured parameter 'cache-ratio-so-os-cso-cos' to default value '[50, 50, 50]'
[INFO ] 2018-05-29 20:24:09,605 [repositories/r2rml | c.o.c.AbstractParameter] Configured parameter 'graphdb.global.page.cache' to default value 'true'
[INFO ] 2018-05-29 20:24:09,610 [repositories/r2rml | c.o.c.AbstractParameter] Configured parameter 'graphdb.page.cache.size' to default value '981.5M'
[WARN ] 2018-05-29 20:24:10,160 [repositories/r2rml | c.o.t.f.GraphDBFreeSchemaRepository] Rule list configuration present, it will override all other rule sets parameters!
[INFO ] 2018-05-29 20:24:10,164 [repositories/r2rml | c.o.c.AbstractParameter] Configured parameter 'virtual.repository.mode' to default value 'false'
[INFO ] 2018-05-29 20:24:10,282 [repositories/r2rml | c.o.c.AbstractParameter] Configured parameter 'epool.journal.buffer.size' to default value '1024'
[INFO ] 2018-05-29 20:24:10,310 [repositories/r2rml | c.o.c.AbstractParameter] Configured parameter 'enable-debug-rules' to default value 'false'
[INFO ] 2018-05-29 20:24:10,320 [repositories/r2rml | c.o.t.InferencerFactory] ruleSet=rdfsplus-optimized, partialRdfs=false
[INFO ] 2018-05-29 20:24:10,336 [repositories/r2rml | c.o.c.AbstractParameter] Configured parameter 'filter.obj.only.hint' to default value 'true'
[INFO ] 2018-05-29 20:24:10,426 [repositories/r2rml | c.o.c.AbstractParameter] Configured parameter 'check.pred.stats' to default value 'false'
[INFO ] 2018-05-29 20:24:10,488 [repositories/r2rml | c.o.c.AbstractParameter] Configured parameter 'nonInterpretablePredicates' to default value 'null'
[INFO ] 2018-05-29 20:24:10,489 [repositories/r2rml | c.o.c.AbstractParameter] Configured parameter 'skip-default-plugins' to default value 'false'
[INFO ] 2018-05-29 20:24:10,490 [repositories/r2rml | c.o.t.f.GraphDBFreeSchemaRepository] Searching for plugins available in the classpath...
[INFO ] 2018-05-29 20:24:10,537 [repositories/r2rml | c.o.t.s.i.PluginManager] Registering plugin rdfrank
[INFO ] 2018-05-29 20:24:10,538 [repositories/r2rml | c.o.t.s.i.PluginManager] Registering plugin direct
[INFO ] 2018-05-29 20:24:10,539 [repositories/r2rml | c.o.t.s.i.PluginManager] Registering plugin geospatial
[INFO ] 2018-05-29 20:24:10,540 [repositories/r2rml | c.o.t.s.i.PluginManager] Registering plugin notifications
[INFO ] 2018-05-29 20:24:10,540 [repositories/r2rml | c.o.t.s.i.PluginManager] Registering plugin expose-entity
[INFO ] 2018-05-29 20:24:10,541 [repositories/r2rml | c.o.t.s.i.PluginManager] Registering plugin literals-index
[INFO ] 2018-05-29 20:24:10,542 [repositories/r2rml | c.o.t.s.i.PluginManager] Registering plugin script
[INFO ] 2018-05-29 20:24:10,543 [repositories/r2rml | c.o.t.s.i.PluginManager] Registering plugin plugincontrol
[INFO ] 2018-05-29 20:24:10,544 [repositories/r2rml | c.o.t.s.i.PluginManager] Registering plugin magic-predicates
[INFO ] 2018-05-29 20:24:10,546 [repositories/r2rml | c.o.c.AbstractParameter] Configured parameter 'register-plugins' to default value '[]'
[INFO ] 2018-05-29 20:24:10,549 [repositories/r2rml | c.o.GraphDBConfigParameters] Reading external plugins from /opt/graphdb/dist/lib/plugins
[INFO ] 2018-05-29 20:24:10,551 [repositories/r2rml | c.o.c.AbstractParameter] Configured parameter 'register-external-plugins' to default value '[/opt/graphdb/dist/lib/plugins]'
[INFO ] 2018-05-29 20:24:10,552 [repositories/r2rml | c.o.t.f.GraphDBFreeSchemaRepository] Registering external plugins...
[INFO ] 2018-05-29 20:24:10,554 [repositories/r2rml | c.o.t.f.GraphDBFreeSchemaRepository] Scanning /opt/graphdb/dist/lib/plugins/lucene-connector for plugins
[INFO ] 2018-05-29 20:24:10,670 [repositories/r2rml | c.o.t.s.i.PluginManager] Registering plugin lucene-connector
[INFO ] 2018-05-29 20:24:10,671 [repositories/r2rml | c.o.t.f.GraphDBFreeSchemaRepository] Scanning /opt/graphdb/dist/lib/plugins/autocomplete-plugin for plugins
[INFO ] 2018-05-29 20:24:10,695 [repositories/r2rml | c.o.t.s.i.PluginManager] Registering plugin autocomplete
[INFO ] 2018-05-29 20:24:10,696 [repositories/r2rml | c.o.t.f.GraphDBFreeSchemaRepository] Scanning /opt/graphdb/dist/lib/plugins/graphdb-geosparql-plugin for plugins
[INFO ] 2018-05-29 20:24:10,761 [repositories/r2rml | c.o.t.s.i.PluginManager] Registering plugin GeoSPARQL
[INFO ] 2018-05-29 20:24:10,762 [repositories/r2rml | c.o.t.f.GraphDBFreeSchemaRepository] Scanning /opt/graphdb/dist/lib/plugins/dependencies-plugin for plugins
[INFO ] 2018-05-29 20:24:10,772 [repositories/r2rml | c.o.t.s.i.PluginManager] Registering plugin dependencies-plugin
[INFO ] 2018-05-29 20:24:10,773 [repositories/r2rml | c.o.t.f.GraphDBFreeSchemaRepository] Scanning /opt/graphdb/dist/lib/plugins/sparql-mm for plugins
[INFO ] 2018-05-29 20:24:10,792 [repositories/r2rml | c.o.t.s.i.PluginManager] Registering plugin sparql-mm
[INFO ] 2018-05-29 20:24:10,793 [repositories/r2rml | c.o.t.f.GraphDBFreeSchemaRepository] Scanning /opt/graphdb/dist/lib/plugins/lucene for plugins
[INFO ] 2018-05-29 20:24:10,830 [repositories/r2rml | c.o.t.s.i.PluginManager] Registering plugin lucene
[INFO ] 2018-05-29 20:24:10,831 [repositories/r2rml | c.o.c.AbstractParameter] Configured parameter 'disable-plugins' to default value '[]'
[INFO ] 2018-05-29 20:24:10,832 [repositories/r2rml | c.o.t.s.i.PluginManager] Initializing plugins... (DEFAULT)
[INFO ] 2018-05-29 20:24:10,833 [repositories/r2rml | c.o.t.s.i.PluginManager] Initializing plugin 'expose-entity'
[INFO ] 2018-05-29 20:24:10,960 [repositories/r2rml | c.o.t.s.i.PluginManager] Initializing plugin 'autocomplete'
[INFO ] 2018-05-29 20:24:10,964 [repositories/r2rml | c.o.t.p.a.AutocompletePluginUtils] >>>>>>>> AutocompletePlugin: No configuration file found at /opt/graphdb/home/data/repositories/r2rml/storage/autocomplete/config.properties. Assuming default options for plugin.
[INFO ] 2018-05-29 20:24:10,969 [repositories/r2rml | c.o.t.s.i.PluginManager] Initializing plugin 'direct'
[INFO ] 2018-05-29 20:24:10,971 [repositories/r2rml | c.o.t.s.i.PluginManager] Initializing plugin 'lucene'
[INFO ] 2018-05-29 20:24:10,978 [repositories/r2rml | c.o.p.lucene] No Lucene indices were found
[INFO ] 2018-05-29 20:24:10,979 [repositories/r2rml | c.o.t.s.i.PluginManager] Initializing plugin 'plugincontrol'
[INFO ] 2018-05-29 20:24:10,981 [repositories/r2rml | c.o.t.p.p.PluginControlPlugin] Plugin:plugincontrol initialized
[INFO ] 2018-05-29 20:24:10,982 [repositories/r2rml | c.o.t.s.i.PluginManager] Initializing plugin 'script'
[INFO ] 2018-05-29 20:24:10,984 [repositories/r2rml | c.o.t.s.i.PluginManager] Initializing plugin 'magic-predicates'
[INFO ] 2018-05-29 20:24:10,985 [repositories/r2rml | c.o.p.magic-predicates] Registering InverseMagicPredicate: http://spinrdf.org/spif#foreach
[INFO ] 2018-05-29 20:24:10,987 [repositories/r2rml | c.o.p.magic-predicates] Registering TupleFunction: http://jena.hpl.hp.com/ARQ/list#length
[INFO ] 2018-05-29 20:24:10,989 [repositories/r2rml | c.o.p.magic-predicates] Registering InverseMagicPredicate: http://jena.hpl.hp.com/ARQ/property#concat
[INFO ] 2018-05-29 20:24:10,991 [repositories/r2rml | c.o.p.magic-predicates] Registering InverseMagicPredicate: http://spinrdf.org/spif#for
[INFO ] 2018-05-29 20:24:10,993 [repositories/r2rml | c.o.p.magic-predicates] Registering InverseMagicPredicate: http://spinrdf.org/spif#split
[INFO ] 2018-05-29 20:24:10,995 [repositories/r2rml | c.o.p.magic-predicates] Registering TupleFunction: http://jena.hpl.hp.com/ARQ/list#member
[INFO ] 2018-05-29 20:24:10,996 [repositories/r2rml | c.o.p.magic-predicates] Registering TupleFunction: http://jena.hpl.hp.com/ARQ/list#index
[INFO ] 2018-05-29 20:24:10,998 [repositories/r2rml | c.o.p.magic-predicates] Registering InverseMagicPredicate: http://jena.hpl.hp.com/ARQ/property#strSplit
[INFO ] 2018-05-29 20:24:10,999 [repositories/r2rml | c.o.t.s.i.PluginManager] Initializing plugin 'literals-index'
[INFO ] 2018-05-29 20:24:11,073 [repositories/r2rml | c.o.p.literals-index] Literals indices restored.
[INFO ] 2018-05-29 20:24:11,074 [repositories/r2rml | c.o.t.s.i.PluginManager] Initializing plugin 'geospatial'
[INFO ] 2018-05-29 20:24:11,088 [repositories/r2rml | c.o.t.p.g.GeoSpatialPlugin] Plugin:geospatial initialized
[INFO ] 2018-05-29 20:24:11,089 [repositories/r2rml | c.o.t.s.i.PluginManager] Initializing plugin 'sparql-mm'
[INFO ] 2018-05-29 20:24:11,160 [repositories/r2rml | c.o.g.s.FunctionLoader] Registered 48 functions from package com.github.tkurz.sparqlmm.function.
[INFO ] 2018-05-29 20:24:11,161 [repositories/r2rml | c.o.t.s.i.PluginManager] Initializing plugin 'dependencies-plugin'
[INFO ] 2018-05-29 20:24:11,164 [repositories/r2rml | c.o.t.s.i.PluginManager] Initializing plugin 'GeoSPARQL'
[INFO ] 2018-05-29 20:24:13,586 [repositories/r2rml | c.o.t.g.FunctionLoader] Registered 50 functions from package com.useekm.geosparql.
[INFO ] 2018-05-29 20:24:13,587 [repositories/r2rml | c.o.t.s.i.PluginManager] Initializing plugin 'lucene-connector'
[INFO ] 2018-05-29 20:24:13,619 [repositories/r2rml | c.o.t.s.i.PluginManager] Initializing plugin 'rdfrank'
[INFO ] 2018-05-29 20:24:13,624 [repositories/r2rml | c.o.t.s.i.PluginManager] Initializing plugin 'notifications'
[INFO ] 2018-05-29 20:24:13,628 [repositories/r2rml | c.o.t.s.i.PluginManager] Finished initializing plugins
[INFO ] 2018-05-29 20:24:13,630 [repositories/r2rml | c.o.c.AbstractParameter] Configured parameter 'graphdb.page.cache.size' to default value '981.5M'
[INFO ] 2018-05-29 20:24:13,874 [repositories/r2rml | c.o.c.AbstractParameter] Configured parameter 'do.resolve.entities' to default value 'true'
[INFO ] 2018-05-29 20:24:13,874 [repositories/r2rml | c.o.c.AbstractParameter] Configured parameter 'do.load.data' to default value 'true'
[INFO ] 2018-05-29 20:24:13,874 [repositories/r2rml | c.o.r.p.ParallelLoader] Data will be parsed + resolved + loaded.
[INFO ] 2018-05-29 20:24:13,891 [repositories/r2rml | c.o.r.p.ParallelLoader] Using 4 threads for inference
[INFO ] 2018-05-29 20:24:14,300 [repositories/r2rml | c.o.f.s.RepositoryController] POST query -1797107632
[INFO ] 2018-05-29 20:24:14,313 [repositories/r2rml | c.o.c.AbstractParameter] Configured parameter 'use.parallel.file.inserts' to default value 'true'
[INFO ] 2018-05-29 20:24:14,336 [repositories/r2rml | c.o.c.AbstractParameter] Configured parameter 'custom.validation.queries.file' to default value 'null'
[INFO ] 2018-05-29 20:24:14,430 [repositories/r2rml | c.o.c.AbstractParameter] Configured parameter 'deduplicate.construct' to default value 'true'
[INFO ] 2018-05-29 20:24:14,444 [repositories/r2rml | c.o.c.AbstractParameter] Configured parameter 'reuse.vars.in.subselects' to default value 'false'
[INFO ] 2018-05-29 20:24:14,476 [repositories/r2rml | c.o.c.AbstractParameter] Configured parameter 'in-clause-max-members' to default value '16'
[INFO ] 2018-05-29 20:24:14,477 [repositories/r2rml | c.o.c.AbstractParameter] Configured parameter 'query.convert.values.clause' to default value 'true'
[INFO ] 2018-05-29 20:24:14,490 [repositories/r2rml | c.o.c.AbstractParameter] Configured parameter 'hash.join' to default value 'false'
[INFO ] 2018-05-29 20:24:14,494 [repositories/r2rml | c.o.c.AbstractParameter] Configured parameter 'merge.join' to default value 'false'
[INFO ] 2018-05-29 20:24:14,498 [repositories/r2rml | c.o.c.AbstractParameter] Configured parameter 'PTO' to default value '2'
[INFO ] 2018-05-29 20:24:14,499 [repositories/r2rml | c.o.c.AbstractParameter] Configured parameter 'FSIPC' to default value '2'
[INFO ] 2018-05-29 20:24:14,624 [repositories/r2rml | o.e.r.h.s.r.GraphQueryResultView] Request for query 3392903 is finished
[INFO ] 2018-05-29 20:25:16,038 [repositories/r2rml | c.o.f.s.RepositoryController] POST query -1797107632
[INFO ] 2018-05-29 20:25:16,111 [repositories/r2rml | o.e.r.h.s.r.GraphQueryResultView] Request for query 3392903 is finished
[INFO ] 2018-05-29 20:25:18,223 [repositories/data | c.o.t.f.GraphDBFreeSchemaRepository] Version: 8.4, revision: -1703271316
[INFO ] 2018-05-29 20:25:18,223 [repositories/data | c.o.t.f.GraphDBFreeSchemaRepository] Build date: Fri Jan 05 21:39:27 UTC 2018
[INFO ] 2018-05-29 20:25:18,227 [repositories/data | c.o.t.f.GraphDBFreeSchemaRepository] Started repository data in READ/WRITE mode.
[INFO ] 2018-05-29 20:25:18,228 [repositories/data | c.o.c.AbstractParameter] Configured parameter 'partialRDFS' to default value 'false'
[INFO ] 2018-05-29 20:25:18,230 [repositories/data | c.o.c.AbstractParameter] Configured parameter 'transaction-isolation' to default value 'true'
[INFO ] 2018-05-29 20:25:18,242 [repositories/data | c.o.c.AbstractParameter] Configured parameter 'checkForValidPropertiesAndClasses' to default value 'false'
[INFO ] 2018-05-29 20:25:18,243 [repositories/data | c.o.c.AbstractParameter] Configured parameter 'transaction-mode' to default value 'safe'
[INFO ] 2018-05-29 20:25:18,244 [repositories/data | c.o.c.AbstractParameter] Configured parameter 'entity-pool-implementation' to default value 'transactional'
[INFO ] 2018-05-29 20:25:18,244 [repositories/data | c.o.c.AbstractParameter] Configured parameter 'useShutdownHooks' to default value 'true'
[INFO ] 2018-05-29 20:25:18,245 [repositories/data | c.o.GraphDBConfigParameters] Cache pages for tuples: 7829
[INFO ] 2018-05-29 20:25:18,246 [repositories/data | c.o.GraphDBConfigParameters] Cache pages for predicates: 1118
[INFO ] 2018-05-29 20:25:18,246 [repositories/data | c.o.c.AbstractParameter] Configured parameter 'graphdb.global.page.cache' to default value 'true'
[INFO ] 2018-05-29 20:25:18,339 [repositories/data | c.o.c.AbstractParameter] Configured parameter 'graphdb.epool.onheap' to default value 'false'
[INFO ] 2018-05-29 20:25:18,341 [repositories/data | c.o.t.e.EntityPoolFactory] Using entity pool implementation: transactional-disk
[INFO ] 2018-05-29 20:25:18,422 [repositories/data | c.o.t.e.i.m.PersistedHashMap] Restoring entity hash table...
[INFO ] 2018-05-29 20:25:18,754 [repositories/data | c.o.t.e.i.m.PersistedHashMap] Restored 412 entities allocating 12.0 MB
[INFO ] 2018-05-29 20:25:18,755 [repositories/data | c.o.t.e.i.m.PersistedHashMap] Done in 331 ms.
[WARN ] 2018-05-29 20:25:18,972 [repositories/data | c.o.t.f.GraphDBFreeSchemaRepository] Rule list configuration present, it will override all other rule sets parameters!
[INFO ] 2018-05-29 20:25:19,087 [repositories/data | c.o.t.InferencerFactory] ruleSet=owl2-rl-optimized, partialRdfs=false
[INFO ] 2018-05-29 20:25:19,493 [repositories/data | c.o.c.AbstractParameter] Configured parameter 'nonInterpretablePredicates' to default value 'null'
[INFO ] 2018-05-29 20:25:19,493 [repositories/data | c.o.c.AbstractParameter] Configured parameter 'skip-default-plugins' to default value 'false'
[INFO ] 2018-05-29 20:25:19,494 [repositories/data | c.o.t.f.GraphDBFreeSchemaRepository] Searching for plugins available in the classpath...
[INFO ] 2018-05-29 20:25:19,496 [repositories/data | c.o.t.s.i.PluginManager] Registering plugin rdfrank
[INFO ] 2018-05-29 20:25:19,496 [repositories/data | c.o.t.s.i.PluginManager] Registering plugin direct
[INFO ] 2018-05-29 20:25:19,497 [repositories/data | c.o.t.s.i.PluginManager] Registering plugin geospatial
[INFO ] 2018-05-29 20:25:19,498 [repositories/data | c.o.t.s.i.PluginManager] Registering plugin notifications
[INFO ] 2018-05-29 20:25:19,499 [repositories/data | c.o.t.s.i.PluginManager] Registering plugin expose-entity
[INFO ] 2018-05-29 20:25:19,500 [repositories/data | c.o.t.s.i.PluginManager] Registering plugin literals-index
[INFO ] 2018-05-29 20:25:19,501 [repositories/data | c.o.t.s.i.PluginManager] Registering plugin script
[INFO ] 2018-05-29 20:25:19,502 [repositories/data | c.o.t.s.i.PluginManager] Registering plugin plugincontrol
[INFO ] 2018-05-29 20:25:19,504 [repositories/data | c.o.t.s.i.PluginManager] Registering plugin magic-predicates
[INFO ] 2018-05-29 20:25:19,505 [repositories/data | c.o.c.AbstractParameter] Configured parameter 'register-plugins' to default value '[]'
[INFO ] 2018-05-29 20:25:19,509 [repositories/data | c.o.GraphDBConfigParameters] Reading external plugins from /opt/graphdb/dist/lib/plugins
[INFO ] 2018-05-29 20:25:19,510 [repositories/data | c.o.c.AbstractParameter] Configured parameter 'register-external-plugins' to default value '[/opt/graphdb/dist/lib/plugins]'
[INFO ] 2018-05-29 20:25:19,511 [repositories/data | c.o.t.f.GraphDBFreeSchemaRepository] Registering external plugins...
[INFO ] 2018-05-29 20:25:19,512 [repositories/data | c.o.t.f.GraphDBFreeSchemaRepository] Scanning /opt/graphdb/dist/lib/plugins/lucene-connector for plugins
[INFO ] 2018-05-29 20:25:19,569 [repositories/data | c.o.t.s.i.PluginManager] Registering plugin lucene-connector
[INFO ] 2018-05-29 20:25:19,569 [repositories/data | c.o.t.f.GraphDBFreeSchemaRepository] Scanning /opt/graphdb/dist/lib/plugins/autocomplete-plugin for plugins
[INFO ] 2018-05-29 20:25:19,578 [repositories/data | c.o.t.s.i.PluginManager] Registering plugin autocomplete
[INFO ] 2018-05-29 20:25:19,579 [repositories/data | c.o.t.f.GraphDBFreeSchemaRepository] Scanning /opt/graphdb/dist/lib/plugins/graphdb-geosparql-plugin for plugins
[INFO ] 2018-05-29 20:25:19,613 [repositories/data | c.o.t.s.i.PluginManager] Registering plugin GeoSPARQL
[INFO ] 2018-05-29 20:25:19,614 [repositories/data | c.o.t.f.GraphDBFreeSchemaRepository] Scanning /opt/graphdb/dist/lib/plugins/dependencies-plugin for plugins
[INFO ] 2018-05-29 20:25:19,626 [repositories/data | c.o.t.s.i.PluginManager] Registering plugin dependencies-plugin
[INFO ] 2018-05-29 20:25:19,627 [repositories/data | c.o.t.f.GraphDBFreeSchemaRepository] Scanning /opt/graphdb/dist/lib/plugins/sparql-mm for plugins
[INFO ] 2018-05-29 20:25:19,631 [repositories/data | c.o.t.s.i.PluginManager] Registering plugin sparql-mm
[INFO ] 2018-05-29 20:25:19,632 [repositories/data | c.o.t.f.GraphDBFreeSchemaRepository] Scanning /opt/graphdb/dist/lib/plugins/lucene for plugins
[INFO ] 2018-05-29 20:25:19,657 [repositories/data | c.o.t.s.i.PluginManager] Registering plugin lucene
[INFO ] 2018-05-29 20:25:19,659 [repositories/data | c.o.c.AbstractParameter] Configured parameter 'disable-plugins' to default value '[]'
[INFO ] 2018-05-29 20:25:19,661 [repositories/data | c.o.t.s.i.PluginManager] Initializing plugins... (DEFAULT)
[INFO ] 2018-05-29 20:25:19,663 [repositories/data | c.o.t.s.i.PluginManager] Initializing plugin 'expose-entity'
[INFO ] 2018-05-29 20:25:19,665 [repositories/data | c.o.t.s.i.PluginManager] Initializing plugin 'autocomplete'
[INFO ] 2018-05-29 20:25:19,670 [repositories/data | c.o.t.p.a.AutocompletePluginUtils] >>>>>>>> AutocompletePlugin: No configuration file found at /opt/graphdb/home/data/repositories/data/storage/autocomplete/config.properties. Assuming default options for plugin.
[INFO ] 2018-05-29 20:25:19,674 [repositories/data | c.o.t.s.i.PluginManager] Initializing plugin 'direct'
[INFO ] 2018-05-29 20:25:19,676 [repositories/data | c.o.t.s.i.PluginManager] Initializing plugin 'lucene'
[INFO ] 2018-05-29 20:25:19,685 [repositories/data | c.o.p.lucene] No Lucene indices were found
[INFO ] 2018-05-29 20:25:19,686 [repositories/data | c.o.t.s.i.PluginManager] Initializing plugin 'plugincontrol'
[INFO ] 2018-05-29 20:25:19,687 [repositories/data | c.o.t.p.p.PluginControlPlugin] Plugin:plugincontrol initialized
[INFO ] 2018-05-29 20:25:19,687 [repositories/data | c.o.t.s.i.PluginManager] Initializing plugin 'script'
[INFO ] 2018-05-29 20:25:19,688 [repositories/data | c.o.t.s.i.PluginManager] Initializing plugin 'magic-predicates'
[INFO ] 2018-05-29 20:25:19,689 [repositories/data | c.o.p.magic-predicates] Registering InverseMagicPredicate: http://spinrdf.org/spif#foreach
[INFO ] 2018-05-29 20:25:19,690 [repositories/data | c.o.p.magic-predicates] Registering TupleFunction: http://jena.hpl.hp.com/ARQ/list#length
[INFO ] 2018-05-29 20:25:19,691 [repositories/data | c.o.p.magic-predicates] Registering InverseMagicPredicate: http://jena.hpl.hp.com/ARQ/property#concat
[INFO ] 2018-05-29 20:25:19,692 [repositories/data | c.o.p.magic-predicates] Registering InverseMagicPredicate: http://spinrdf.org/spif#for
[INFO ] 2018-05-29 20:25:19,693 [repositories/data | c.o.p.magic-predicates] Registering InverseMagicPredicate: http://spinrdf.org/spif#split
[INFO ] 2018-05-29 20:25:19,694 [repositories/data | c.o.p.magic-predicates] Registering TupleFunction: http://jena.hpl.hp.com/ARQ/list#member
[INFO ] 2018-05-29 20:25:19,695 [repositories/data | c.o.p.magic-predicates] Registering TupleFunction: http://jena.hpl.hp.com/ARQ/list#index
[INFO ] 2018-05-29 20:25:19,699 [repositories/data | c.o.p.magic-predicates] Registering InverseMagicPredicate: http://jena.hpl.hp.com/ARQ/property#strSplit
[INFO ] 2018-05-29 20:25:19,700 [repositories/data | c.o.t.s.i.PluginManager] Initializing plugin 'literals-index'
[INFO ] 2018-05-29 20:25:19,825 [repositories/data | c.o.p.literals-index] Literals indices restored.
[INFO ] 2018-05-29 20:25:19,826 [repositories/data | c.o.t.s.i.PluginManager] Initializing plugin 'geospatial'
[INFO ] 2018-05-29 20:25:19,827 [repositories/data | c.o.t.p.g.GeoSpatialPlugin] Plugin:geospatial initialized
[INFO ] 2018-05-29 20:25:19,828 [repositories/data | c.o.t.s.i.PluginManager] Initializing plugin 'sparql-mm'
[INFO ] 2018-05-29 20:25:19,882 [repositories/data | c.o.g.s.FunctionLoader] Registered 48 functions from package com.github.tkurz.sparqlmm.function.
[INFO ] 2018-05-29 20:25:19,883 [repositories/data | c.o.t.s.i.PluginManager] Initializing plugin 'dependencies-plugin'
[INFO ] 2018-05-29 20:25:19,885 [repositories/data | c.o.t.s.i.PluginManager] Initializing plugin 'GeoSPARQL'
[INFO ] 2018-05-29 20:25:21,348 [repositories/data | c.o.t.g.FunctionLoader] Registered 50 functions from package com.useekm.geosparql.
[INFO ] 2018-05-29 20:25:21,348 [repositories/data | c.o.t.s.i.PluginManager] Initializing plugin 'lucene-connector'
[INFO ] 2018-05-29 20:25:21,375 [repositories/data | c.o.t.s.i.PluginManager] Initializing plugin 'rdfrank'
[INFO ] 2018-05-29 20:25:21,377 [repositories/data | c.o.t.s.i.PluginManager] Initializing plugin 'notifications'
[INFO ] 2018-05-29 20:25:21,380 [repositories/data | c.o.t.s.i.PluginManager] Finished initializing plugins
[INFO ] 2018-05-29 20:25:21,383 [repositories/data | c.o.c.AbstractParameter] Configured parameter 'graphdb.page.cache.size' to default value '981.5M'
[INFO ] 2018-05-29 20:25:21,712 [repositories/data | c.o.r.p.ParallelLoader] Using 4 threads for inference
[INFO ] 2018-05-29 20:25:22,824 [repositories/data | o.e.r.h.s.r.t.GraphDBTransactionStartController] POST transaction start
[INFO ] 2018-05-29 20:25:22,858 [repositories/data | o.e.r.h.s.r.t.GraphDBTransactionStartController] transaction started
[INFO ] 2018-05-29 20:25:22,910 [repositories/data | o.e.r.h.s.r.t.TransactionController] PUT txn operation
[INFO ] 2018-05-29 20:25:22,937 [repositories/data | o.e.r.h.s.r.t.TransactionController] PUT txn operation request finished.
[INFO ] 2018-05-29 20:25:22,956 [repositories/data | o.e.r.h.s.r.t.TransactionController] PUT txn operation
[INFO ] 2018-05-29 20:25:25,685 [repositories/data | o.e.r.h.s.r.t.TransactionController] PUT txn operation request finished.
[INFO ] 2018-05-29 20:25:25,693 [repositories/data | o.e.r.h.s.r.t.GraphDBTransactionStartController] POST transaction start
[INFO ] 2018-05-29 20:25:25,701 [repositories/data | o.e.r.h.s.r.t.GraphDBTransactionStartController] transaction started
[INFO ] 2018-05-29 20:25:25,709 [repositories/data | o.e.r.h.s.r.t.TransactionController] POST txn operation
[INFO ] 2018-05-29 20:25:25,749 [rdf4j-transaction-0 | c.o.c.AbstractParameter] Configured parameter 'deduplicate.construct' to default value 'true'
[INFO ] 2018-05-29 20:25:25,750 [rdf4j-transaction-0 | c.o.c.AbstractParameter] Configured parameter 'reuse.vars.in.subselects' to default value 'false'
[INFO ] 2018-05-29 20:25:25,752 [repositories/data | o.e.r.h.s.r.t.TransactionController] PUT txn operation request finished.
[INFO ] 2018-05-29 20:25:25,777 [repositories/data | o.e.r.h.s.r.t.TransactionController] PUT txn operation
[INFO ] 2018-05-29 20:25:26,067 [repositories/data | o.e.r.h.s.r.t.TransactionController] PUT txn operation request finished.
[INFO ] 2018-05-29 20:26:26,215 [repositories/r2rml | c.o.f.s.RepositoryController] POST query -1797107632
[INFO ] 2018-05-29 20:26:26,260 [repositories/r2rml | o.e.r.h.s.r.GraphQueryResultView] Request for query 3392903 is finished
[INFO ] 2018-05-29 20:26:27,973 [repositories/data | o.e.r.h.s.r.t.GraphDBTransactionStartController] POST transaction start
[INFO ] 2018-05-29 20:26:27,983 [repositories/data | o.e.r.h.s.r.t.GraphDBTransactionStartController] transaction started
[INFO ] 2018-05-29 20:26:27,999 [repositories/data | o.e.r.h.s.r.t.TransactionController] PUT txn operation
[INFO ] 2018-05-29 20:26:28,007 [repositories/data | o.e.r.h.s.r.t.TransactionController] PUT txn operation request finished.
[INFO ] 2018-05-29 20:26:28,021 [repositories/data | o.e.r.h.s.r.t.TransactionController] PUT txn operation
[INFO ] 2018-05-29 20:26:28,233 [repositories/data | o.e.r.h.s.r.t.TransactionController] PUT txn operation request finished.
[INFO ] 2018-05-29 20:26:28,241 [repositories/data | o.e.r.h.s.r.t.GraphDBTransactionStartController] POST transaction start
[INFO ] 2018-05-29 20:26:28,252 [repositories/data | o.e.r.h.s.r.t.GraphDBTransactionStartController] transaction started
[INFO ] 2018-05-29 20:26:28,265 [repositories/data | o.e.r.h.s.r.t.TransactionController] POST txn operation
[INFO ] 2018-05-29 20:26:28,322 [repositories/data | o.e.r.h.s.r.t.TransactionController] PUT txn operation request finished.
[INFO ] 2018-05-29 20:26:28,330 [repositories/data | o.e.r.h.s.r.t.TransactionController] PUT txn operation
[INFO ] 2018-05-29 20:26:28,779 [repositories/data | o.e.r.h.s.r.t.TransactionController] PUT txn operation request finished.
[INFO ] 2018-05-29 20:27:28,929 [repositories/r2rml | c.o.f.s.RepositoryController] POST query -1797107632
[INFO ] 2018-05-29 20:27:28,965 [repositories/r2rml | o.e.r.h.s.r.GraphQueryResultView] Request for query 3392903 is finished
[INFO ] 2018-05-29 20:27:34,585 [repositories/data | o.e.r.h.s.r.t.GraphDBTransactionStartController] POST transaction start
[INFO ] 2018-05-29 20:27:34,656 [repositories/data | o.e.r.h.s.r.t.GraphDBTransactionStartController] transaction started
[INFO ] 2018-05-29 20:27:34,672 [repositories/data | o.e.r.h.s.r.t.TransactionController] PUT txn operation
[INFO ] 2018-05-29 20:27:34,697 [repositories/data | o.e.r.h.s.r.t.TransactionController] PUT txn operation request finished.
[INFO ] 2018-05-29 20:27:34,716 [repositories/data | o.e.r.h.s.r.t.TransactionController] PUT txn operation
[INFO ] 2018-05-29 20:27:39,922 [repositories/data | o.e.r.h.s.r.t.TransactionController] PUT txn operation request finished.
[INFO ] 2018-05-29 20:27:39,931 [repositories/data | o.e.r.h.s.r.t.GraphDBTransactionStartController] POST transaction start
[INFO ] 2018-05-29 20:27:39,945 [repositories/data | o.e.r.h.s.r.t.GraphDBTransactionStartController] transaction started
[INFO ] 2018-05-29 20:27:39,970 [repositories/data | o.e.r.h.s.r.t.TransactionController] POST txn operation
[INFO ] 2018-05-29 20:27:40,034 [repositories/data | o.e.r.h.s.r.t.TransactionController] PUT txn operation request finished.
[INFO ] 2018-05-29 20:27:40,066 [repositories/data | o.e.r.h.s.r.t.TransactionController] PUT txn operation
[INFO ] 2018-05-29 20:27:41,342 [repositories/data | o.e.r.h.s.r.t.TransactionController] PUT txn operation request finished.
[INFO ] 2018-05-29 20:28:41,496 [repositories/r2rml | c.o.f.s.RepositoryController] POST query -1797107632
[INFO ] 2018-05-29 20:28:41,518 [repositories/r2rml | o.e.r.h.s.r.GraphQueryResultView] Request for query 3392903 is finished
[INFO ] 2018-05-29 20:28:44,101 [repositories/data | o.e.r.h.s.r.t.GraphDBTransactionStartController] POST transaction start
[INFO ] 2018-05-29 20:28:44,127 [repositories/data | o.e.r.h.s.r.t.GraphDBTransactionStartController] transaction started
[INFO ] 2018-05-29 20:28:44,152 [repositories/data | o.e.r.h.s.r.t.TransactionController] PUT txn operation
[INFO ] 2018-05-29 20:28:44,172 [repositories/data | o.e.r.h.s.r.t.TransactionController] PUT txn operation request finished.
[INFO ] 2018-05-29 20:28:44,193 [repositories/data | o.e.r.h.s.r.t.TransactionController] PUT txn operation
[INFO ] 2018-05-29 20:28:46,276 [repositories/data | o.e.r.h.s.r.t.TransactionController] PUT txn operation request finished.
[INFO ] 2018-05-29 20:28:46,289 [repositories/data | o.e.r.h.s.r.t.GraphDBTransactionStartController] POST transaction start
[INFO ] 2018-05-29 20:28:46,301 [repositories/data | o.e.r.h.s.r.t.GraphDBTransactionStartController] transaction started
[INFO ] 2018-05-29 20:28:46,326 [repositories/data | o.e.r.h.s.r.t.TransactionController] POST txn operation
[INFO ] 2018-05-29 20:28:46,358 [repositories/data | o.e.r.h.s.r.t.TransactionController] PUT txn operation request finished.
[INFO ] 2018-05-29 20:28:46,378 [repositories/data | o.e.r.h.s.r.t.TransactionController] PUT txn operation
[INFO ] 2018-05-29 20:28:46,976 [repositories/data | o.e.r.h.s.r.t.TransactionController] PUT txn operation request finished.
[INFO ] 2018-05-29 20:29:42,332 [repositories/r2rml | c.o.g.s.StatementsController] POST SPARQL update request to repository
[INFO ] 2018-05-29 20:29:42,403 [repositories/r2rml | c.o.t.InferencerFactory] ruleSet=rdfsplus-optimized, partialRdfs=false
[INFO ] 2018-05-29 20:29:43,004 [repositories/r2rml | c.o.g.s.StatementsController] POST SPARQL update request to repository
[INFO ] 2018-05-29 20:29:47,106 [repositories/r2rml | c.o.f.s.RepositoryController] POST query -1797107632
[INFO ] 2018-05-29 20:29:47,138 [repositories/r2rml | o.e.r.h.s.r.GraphQueryResultView] Request for query 3392903 is finished
[INFO ] 2018-05-29 20:29:48,898 [repositories/data | o.e.r.h.s.r.t.GraphDBTransactionStartController] POST transaction start
[INFO ] 2018-05-29 20:29:48,908 [repositories/data | o.e.r.h.s.r.t.GraphDBTransactionStartController] transaction started
[INFO ] 2018-05-29 20:29:48,919 [repositories/data | o.e.r.h.s.r.t.TransactionController] PUT txn operation
[INFO ] 2018-05-29 20:29:48,950 [repositories/data | o.e.r.h.s.r.t.TransactionController] PUT txn operation request finished.
[INFO ] 2018-05-29 20:29:48,964 [repositories/data | o.e.r.h.s.r.t.TransactionController] PUT txn operation
[INFO ] 2018-05-29 20:29:50,330 [repositories/data | o.e.r.h.s.r.t.TransactionController] PUT txn operation request finished.
[INFO ] 2018-05-29 20:29:50,341 [repositories/data | o.e.r.h.s.r.t.GraphDBTransactionStartController] POST transaction start
[INFO ] 2018-05-29 20:29:50,367 [repositories/data | o.e.r.h.s.r.t.GraphDBTransactionStartController] transaction started
[INFO ] 2018-05-29 20:29:50,393 [repositories/data | o.e.r.h.s.r.t.TransactionController] POST txn operation
[INFO ] 2018-05-29 20:29:50,480 [repositories/data | o.e.r.h.s.r.t.TransactionController] PUT txn operation request finished.
[INFO ] 2018-05-29 20:29:50,507 [repositories/data | o.e.r.h.s.r.t.TransactionController] PUT txn operation
[INFO ] 2018-05-29 20:29:50,928 [repositories/data | o.e.r.h.s.r.t.TransactionController] PUT txn operation request finished.
[INFO ] 2018-05-29 20:30:51,117 [repositories/r2rml | c.o.f.s.RepositoryController] POST query -1797107632
[INFO ] 2018-05-29 20:30:51,134 [repositories/r2rml | o.e.r.h.s.r.GraphQueryResultView] Request for query 3392903 is finished
[INFO ] 2018-05-29 20:30:53,431 [repositories/data | o.e.r.h.s.r.t.GraphDBTransactionStartController] POST transaction start
[INFO ] 2018-05-29 20:30:53,442 [repositories/data | o.e.r.h.s.r.t.GraphDBTransactionStartController] transaction started
[INFO ] 2018-05-29 20:30:53,450 [repositories/data | o.e.r.h.s.r.t.TransactionController] PUT txn operation
[INFO ] 2018-05-29 20:30:53,454 [repositories/data | o.e.r.h.s.r.t.TransactionController] PUT txn operation request finished.
[INFO ] 2018-05-29 20:30:53,463 [repositories/data | o.e.r.h.s.r.t.TransactionController] PUT txn operation
[INFO ] 2018-05-29 20:30:54,832 [repositories/data | o.e.r.h.s.r.t.TransactionController] PUT txn operation request finished.
[INFO ] 2018-05-29 20:30:54,838 [repositories/data | o.e.r.h.s.r.t.GraphDBTransactionStartController] POST transaction start
[INFO ] 2018-05-29 20:30:54,849 [repositories/data | o.e.r.h.s.r.t.GraphDBTransactionStartController] transaction started
[INFO ] 2018-05-29 20:30:54,857 [repositories/data | o.e.r.h.s.r.t.TransactionController] POST txn operation
[INFO ] 2018-05-29 20:30:54,877 [repositories/data | o.e.r.h.s.r.t.TransactionController] PUT txn operation request finished.
[INFO ] 2018-05-29 20:30:54,885 [repositories/data | o.e.r.h.s.r.t.TransactionController] PUT txn operation
[INFO ] 2018-05-29 20:30:55,396 [repositories/data | o.e.r.h.s.r.t.TransactionController] PUT txn operation request finished.
[INFO ] 2018-05-29 20:31:49,857 [repositories/r2rml | c.o.f.s.RepositoryController] GET query 227432882
[INFO ] 2018-05-29 20:31:49,909 [repositories/r2rml | o.e.r.h.s.r.TupleQueryResultView] Request for query 227432882 is finished
[INFO ] 2018-05-29 20:31:55,517 [repositories/r2rml | c.o.f.s.RepositoryController] POST query -1797107632
[INFO ] 2018-05-29 20:31:55,529 [repositories/r2rml | o.e.r.h.s.r.GraphQueryResultView] Request for query 3392903 is finished
[INFO ] 2018-05-29 20:31:57,538 [repositories/data | o.e.r.h.s.r.t.GraphDBTransactionStartController] POST transaction start
[INFO ] 2018-05-29 20:31:57,553 [repositories/data | o.e.r.h.s.r.t.GraphDBTransactionStartController] transaction started
[INFO ] 2018-05-29 20:31:57,567 [repositories/data | o.e.r.h.s.r.t.TransactionController] PUT txn operation
[INFO ] 2018-05-29 20:31:57,569 [repositories/data | o.e.r.h.s.r.t.TransactionController] PUT txn operation request finished.
[INFO ] 2018-05-29 20:31:57,581 [repositories/data | o.e.r.h.s.r.t.TransactionController] PUT txn operation
[INFO ] 2018-05-29 20:31:58,937 [repositories/data | o.e.r.h.s.r.t.TransactionController] PUT txn operation request finished.
[INFO ] 2018-05-29 20:31:58,943 [repositories/data | o.e.r.h.s.r.t.GraphDBTransactionStartController] POST transaction start
[INFO ] 2018-05-29 20:31:58,950 [repositories/data | o.e.r.h.s.r.t.GraphDBTransactionStartController] transaction started
[INFO ] 2018-05-29 20:31:58,970 [repositories/data | o.e.r.h.s.r.t.TransactionController] POST txn operation
[INFO ] 2018-05-29 20:31:59,017 [repositories/data | o.e.r.h.s.r.t.TransactionController] PUT txn operation request finished.
[INFO ] 2018-05-29 20:31:59,051 [repositories/data | o.e.r.h.s.r.t.TransactionController] PUT txn operation
[INFO ] 2018-05-29 20:31:59,873 [repositories/data | o.e.r.h.s.r.t.TransactionController] PUT txn operation request finished.
[INFO ] 2018-05-29 20:33:00,065 [repositories/r2rml | c.o.f.s.RepositoryController] POST query -1797107632
[INFO ] 2018-05-29 20:33:00,079 [repositories/r2rml | o.e.r.h.s.r.GraphQueryResultView] Request for query 3392903 is finished
[INFO ] 2018-05-29 20:33:01,917 [repositories/data | o.e.r.h.s.r.t.GraphDBTransactionStartController] POST transaction start
[INFO ] 2018-05-29 20:33:01,927 [repositories/data | o.e.r.h.s.r.t.GraphDBTransactionStartController] transaction started
[INFO ] 2018-05-29 20:33:01,938 [repositories/data | o.e.r.h.s.r.t.TransactionController] PUT txn operation
[INFO ] 2018-05-29 20:33:01,943 [repositories/data | o.e.r.h.s.r.t.TransactionController] PUT txn operation request finished.
[INFO ] 2018-05-29 20:33:01,952 [repositories/data | o.e.r.h.s.r.t.TransactionController] PUT txn operation
[INFO ] 2018-05-29 20:33:03,256 [repositories/data | o.e.r.h.s.r.t.TransactionController] PUT txn operation request finished.
[INFO ] 2018-05-29 20:33:03,263 [repositories/data | o.e.r.h.s.r.t.GraphDBTransactionStartController] POST transaction start
[INFO ] 2018-05-29 20:33:03,274 [repositories/data | o.e.r.h.s.r.t.GraphDBTransactionStartController] transaction started
[INFO ] 2018-05-29 20:33:03,286 [repositories/data | o.e.r.h.s.r.t.TransactionController] POST txn operation
[INFO ] 2018-05-29 20:33:03,302 [repositories/data | o.e.r.h.s.r.t.TransactionController] PUT txn operation request finished.
[INFO ] 2018-05-29 20:33:03,314 [repositories/data | o.e.r.h.s.r.t.TransactionController] PUT txn operation
[INFO ] 2018-05-29 20:33:03,741 [repositories/data | o.e.r.h.s.r.t.TransactionController] PUT txn operation request finished.
[INFO ] 2018-05-29 20:34:03,870 [repositories/r2rml | c.o.f.s.RepositoryController] POST query -1797107632
[INFO ] 2018-05-29 20:34:03,887 [repositories/r2rml | o.e.r.h.s.r.GraphQueryResultView] Request for query 3392903 is finished
[INFO ] 2018-05-29 20:34:05,709 [repositories/data | o.e.r.h.s.r.t.GraphDBTransactionStartController] POST transaction start
[INFO ] 2018-05-29 20:34:05,722 [repositories/data | o.e.r.h.s.r.t.GraphDBTransactionStartController] transaction started
[INFO ] 2018-05-29 20:34:05,732 [repositories/data | o.e.r.h.s.r.t.TransactionController] PUT txn operation
[INFO ] 2018-05-29 20:34:05,742 [repositories/data | o.e.r.h.s.r.t.TransactionController] PUT txn operation request finished.
[INFO ] 2018-05-29 20:34:05,750 [repositories/data | o.e.r.h.s.r.t.TransactionController] PUT txn operation
[INFO ] 2018-05-29 20:34:07,090 [repositories/data | o.e.r.h.s.r.t.TransactionController] PUT txn operation request finished.
[INFO ] 2018-05-29 20:34:07,104 [repositories/data | o.e.r.h.s.r.t.GraphDBTransactionStartController] POST transaction start
[INFO ] 2018-05-29 20:34:07,111 [repositories/data | o.e.r.h.s.r.t.GraphDBTransactionStartController] transaction started
[INFO ] 2018-05-29 20:34:07,124 [repositories/data | o.e.r.h.s.r.t.TransactionController] POST txn operation
[INFO ] 2018-05-29 20:34:07,169 [repositories/data | o.e.r.h.s.r.t.TransactionController] PUT txn operation request finished.
[INFO ] 2018-05-29 20:34:07,184 [repositories/data | o.e.r.h.s.r.t.TransactionController] PUT txn operation
[INFO ] 2018-05-29 20:34:07,534 [repositories/data | o.e.r.h.s.r.t.TransactionController] PUT txn operation request finished.
[INFO ] 2018-05-29 20:35:07,675 [repositories/r2rml | c.o.f.s.RepositoryController] POST query -1797107632
[INFO ] 2018-05-29 20:35:07,690 [repositories/r2rml | o.e.r.h.s.r.GraphQueryResultView] Request for query 3392903 is finished
[INFO ] 2018-05-29 20:35:09,374 [repositories/data | o.e.r.h.s.r.t.GraphDBTransactionStartController] POST transaction start
[INFO ] 2018-05-29 20:35:09,382 [repositories/data | o.e.r.h.s.r.t.GraphDBTransactionStartController] transaction started
[INFO ] 2018-05-29 20:35:09,392 [repositories/data | o.e.r.h.s.r.t.TransactionController] PUT txn operation
[INFO ] 2018-05-29 20:35:09,395 [repositories/data | o.e.r.h.s.r.t.TransactionController] PUT txn operation request finished.
[INFO ] 2018-05-29 20:35:09,403 [repositories/data | o.e.r.h.s.r.t.TransactionController] PUT txn operation
[INFO ] 2018-05-29 20:35:10,590 [repositories/data | o.e.r.h.s.r.t.TransactionController] PUT txn operation request finished.
[INFO ] 2018-05-29 20:35:10,599 [repositories/data | o.e.r.h.s.r.t.GraphDBTransactionStartController] POST transaction start
[INFO ] 2018-05-29 20:35:10,609 [repositories/data | o.e.r.h.s.r.t.GraphDBTransactionStartController] transaction started
[INFO ] 2018-05-29 20:35:10,618 [repositories/data | o.e.r.h.s.r.t.TransactionController] POST txn operation
[INFO ] 2018-05-29 20:35:10,630 [repositories/data | o.e.r.h.s.r.t.TransactionController] PUT txn operation request finished.
[INFO ] 2018-05-29 20:35:10,640 [repositories/data | o.e.r.h.s.r.t.TransactionController] PUT txn operation
[INFO ] 2018-05-29 20:35:11,068 [repositories/data | o.e.r.h.s.r.t.TransactionController] PUT txn operation request finished.
[INFO ] 2018-05-29 20:36:11,176 [repositories/r2rml | c.o.f.s.RepositoryController] POST query -1797107632
[INFO ] 2018-05-29 20:36:11,188 [repositories/r2rml | o.e.r.h.s.r.GraphQueryResultView] Request for query 3392903 is finished
[INFO ] 2018-05-29 20:36:13,372 [repositories/data | o.e.r.h.s.r.t.GraphDBTransactionStartController] POST transaction start
[INFO ] 2018-05-29 20:36:13,393 [repositories/data | o.e.r.h.s.r.t.GraphDBTransactionStartController] transaction started
[INFO ] 2018-05-29 20:36:13,402 [repositories/data | o.e.r.h.s.r.t.TransactionController] PUT txn operation
[INFO ] 2018-05-29 20:36:13,406 [repositories/data | o.e.r.h.s.r.t.TransactionController] PUT txn operation request finished.
[INFO ] 2018-05-29 20:36:13,425 [repositories/data | o.e.r.h.s.r.t.TransactionController] PUT txn operation
[INFO ] 2018-05-29 20:36:14,794 [repositories/data | o.e.r.h.s.r.t.TransactionController] PUT txn operation request finished.
[INFO ] 2018-05-29 20:36:14,803 [repositories/data | o.e.r.h.s.r.t.GraphDBTransactionStartController] POST transaction start
[INFO ] 2018-05-29 20:36:14,813 [repositories/data | o.e.r.h.s.r.t.GraphDBTransactionStartController] transaction started
[INFO ] 2018-05-29 20:36:14,835 [repositories/data | o.e.r.h.s.r.t.TransactionController] POST txn operation
[INFO ] 2018-05-29 20:36:14,847 [repositories/data | o.e.r.h.s.r.t.TransactionController] PUT txn operation request finished.
[INFO ] 2018-05-29 20:36:14,855 [repositories/data | o.e.r.h.s.r.t.TransactionController] PUT txn operation
[INFO ] 2018-05-29 20:36:15,299 [repositories/data | o.e.r.h.s.r.t.TransactionController] PUT txn operation request finished.
[INFO ] 2018-05-29 20:37:15,427 [repositories/r2rml | c.o.f.s.RepositoryController] POST query -1797107632
[INFO ] 2018-05-29 20:37:15,441 [repositories/r2rml | o.e.r.h.s.r.GraphQueryResultView] Request for query 3392903 is finished
[INFO ] 2018-05-29 20:37:17,276 [repositories/data | o.e.r.h.s.r.t.GraphDBTransactionStartController] POST transaction start
[INFO ] 2018-05-29 20:37:17,286 [repositories/data | o.e.r.h.s.r.t.GraphDBTransactionStartController] transaction started
[INFO ] 2018-05-29 20:37:17,295 [repositories/data | o.e.r.h.s.r.t.TransactionController] PUT txn operation
[INFO ] 2018-05-29 20:37:17,298 [repositories/data | o.e.r.h.s.r.t.TransactionController] PUT txn operation request finished.
[INFO ] 2018-05-29 20:37:17,311 [repositories/data | o.e.r.h.s.r.t.TransactionController] PUT txn operation
[INFO ] 2018-05-29 20:37:18,859 [repositories/data | o.e.r.h.s.r.t.TransactionController] PUT txn operation request finished.
[INFO ] 2018-05-29 20:37:18,867 [repositories/data | o.e.r.h.s.r.t.GraphDBTransactionStartController] POST transaction start
[INFO ] 2018-05-29 20:37:18,876 [repositories/data | o.e.r.h.s.r.t.GraphDBTransactionStartController] transaction started
[INFO ] 2018-05-29 20:37:18,886 [repositories/data | o.e.r.h.s.r.t.TransactionController] POST txn operation
[INFO ] 2018-05-29 20:37:18,899 [repositories/data | o.e.r.h.s.r.t.TransactionController] PUT txn operation request finished.
[INFO ] 2018-05-29 20:37:18,907 [repositories/data | o.e.r.h.s.r.t.TransactionController] PUT txn operation
[INFO ] 2018-05-29 20:37:19,595 [repositories/data | o.e.r.h.s.r.t.TransactionController] PUT txn operation request finished.
[INFO ] 2018-05-29 20:38:19,740 [repositories/r2rml | c.o.f.s.RepositoryController] POST query -1797107632
[INFO ] 2018-05-29 20:38:19,756 [repositories/r2rml | o.e.r.h.s.r.GraphQueryResultView] Request for query 3392903 is finished
[INFO ] 2018-05-29 20:38:21,413 [repositories/data | o.e.r.h.s.r.t.GraphDBTransactionStartController] POST transaction start
[INFO ] 2018-05-29 20:38:21,421 [repositories/data | o.e.r.h.s.r.t.GraphDBTransactionStartController] transaction started
[INFO ] 2018-05-29 20:38:21,430 [repositories/data | o.e.r.h.s.r.t.TransactionController] PUT txn operation
[INFO ] 2018-05-29 20:38:21,434 [repositories/data | o.e.r.h.s.r.t.TransactionController] PUT txn operation request finished.
[INFO ] 2018-05-29 20:38:21,441 [repositories/data | o.e.r.h.s.r.t.TransactionController] PUT txn operation
[INFO ] 2018-05-29 20:38:22,637 [repositories/data | o.e.r.h.s.r.t.TransactionController] PUT txn operation request finished.
[INFO ] 2018-05-29 20:38:22,659 [repositories/data | o.e.r.h.s.r.t.GraphDBTransactionStartController] POST transaction start
[INFO ] 2018-05-29 20:38:22,672 [repositories/data | o.e.r.h.s.r.t.GraphDBTransactionStartController] transaction started
[INFO ] 2018-05-29 20:38:22,689 [repositories/data | o.e.r.h.s.r.t.TransactionController] POST txn operation
[INFO ] 2018-05-29 20:38:22,705 [repositories/data | o.e.r.h.s.r.t.TransactionController] PUT txn operation request finished.
[INFO ] 2018-05-29 20:38:22,721 [repositories/data | o.e.r.h.s.r.t.TransactionController] PUT txn operation
[INFO ] 2018-05-29 20:38:23,239 [repositories/data | o.e.r.h.s.r.t.TransactionController] PUT txn operation request finished.
[INFO ] 2018-05-29 20:38:50,380 [repositories/r2rml | c.o.g.s.StatementsController] POST SPARQL update request to repository
[INFO ] 2018-05-29 20:39:03,860 [repositories/data | c.o.f.s.RepositoryController] GET query -888361294
[INFO ] 2018-05-29 20:39:03,910 [repositories/data | o.e.r.h.s.r.TupleQueryResultView] Request for query -888361294 is finished
[INFO ] 2018-05-29 20:39:23,369 [repositories/r2rml | c.o.f.s.RepositoryController] POST query -1797107632
[INFO ] 2018-05-29 20:39:23,385 [repositories/r2rml | o.e.r.h.s.r.GraphQueryResultView] Request for query 3392903 is finished
[INFO ] 2018-05-29 20:39:25,363 [repositories/data | o.e.r.h.s.r.t.GraphDBTransactionStartController] POST transaction start
[INFO ] 2018-05-29 20:39:25,374 [repositories/data | o.e.r.h.s.r.t.GraphDBTransactionStartController] transaction started
[INFO ] 2018-05-29 20:39:25,383 [repositories/data | o.e.r.h.s.r.t.TransactionController] PUT txn operation
[INFO ] 2018-05-29 20:39:25,389 [repositories/data | o.e.r.h.s.r.t.TransactionController] PUT txn operation request finished.
[INFO ] 2018-05-29 20:39:25,396 [repositories/data | o.e.r.h.s.r.t.TransactionController] PUT txn operation
[INFO ] 2018-05-29 20:39:26,699 [repositories/data | o.e.r.h.s.r.t.TransactionController] PUT txn operation request finished.
[INFO ] 2018-05-29 20:39:26,707 [repositories/data | o.e.r.h.s.r.t.GraphDBTransactionStartController] POST transaction start
[INFO ] 2018-05-29 20:39:26,713 [repositories/data | o.e.r.h.s.r.t.GraphDBTransactionStartController] transaction started
[INFO ] 2018-05-29 20:39:26,722 [repositories/data | o.e.r.h.s.r.t.TransactionController] POST txn operation
[INFO ] 2018-05-29 20:39:26,767 [repositories/data | o.e.r.h.s.r.t.TransactionController] PUT txn operation request finished.
[INFO ] 2018-05-29 20:39:26,776 [repositories/data | o.e.r.h.s.r.t.TransactionController] PUT txn operation
[INFO ] 2018-05-29 20:39:27,484 [repositories/data | o.e.r.h.s.r.t.TransactionController] PUT txn operation request finished.
[INFO ] 2018-05-29 20:40:27,647 [repositories/r2rml | c.o.f.s.RepositoryController] POST query -1797107632
[INFO ] 2018-05-29 20:40:27,669 [repositories/r2rml | o.e.r.h.s.r.GraphQueryResultView] Request for query 3392903 is finished
[INFO ] 2018-05-29 20:40:29,335 [repositories/data | o.e.r.h.s.r.t.GraphDBTransactionStartController] POST transaction start
[INFO ] 2018-05-29 20:40:29,346 [repositories/data | o.e.r.h.s.r.t.GraphDBTransactionStartController] transaction started
[INFO ] 2018-05-29 20:40:29,354 [repositories/data | o.e.r.h.s.r.t.TransactionController] PUT txn operation
[INFO ] 2018-05-29 20:40:29,356 [repositories/data | o.e.r.h.s.r.t.TransactionController] PUT txn operation request finished.
[INFO ] 2018-05-29 20:40:29,362 [repositories/data | o.e.r.h.s.r.t.TransactionController] PUT txn operation
[INFO ] 2018-05-29 20:40:30,688 [repositories/data | o.e.r.h.s.r.t.TransactionController] PUT txn operation request finished.
[INFO ] 2018-05-29 20:40:30,695 [repositories/data | o.e.r.h.s.r.t.GraphDBTransactionStartController] POST transaction start
[INFO ] 2018-05-29 20:40:30,702 [repositories/data | o.e.r.h.s.r.t.GraphDBTransactionStartController] transaction started
[INFO ] 2018-05-29 20:40:30,713 [repositories/data | o.e.r.h.s.r.t.TransactionController] POST txn operation
[INFO ] 2018-05-29 20:40:30,748 [repositories/data | o.e.r.h.s.r.t.TransactionController] PUT txn operation request finished.
[INFO ] 2018-05-29 20:40:30,766 [repositories/data | o.e.r.h.s.r.t.TransactionController] PUT txn operation
[INFO ] 2018-05-29 20:40:31,190 [repositories/data | o.e.r.h.s.r.t.TransactionController] PUT txn operation request finished.
[INFO ] 2018-05-29 20:40:44,461 [repositories/data | c.o.f.s.RepositoryController] GET query 1203323182
[INFO ] 2018-05-29 20:40:44,857 [repositories/data | o.e.r.h.s.r.TupleQueryResultView] Request for query 1203323182 is finished
[INFO ] 2018-05-29 20:41:31,361 [repositories/r2rml | c.o.f.s.RepositoryController] POST query -1797107632
[INFO ] 2018-05-29 20:41:31,377 [repositories/r2rml | o.e.r.h.s.r.GraphQueryResultView] Request for query 3392903 is finished
[INFO ] 2018-05-29 20:41:33,910 [repositories/data | o.e.r.h.s.r.t.GraphDBTransactionStartController] POST transaction start
[INFO ] 2018-05-29 20:41:33,921 [repositories/data | o.e.r.h.s.r.t.GraphDBTransactionStartController] transaction started
[INFO ] 2018-05-29 20:41:33,932 [repositories/data | o.e.r.h.s.r.t.TransactionController] PUT txn operation
[INFO ] 2018-05-29 20:41:33,941 [repositories/data | o.e.r.h.s.r.t.TransactionController] PUT txn operation request finished.
[INFO ] 2018-05-29 20:41:33,950 [repositories/data | o.e.r.h.s.r.t.TransactionController] PUT txn operation
[INFO ] 2018-05-29 20:41:35,288 [repositories/data | o.e.r.h.s.r.t.TransactionController] PUT txn operation request finished.
[INFO ] 2018-05-29 20:41:35,295 [repositories/data | o.e.r.h.s.r.t.GraphDBTransactionStartController] POST transaction start
[INFO ] 2018-05-29 20:41:35,304 [repositories/data | o.e.r.h.s.r.t.GraphDBTransactionStartController] transaction started
[INFO ] 2018-05-29 20:41:35,313 [repositories/data | o.e.r.h.s.r.t.TransactionController] POST txn operation
[INFO ] 2018-05-29 20:41:35,325 [repositories/data | o.e.r.h.s.r.t.TransactionController] PUT txn operation request finished.
[INFO ] 2018-05-29 20:41:35,338 [repositories/data | o.e.r.h.s.r.t.TransactionController] PUT txn operation
[INFO ] 2018-05-29 20:41:35,742 [repositories/data | o.e.r.h.s.r.t.TransactionController] PUT txn operation request finished.
[INFO ] 2018-05-29 20:42:35,868 [repositories/r2rml | c.o.f.s.RepositoryController] POST query -1797107632
[INFO ] 2018-05-29 20:42:35,890 [repositories/r2rml | o.e.r.h.s.r.GraphQueryResultView] Request for query 3392903 is finished
[INFO ] 2018-05-29 20:42:37,707 [repositories/data | o.e.r.h.s.r.t.GraphDBTransactionStartController] POST transaction start
[INFO ] 2018-05-29 20:42:37,723 [repositories/data | o.e.r.h.s.r.t.GraphDBTransactionStartController] transaction started
[INFO ] 2018-05-29 20:42:37,731 [repositories/data | o.e.r.h.s.r.t.TransactionController] PUT txn operation
[INFO ] 2018-05-29 20:42:37,734 [repositories/data | o.e.r.h.s.r.t.TransactionController] PUT txn operation request finished.
[INFO ] 2018-05-29 20:42:37,745 [repositories/data | o.e.r.h.s.r.t.TransactionController] PUT txn operation
[INFO ] 2018-05-29 20:42:39,236 [repositories/data | o.e.r.h.s.r.t.TransactionController] PUT txn operation request finished.
[INFO ] 2018-05-29 20:42:39,244 [repositories/data | o.e.r.h.s.r.t.GraphDBTransactionStartController] POST transaction start
[INFO ] 2018-05-29 20:42:39,254 [repositories/data | o.e.r.h.s.r.t.GraphDBTransactionStartController] transaction started
[INFO ] 2018-05-29 20:42:39,268 [repositories/data | o.e.r.h.s.r.t.TransactionController] POST txn operation
[INFO ] 2018-05-29 20:42:39,301 [repositories/data | o.e.r.h.s.r.t.TransactionController] PUT txn operation request finished.
[INFO ] 2018-05-29 20:42:39,327 [repositories/data | o.e.r.h.s.r.t.TransactionController] PUT txn operation
[INFO ] 2018-05-29 20:42:39,783 [repositories/data | o.e.r.h.s.r.t.TransactionController] PUT txn operation request finished.
[INFO ] 2018-05-29 20:43:39,926 [repositories/r2rml | c.o.f.s.RepositoryController] POST query -1797107632
[INFO ] 2018-05-29 20:43:39,936 [repositories/r2rml | o.e.r.h.s.r.GraphQueryResultView] Request for query 3392903 is finished
[INFO ] 2018-05-29 20:43:41,743 [repositories/data | o.e.r.h.s.r.t.GraphDBTransactionStartController] POST transaction start
[INFO ] 2018-05-29 20:43:41,752 [repositories/data | o.e.r.h.s.r.t.GraphDBTransactionStartController] transaction started
[INFO ] 2018-05-29 20:43:41,761 [repositories/data | o.e.r.h.s.r.t.TransactionController] PUT txn operation
[INFO ] 2018-05-29 20:43:41,765 [repositories/data | o.e.r.h.s.r.t.TransactionController] PUT txn operation request finished.
[INFO ] 2018-05-29 20:43:41,772 [repositories/data | o.e.r.h.s.r.t.TransactionController] PUT txn operation
[INFO ] 2018-05-29 20:43:42,962 [repositories/data | o.e.r.h.s.r.t.TransactionController] PUT txn operation request finished.
[INFO ] 2018-05-29 20:43:42,978 [repositories/data | o.e.r.h.s.r.t.GraphDBTransactionStartController] POST transaction start
[INFO ] 2018-05-29 20:43:43,016 [repositories/data | o.e.r.h.s.r.t.GraphDBTransactionStartController] transaction started
[INFO ] 2018-05-29 20:43:43,025 [repositories/data | o.e.r.h.s.r.t.TransactionController] POST txn operation
[INFO ] 2018-05-29 20:43:43,075 [repositories/data | o.e.r.h.s.r.t.TransactionController] PUT txn operation request finished.
[INFO ] 2018-05-29 20:43:43,093 [repositories/data | o.e.r.h.s.r.t.TransactionController] PUT txn operation
[INFO ] 2018-05-29 20:43:43,482 [repositories/data | o.e.r.h.s.r.t.TransactionController] PUT txn operation request finished.
[INFO ] 2018-05-29 20:44:43,626 [repositories/r2rml | c.o.f.s.RepositoryController] POST query -1797107632
[INFO ] 2018-05-29 20:44:43,649 [repositories/r2rml | o.e.r.h.s.r.GraphQueryResultView] Request for query 3392903 is finished
[INFO ] 2018-05-29 20:44:45,452 [repositories/data | o.e.r.h.s.r.t.GraphDBTransactionStartController] POST transaction start
[INFO ] 2018-05-29 20:44:45,461 [repositories/data | o.e.r.h.s.r.t.GraphDBTransactionStartController] transaction started
[INFO ] 2018-05-29 20:44:45,472 [repositories/data | o.e.r.h.s.r.t.TransactionController] PUT txn operation
[INFO ] 2018-05-29 20:44:45,475 [repositories/data | o.e.r.h.s.r.t.TransactionController] PUT txn operation request finished.
[INFO ] 2018-05-29 20:44:45,482 [repositories/data | o.e.r.h.s.r.t.TransactionController] PUT txn operation
[INFO ] 2018-05-29 20:44:46,832 [repositories/data | o.e.r.h.s.r.t.TransactionController] PUT txn operation request finished.
[INFO ] 2018-05-29 20:44:46,839 [repositories/data | o.e.r.h.s.r.t.GraphDBTransactionStartController] POST transaction start
[INFO ] 2018-05-29 20:44:46,847 [repositories/data | o.e.r.h.s.r.t.GraphDBTransactionStartController] transaction started
[INFO ] 2018-05-29 20:44:46,857 [repositories/data | o.e.r.h.s.r.t.TransactionController] POST txn operation
[INFO ] 2018-05-29 20:44:46,874 [repositories/data | o.e.r.h.s.r.t.TransactionController] PUT txn operation request finished.
[INFO ] 2018-05-29 20:44:46,886 [repositories/data | o.e.r.h.s.r.t.TransactionController] PUT txn operation
[INFO ] 2018-05-29 20:44:47,330 [repositories/data | o.e.r.h.s.r.t.TransactionController] PUT txn operation request finished.
[INFO ] 2018-05-29 20:45:27,328 [repositories/data | c.o.f.s.RepositoryController] GET query -1059399867
[INFO ] 2018-05-29 20:45:27,391 [repositories/data | o.e.r.h.s.r.TupleQueryResultView] Request for query -1059399867 is finished
[INFO ] 2018-05-29 20:45:47,466 [repositories/r2rml | c.o.f.s.RepositoryController] POST query -1797107632
[INFO ] 2018-05-29 20:45:47,474 [repositories/r2rml | o.e.r.h.s.r.GraphQueryResultView] Request for query 3392903 is finished
[INFO ] 2018-05-29 20:45:50,065 [repositories/data | o.e.r.h.s.r.t.GraphDBTransactionStartController] POST transaction start
[INFO ] 2018-05-29 20:45:50,075 [repositories/data | o.e.r.h.s.r.t.GraphDBTransactionStartController] transaction started
[INFO ] 2018-05-29 20:45:50,087 [repositories/data | o.e.r.h.s.r.t.TransactionController] PUT txn operation
[INFO ] 2018-05-29 20:45:50,097 [repositories/data | o.e.r.h.s.r.t.TransactionController] PUT txn operation request finished.
[INFO ] 2018-05-29 20:45:50,105 [repositories/data | o.e.r.h.s.r.t.TransactionController] PUT txn operation
[INFO ] 2018-05-29 20:45:51,474 [repositories/data | o.e.r.h.s.r.t.TransactionController] PUT txn operation request finished.
[INFO ] 2018-05-29 20:45:51,480 [repositories/data | o.e.r.h.s.r.t.GraphDBTransactionStartController] POST transaction start
[INFO ] 2018-05-29 20:45:51,486 [repositories/data | o.e.r.h.s.r.t.GraphDBTransactionStartController] transaction started
[INFO ] 2018-05-29 20:45:51,496 [repositories/data | o.e.r.h.s.r.t.TransactionController] POST txn operation
[INFO ] 2018-05-29 20:45:51,504 [repositories/data | o.e.r.h.s.r.t.TransactionController] PUT txn operation request finished.
[INFO ] 2018-05-29 20:45:51,512 [repositories/data | o.e.r.h.s.r.t.TransactionController] PUT txn operation
[INFO ] 2018-05-29 20:45:51,875 [repositories/data | o.e.r.h.s.r.t.TransactionController] PUT txn operation request finished.
[INFO ] 2018-05-29 20:46:39,261 [repositories/data | c.o.f.s.RepositoryController] GET query 1694251531
[INFO ] 2018-05-29 20:46:39,344 [repositories/data | o.e.r.h.s.r.TupleQueryResultView] Request for query 1694251531 is finished
[INFO ] 2018-05-29 20:46:52,049 [repositories/r2rml | c.o.f.s.RepositoryController] POST query -1797107632
[INFO ] 2018-05-29 20:46:52,061 [repositories/r2rml | o.e.r.h.s.r.GraphQueryResultView] Request for query 3392903 is finished
[INFO ] 2018-05-29 20:46:54,266 [repositories/data | o.e.r.h.s.r.t.GraphDBTransactionStartController] POST transaction start
[INFO ] 2018-05-29 20:46:54,275 [repositories/data | o.e.r.h.s.r.t.GraphDBTransactionStartController] transaction started
[INFO ] 2018-05-29 20:46:54,285 [repositories/data | o.e.r.h.s.r.t.TransactionController] PUT txn operation
[INFO ] 2018-05-29 20:46:54,288 [repositories/data | o.e.r.h.s.r.t.TransactionController] PUT txn operation request finished.
[INFO ] 2018-05-29 20:46:54,295 [repositories/data | o.e.r.h.s.r.t.TransactionController] PUT txn operation
[INFO ] 2018-05-29 20:46:55,524 [repositories/data | o.e.r.h.s.r.t.TransactionController] PUT txn operation request finished.
[INFO ] 2018-05-29 20:46:55,530 [repositories/data | o.e.r.h.s.r.t.GraphDBTransactionStartController] POST transaction start
[INFO ] 2018-05-29 20:46:55,535 [repositories/data | o.e.r.h.s.r.t.GraphDBTransactionStartController] transaction started
[INFO ] 2018-05-29 20:46:55,545 [repositories/data | o.e.r.h.s.r.t.TransactionController] POST txn operation
[INFO ] 2018-05-29 20:46:55,554 [repositories/data | o.e.r.h.s.r.t.TransactionController] PUT txn operation request finished.
[INFO ] 2018-05-29 20:46:55,563 [repositories/data | o.e.r.h.s.r.t.TransactionController] PUT txn operation
[INFO ] 2018-05-29 20:46:55,905 [repositories/data | o.e.r.h.s.r.t.TransactionController] PUT txn operation request finished.
[INFO ] 2018-05-29 20:47:56,314 [repositories/r2rml | c.o.f.s.RepositoryController] POST query -1797107632
[INFO ] 2018-05-29 20:47:56,330 [repositories/r2rml | o.e.r.h.s.r.GraphQueryResultView] Request for query 3392903 is finished
[INFO ] 2018-05-29 20:47:59,433 [repositories/data | o.e.r.h.s.r.t.GraphDBTransactionStartController] POST transaction start
[INFO ] 2018-05-29 20:47:59,451 [repositories/data | o.e.r.h.s.r.t.GraphDBTransactionStartController] transaction started
[INFO ] 2018-05-29 20:47:59,464 [repositories/data | o.e.r.h.s.r.t.TransactionController] PUT txn operation
[INFO ] 2018-05-29 20:47:59,476 [repositories/data | o.e.r.h.s.r.t.TransactionController] PUT txn operation request finished.
[INFO ] 2018-05-29 20:47:59,487 [repositories/data | o.e.r.h.s.r.t.TransactionController] PUT txn operation
[INFO ] 2018-05-29 20:48:00,676 [repositories/data | o.e.r.h.s.r.t.TransactionController] PUT txn operation request finished.
[INFO ] 2018-05-29 20:48:00,683 [repositories/data | o.e.r.h.s.r.t.GraphDBTransactionStartController] POST transaction start
[INFO ] 2018-05-29 20:48:00,690 [repositories/data | o.e.r.h.s.r.t.GraphDBTransactionStartController] transaction started
[INFO ] 2018-05-29 20:48:00,699 [repositories/data | o.e.r.h.s.r.t.TransactionController] POST txn operation
[INFO ] 2018-05-29 20:48:00,714 [repositories/data | o.e.r.h.s.r.t.TransactionController] PUT txn operation request finished.
[INFO ] 2018-05-29 20:48:00,722 [repositories/data | o.e.r.h.s.r.t.TransactionController] PUT txn operation
[INFO ] 2018-05-29 20:48:01,230 [repositories/data | o.e.r.h.s.r.t.TransactionController] PUT txn operation request finished.
[INFO ] 2018-05-29 20:49:01,466 [repositories/r2rml | c.o.f.s.RepositoryController] POST query -1797107632
[INFO ] 2018-05-29 20:49:01,474 [repositories/r2rml | o.e.r.h.s.r.GraphQueryResultView] Request for query 3392903 is finished
[INFO ] 2018-05-29 20:49:03,819 [repositories/data | o.e.r.h.s.r.t.GraphDBTransactionStartController] POST transaction start
[INFO ] 2018-05-29 20:49:03,829 [repositories/data | o.e.r.h.s.r.t.GraphDBTransactionStartController] transaction started
[INFO ] 2018-05-29 20:49:03,837 [repositories/data | o.e.r.h.s.r.t.TransactionController] PUT txn operation
[INFO ] 2018-05-29 20:49:03,840 [repositories/data | o.e.r.h.s.r.t.TransactionController] PUT txn operation request finished.
[INFO ] 2018-05-29 20:49:03,848 [repositories/data | o.e.r.h.s.r.t.TransactionController] PUT txn operation
[INFO ] 2018-05-29 20:49:05,348 [repositories/data | o.e.r.h.s.r.t.TransactionController] PUT txn operation request finished.
[INFO ] 2018-05-29 20:49:05,356 [repositories/data | o.e.r.h.s.r.t.GraphDBTransactionStartController] POST transaction start
[INFO ] 2018-05-29 20:49:05,366 [repositories/data | o.e.r.h.s.r.t.GraphDBTransactionStartController] transaction started
[INFO ] 2018-05-29 20:49:05,374 [repositories/data | o.e.r.h.s.r.t.TransactionController] POST txn operation
[INFO ] 2018-05-29 20:49:05,387 [repositories/data | o.e.r.h.s.r.t.TransactionController] PUT txn operation request finished.
[INFO ] 2018-05-29 20:49:05,399 [repositories/data | o.e.r.h.s.r.t.TransactionController] PUT txn operation
[INFO ] 2018-05-29 20:49:05,837 [repositories/data | o.e.r.h.s.r.t.TransactionController] PUT txn operation request finished.
[INFO ] 2018-05-29 20:50:06,150 [repositories/r2rml | c.o.f.s.RepositoryController] POST query -1797107632
[INFO ] 2018-05-29 20:50:06,164 [repositories/r2rml | o.e.r.h.s.r.GraphQueryResultView] Request for query 3392903 is finished
[INFO ] 2018-05-29 20:50:08,701 [repositories/data | o.e.r.h.s.r.t.GraphDBTransactionStartController] POST transaction start
[INFO ] 2018-05-29 20:50:08,735 [repositories/data | o.e.r.h.s.r.t.GraphDBTransactionStartController] transaction started
[INFO ] 2018-05-29 20:50:08,750 [repositories/data | o.e.r.h.s.r.t.TransactionController] PUT txn operation
[INFO ] 2018-05-29 20:50:08,755 [repositories/data | o.e.r.h.s.r.t.TransactionController] PUT txn operation request finished.
[INFO ] 2018-05-29 20:50:08,765 [repositories/data | o.e.r.h.s.r.t.TransactionController] PUT txn operation
[INFO ] 2018-05-29 20:50:09,989 [repositories/data | o.e.r.h.s.r.t.TransactionController] PUT txn operation request finished.
[INFO ] 2018-05-29 20:50:09,995 [repositories/data | o.e.r.h.s.r.t.GraphDBTransactionStartController] POST transaction start
[INFO ] 2018-05-29 20:50:10,007 [repositories/data | o.e.r.h.s.r.t.GraphDBTransactionStartController] transaction started
[INFO ] 2018-05-29 20:50:10,019 [repositories/data | o.e.r.h.s.r.t.TransactionController] POST txn operation
[INFO ] 2018-05-29 20:50:10,036 [repositories/data | o.e.r.h.s.r.t.TransactionController] PUT txn operation request finished.
[INFO ] 2018-05-29 20:50:10,043 [repositories/data | o.e.r.h.s.r.t.TransactionController] PUT txn operation
[INFO ] 2018-05-29 20:50:10,398 [repositories/data | o.e.r.h.s.r.t.TransactionController] PUT txn operation request finished.
[INFO ] 2018-05-29 20:51:10,808 [repositories/r2rml | c.o.f.s.RepositoryController] POST query -1797107632
[INFO ] 2018-05-29 20:51:10,824 [repositories/r2rml | o.e.r.h.s.r.GraphQueryResultView] Request for query 3392903 is finished
[INFO ] 2018-05-29 20:51:14,195 [repositories/data | o.e.r.h.s.r.t.GraphDBTransactionStartController] POST transaction start
[INFO ] 2018-05-29 20:51:14,215 [repositories/data | o.e.r.h.s.r.t.GraphDBTransactionStartController] transaction started
[INFO ] 2018-05-29 20:51:14,235 [repositories/data | o.e.r.h.s.r.t.TransactionController] PUT txn operation
[INFO ] 2018-05-29 20:51:14,238 [repositories/data | o.e.r.h.s.r.t.TransactionController] PUT txn operation request finished.
[INFO ] 2018-05-29 20:51:14,247 [repositories/data | o.e.r.h.s.r.t.TransactionController] PUT txn operation
[INFO ] 2018-05-29 20:51:15,632 [repositories/data | o.e.r.h.s.r.t.TransactionController] PUT txn operation request finished.
[INFO ] 2018-05-29 20:51:15,639 [repositories/data | o.e.r.h.s.r.t.GraphDBTransactionStartController] POST transaction start
[INFO ] 2018-05-29 20:51:15,645 [repositories/data | o.e.r.h.s.r.t.GraphDBTransactionStartController] transaction started
[INFO ] 2018-05-29 20:51:15,656 [repositories/data | o.e.r.h.s.r.t.TransactionController] POST txn operation
[INFO ] 2018-05-29 20:51:15,668 [repositories/data | o.e.r.h.s.r.t.TransactionController] PUT txn operation request finished.
[INFO ] 2018-05-29 20:51:15,675 [repositories/data | o.e.r.h.s.r.t.TransactionController] PUT txn operation
[INFO ] 2018-05-29 20:51:16,207 [repositories/data | o.e.r.h.s.r.t.TransactionController] PUT txn operation request finished.
[INFO ] 2018-05-29 20:52:16,605 [repositories/r2rml | c.o.f.s.RepositoryController] POST query -1797107632
[INFO ] 2018-05-29 20:52:16,621 [repositories/r2rml | o.e.r.h.s.r.GraphQueryResultView] Request for query 3392903 is finished
[INFO ] 2018-05-29 20:52:20,455 [repositories/data | o.e.r.h.s.r.t.GraphDBTransactionStartController] POST transaction start
[INFO ] 2018-05-29 20:52:20,491 [repositories/data | o.e.r.h.s.r.t.GraphDBTransactionStartController] transaction started
[INFO ] 2018-05-29 20:52:20,508 [repositories/data | o.e.r.h.s.r.t.TransactionController] PUT txn operation
[INFO ] 2018-05-29 20:52:20,514 [repositories/data | o.e.r.h.s.r.t.TransactionController] PUT txn operation request finished.
[INFO ] 2018-05-29 20:52:20,533 [repositories/data | o.e.r.h.s.r.t.TransactionController] PUT txn operation
[INFO ] 2018-05-29 20:52:21,905 [repositories/data | o.e.r.h.s.r.t.TransactionController] PUT txn operation request finished.
[INFO ] 2018-05-29 20:52:21,911 [repositories/data | o.e.r.h.s.r.t.GraphDBTransactionStartController] POST transaction start
[INFO ] 2018-05-29 20:52:21,925 [repositories/data | o.e.r.h.s.r.t.GraphDBTransactionStartController] transaction started
[INFO ] 2018-05-29 20:52:22,007 [repositories/data | o.e.r.h.s.r.t.TransactionController] POST txn operation
[INFO ] 2018-05-29 20:52:22,026 [repositories/data | o.e.r.h.s.r.t.TransactionController] PUT txn operation request finished.
[INFO ] 2018-05-29 20:52:22,044 [repositories/data | o.e.r.h.s.r.t.TransactionController] PUT txn operation
[INFO ] 2018-05-29 20:52:22,739 [repositories/data | o.e.r.h.s.r.t.TransactionController] PUT txn operation request finished.
[INFO ] 2018-05-29 20:52:53,665 [repositories/data | o.e.r.h.s.r.n.NamespacesController] GET namespace list
[INFO ] 2018-05-29 20:52:53,704 [repositories/data | o.e.r.h.s.r.TupleQueryResultView] Request for query 3392903 is finished
[INFO ] 2018-05-29 20:53:15,810 [http-nio-7200-exec-4 | c.o.c.AbstractParameter] Configured parameter 'graphdb.plugins.rdfrank.format' to default value '%.02f'
[INFO ] 2018-05-29 20:53:19,882 [repositories/data | o.e.r.h.s.r.n.NamespacesController] GET namespace list
[INFO ] 2018-05-29 20:53:19,886 [repositories/data | o.e.r.h.s.r.TupleQueryResultView] Request for query 3392903 is finished
[INFO ] 2018-05-29 20:53:22,912 [repositories/r2rml | c.o.f.s.RepositoryController] POST query -1797107632
[INFO ] 2018-05-29 20:53:22,964 [repositories/r2rml | o.e.r.h.s.r.GraphQueryResultView] Request for query 3392903 is finished
[INFO ] 2018-05-29 20:53:27,869 [repositories/data | o.e.r.h.s.r.t.GraphDBTransactionStartController] POST transaction start
[INFO ] 2018-05-29 20:53:27,880 [repositories/data | o.e.r.h.s.r.t.GraphDBTransactionStartController] transaction started
[INFO ] 2018-05-29 20:53:27,893 [repositories/data | o.e.r.h.s.r.t.TransactionController] PUT txn operation
[INFO ] 2018-05-29 20:53:27,901 [repositories/data | o.e.r.h.s.r.t.TransactionController] PUT txn operation request finished.
[INFO ] 2018-05-29 20:53:27,912 [repositories/data | o.e.r.h.s.r.t.TransactionController] PUT txn operation
[INFO ] 2018-05-29 20:53:29,788 [repositories/data | o.e.r.h.s.r.t.TransactionController] PUT txn operation request finished.
[INFO ] 2018-05-29 20:53:29,818 [repositories/data | o.e.r.h.s.r.t.GraphDBTransactionStartController] POST transaction start
[INFO ] 2018-05-29 20:53:29,851 [repositories/data | o.e.r.h.s.r.t.GraphDBTransactionStartController] transaction started
[INFO ] 2018-05-29 20:53:29,866 [repositories/data | o.e.r.h.s.r.t.TransactionController] POST txn operation
[INFO ] 2018-05-29 20:53:29,886 [repositories/data | o.e.r.h.s.r.t.TransactionController] PUT txn operation request finished.
[INFO ] 2018-05-29 20:53:29,896 [repositories/data | o.e.r.h.s.r.t.TransactionController] PUT txn operation
[INFO ] 2018-05-29 20:53:30,404 [repositories/data | o.e.r.h.s.r.t.TransactionController] PUT txn operation request finished.
[INFO ] 2018-05-29 20:54:30,845 [repositories/r2rml | c.o.f.s.RepositoryController] POST query -1797107632
[INFO ] 2018-05-29 20:54:30,862 [repositories/r2rml | o.e.r.h.s.r.GraphQueryResultView] Request for query 3392903 is finished
[INFO ] 2018-05-29 20:54:34,550 [repositories/data | o.e.r.h.s.r.t.GraphDBTransactionStartController] POST transaction start
[INFO ] 2018-05-29 20:54:34,562 [repositories/data | o.e.r.h.s.r.t.GraphDBTransactionStartController] transaction started
[INFO ] 2018-05-29 20:54:34,573 [repositories/data | o.e.r.h.s.r.t.TransactionController] PUT txn operation
[INFO ] 2018-05-29 20:54:34,577 [repositories/data | o.e.r.h.s.r.t.TransactionController] PUT txn operation request finished.
[INFO ] 2018-05-29 20:54:34,597 [repositories/data | o.e.r.h.s.r.t.TransactionController] PUT txn operation
[INFO ] 2018-05-29 20:54:36,336 [repositories/data | o.e.r.h.s.r.t.TransactionController] PUT txn operation request finished.
[INFO ] 2018-05-29 20:54:36,343 [repositories/data | o.e.r.h.s.r.t.GraphDBTransactionStartController] POST transaction start
[INFO ] 2018-05-29 20:54:36,356 [repositories/data | o.e.r.h.s.r.t.GraphDBTransactionStartController] transaction started
[INFO ] 2018-05-29 20:54:36,364 [repositories/data | o.e.r.h.s.r.t.TransactionController] POST txn operation
[INFO ] 2018-05-29 20:54:36,386 [repositories/data | o.e.r.h.s.r.t.TransactionController] PUT txn operation request finished.
[INFO ] 2018-05-29 20:54:36,393 [repositories/data | o.e.r.h.s.r.t.TransactionController] PUT txn operation
[INFO ] 2018-05-29 20:54:36,851 [repositories/data | o.e.r.h.s.r.t.TransactionController] PUT txn operation request finished.
[INFO ] 2018-05-29 20:55:37,021 [repositories/r2rml | c.o.f.s.RepositoryController] POST query -1797107632
[INFO ] 2018-05-29 20:55:37,030 [repositories/r2rml | o.e.r.h.s.r.GraphQueryResultView] Request for query 3392903 is finished
[INFO ] 2018-05-29 20:55:39,031 [repositories/data | o.e.r.h.s.r.t.GraphDBTransactionStartController] POST transaction start
[INFO ] 2018-05-29 20:55:39,043 [repositories/data | o.e.r.h.s.r.t.GraphDBTransactionStartController] transaction started
[INFO ] 2018-05-29 20:55:39,051 [repositories/data | o.e.r.h.s.r.t.TransactionController] PUT txn operation
[INFO ] 2018-05-29 20:55:39,060 [repositories/data | o.e.r.h.s.r.t.TransactionController] PUT txn operation request finished.
[INFO ] 2018-05-29 20:55:39,069 [repositories/data | o.e.r.h.s.r.t.TransactionController] PUT txn operation
[INFO ] 2018-05-29 20:55:40,635 [repositories/data | o.e.r.h.s.r.t.TransactionController] PUT txn operation request finished.
[INFO ] 2018-05-29 20:55:40,644 [repositories/data | o.e.r.h.s.r.t.GraphDBTransactionStartController] POST transaction start
[INFO ] 2018-05-29 20:55:40,666 [repositories/data | o.e.r.h.s.r.t.GraphDBTransactionStartController] transaction started
[INFO ] 2018-05-29 20:55:40,678 [repositories/data | o.e.r.h.s.r.t.TransactionController] POST txn operation
[INFO ] 2018-05-29 20:55:40,685 [repositories/data | o.e.r.h.s.r.t.TransactionController] PUT txn operation request finished.
[INFO ] 2018-05-29 20:55:40,693 [repositories/data | o.e.r.h.s.r.t.TransactionController] PUT txn operation
[INFO ] 2018-05-29 20:55:41,278 [repositories/data | o.e.r.h.s.r.t.TransactionController] PUT txn operation request finished.
[INFO ] 2018-05-29 20:56:41,651 [repositories/r2rml | c.o.f.s.RepositoryController] POST query -1797107632
[INFO ] 2018-05-29 20:56:41,705 [repositories/r2rml | o.e.r.h.s.r.GraphQueryResultView] Request for query 3392903 is finished
[INFO ] 2018-05-29 20:56:45,003 [repositories/data | o.e.r.h.s.r.t.GraphDBTransactionStartController] POST transaction start
[INFO ] 2018-05-29 20:56:45,058 [repositories/data | o.e.r.h.s.r.t.GraphDBTransactionStartController] transaction started
[INFO ] 2018-05-29 20:56:45,070 [repositories/data | o.e.r.h.s.r.t.TransactionController] PUT txn operation
[INFO ] 2018-05-29 20:56:45,084 [repositories/data | o.e.r.h.s.r.t.TransactionController] PUT txn operation request finished.
[INFO ] 2018-05-29 20:56:45,099 [repositories/data | o.e.r.h.s.r.t.TransactionController] PUT txn operation
[INFO ] 2018-05-29 20:56:47,071 [repositories/data | o.e.r.h.s.r.t.TransactionController] PUT txn operation request finished.
[INFO ] 2018-05-29 20:56:47,080 [repositories/data | o.e.r.h.s.r.t.GraphDBTransactionStartController] POST transaction start
[INFO ] 2018-05-29 20:56:47,090 [repositories/data | o.e.r.h.s.r.t.GraphDBTransactionStartController] transaction started
[INFO ] 2018-05-29 20:56:47,108 [repositories/data | o.e.r.h.s.r.t.TransactionController] POST txn operation
[INFO ] 2018-05-29 20:56:47,124 [repositories/data | o.e.r.h.s.r.t.TransactionController] PUT txn operation request finished.
[INFO ] 2018-05-29 20:56:47,131 [repositories/data | o.e.r.h.s.r.t.TransactionController] PUT txn operation
[INFO ] 2018-05-29 20:56:47,666 [repositories/data | o.e.r.h.s.r.t.TransactionController] PUT txn operation request finished.
[INFO ] 2018-05-29 20:57:47,836 [repositories/r2rml | c.o.f.s.RepositoryController] POST query -1797107632
[INFO ] 2018-05-29 20:57:47,851 [repositories/r2rml | o.e.r.h.s.r.GraphQueryResultView] Request for query 3392903 is finished
[INFO ] 2018-05-29 20:57:50,503 [repositories/data | o.e.r.h.s.r.t.GraphDBTransactionStartController] POST transaction start
[INFO ] 2018-05-29 20:57:50,512 [repositories/data | o.e.r.h.s.r.t.GraphDBTransactionStartController] transaction started
[INFO ] 2018-05-29 20:57:50,525 [repositories/data | o.e.r.h.s.r.t.TransactionController] PUT txn operation
[INFO ] 2018-05-29 20:57:50,528 [repositories/data | o.e.r.h.s.r.t.TransactionController] PUT txn operation request finished.
[INFO ] 2018-05-29 20:57:50,534 [repositories/data | o.e.r.h.s.r.t.TransactionController] PUT txn operation
[INFO ] 2018-05-29 20:57:51,985 [repositories/data | o.e.r.h.s.r.t.TransactionController] PUT txn operation request finished.
[INFO ] 2018-05-29 20:57:51,992 [repositories/data | o.e.r.h.s.r.t.GraphDBTransactionStartController] POST transaction start
[INFO ] 2018-05-29 20:57:51,998 [repositories/data | o.e.r.h.s.r.t.GraphDBTransactionStartController] transaction started
[INFO ] 2018-05-29 20:57:52,010 [repositories/data | o.e.r.h.s.r.t.TransactionController] POST txn operation
[INFO ] 2018-05-29 20:57:52,026 [repositories/data | o.e.r.h.s.r.t.TransactionController] PUT txn operation request finished.
[INFO ] 2018-05-29 20:57:52,036 [repositories/data | o.e.r.h.s.r.t.TransactionController] PUT txn operation
[INFO ] 2018-05-29 20:57:52,469 [repositories/data | o.e.r.h.s.r.t.TransactionController] PUT txn operation request finished.
[INFO ] 2018-05-29 20:58:09,074 [Thread-2 | c.o.g.s.GraphDB] Stopping GraphDB.
[INFO ] 2018-05-29 20:58:09,241 [localhost-startStop-2 | c.o.f.c.s.SemanticDataManagement] Shutting down current semantic location
