[INFO ] 2018-05-31 10:59:12,182 [main | c.o.g.Config] Using 'jar:file:/opt/graphdb/dist/lib/graphdb-application-common-8.4.1.jar!/com/ontotext/graphdb/logback.xml' as logback's configuration file for graphdb
[INFO ] 2018-05-31 10:59:13,041 [main | c.o.g.s.GraphDB] Starting GraphDB in workbench mode.
[INFO ] 2018-05-31 10:59:35,275 [localhost-startStop-1 | c.o.g.Config] GraphDB Home directory: /opt/graphdb/home
[INFO ] 2018-05-31 10:59:35,280 [localhost-startStop-1 | c.o.g.Config] GraphDB Config directory: /opt/graphdb/home/conf
[INFO ] 2018-05-31 10:59:35,283 [localhost-startStop-1 | c.o.g.Config] GraphDB Data directory: /opt/graphdb/home/data
[INFO ] 2018-05-31 10:59:35,285 [localhost-startStop-1 | c.o.g.Config] GraphDB Work directory: /opt/graphdb/home/work
[INFO ] 2018-05-31 10:59:35,291 [localhost-startStop-1 | c.o.g.Config] GraphDB Logs directory: /opt/graphdb/home/logs
[INFO ] 2018-05-31 11:00:04,267 [main | c.o.g.s.GraphDB] Started GraphDB in workbench mode at port 7200.
[INFO ] 2018-05-31 11:00:10,458 [repositories/r2rml | c.o.t.f.GraphDBFreeSchemaRepository] Version: 8.4, revision: -1703271316
[INFO ] 2018-05-31 11:00:10,473 [repositories/r2rml | c.o.t.f.GraphDBFreeSchemaRepository] Build date: Fri Jan 05 21:39:27 UTC 2018
[INFO ] 2018-05-31 11:00:10,695 [repositories/r2rml | c.o.t.f.GraphDBFreeSchemaRepository] Started repository r2rml in READ/WRITE mode.
[INFO ] 2018-05-31 11:00:10,712 [repositories/r2rml | c.o.c.AbstractParameter] Configured parameter 'partialRDFS' to default value 'false'
[INFO ] 2018-05-31 11:00:10,739 [repositories/r2rml | c.o.c.AbstractParameter] Configured parameter 'transaction-isolation' to default value 'true'
[INFO ] 2018-05-31 11:00:10,760 [repositories/r2rml | c.o.c.AbstractParameter] Configured parameter 'checkForValidPropertiesAndClasses' to default value 'false'
[INFO ] 2018-05-31 11:00:10,772 [repositories/r2rml | c.o.c.AbstractParameter] Configured parameter 'transaction-mode' to default value 'safe'
[INFO ] 2018-05-31 11:00:10,790 [repositories/r2rml | c.o.c.AbstractParameter] Configured parameter 'entity-pool-implementation' to default value 'transactional'
[INFO ] 2018-05-31 11:00:10,807 [repositories/r2rml | c.o.c.AbstractParameter] Configured parameter 'useShutdownHooks' to default value 'true'
[INFO ] 2018-05-31 11:00:10,851 [repositories/r2rml | c.o.GraphDBConfigParameters] Cache pages for tuples: 7829
[INFO ] 2018-05-31 11:00:10,885 [repositories/r2rml | c.o.GraphDBConfigParameters] Cache pages for predicates: 1118
[INFO ] 2018-05-31 11:00:10,904 [repositories/r2rml | c.o.c.AbstractParameter] Configured parameter 'graphdb.global.page.cache' to default value 'true'
[INFO ] 2018-05-31 11:00:11,368 [repositories/r2rml | c.o.t.f.GraphDBFreeSchemaRepository] Detected unclean shutdown
[INFO ] 2018-05-31 11:00:11,383 [repositories/r2rml | c.o.c.AbstractParameter] Configured parameter 'graphdb.epool.onheap' to default value 'false'
[INFO ] 2018-05-31 11:00:11,404 [repositories/r2rml | c.o.t.e.EntityPoolFactory] Using entity pool implementation: transactional-disk
[INFO ] 2018-05-31 11:00:11,427 [repositories/r2rml | c.o.c.AbstractParameter] Configured parameter 'epool.connection.cache.size' to default value '2000'
[INFO ] 2018-05-31 11:00:11,504 [repositories/r2rml | c.o.c.AbstractParameter] Configured parameter 'graphdb.epool.onheap' to default value 'false'
[INFO ] 2018-05-31 11:00:11,674 [repositories/r2rml | c.o.t.e.i.m.PersistedHashMap] Restoring entity hash table...
[INFO ] 2018-05-31 11:00:12,215 [repositories/r2rml | c.o.t.e.i.m.PersistedHashMap] Restored 69 entities allocating 12.0 MB
[INFO ] 2018-05-31 11:00:12,217 [repositories/r2rml | c.o.t.e.i.m.PersistedHashMap] Done in 519 ms.
[INFO ] 2018-05-31 11:00:12,363 [repositories/r2rml | c.o.c.AbstractParameter] Configured parameter 'allow-system-entities-as-data' to default value 'false'
[INFO ] 2018-05-31 11:00:12,373 [repositories/r2rml | c.o.t.u.l.LimitedObjectCacheFactory] Using LRU cache type: synch
[INFO ] 2018-05-31 11:00:12,406 [repositories/r2rml | c.o.c.AbstractParameter] Configured parameter 'enable-pool-reversecache' to default value 'true'
[INFO ] 2018-05-31 11:00:12,434 [repositories/r2rml | c.o.c.AbstractParameter] Configured parameter 'cache-ratio-so-os-cso-cos' to default value '[50, 50, 50]'
[INFO ] 2018-05-31 11:00:12,497 [repositories/r2rml | c.o.c.AbstractParameter] Configured parameter 'graphdb.global.page.cache' to default value 'true'
[INFO ] 2018-05-31 11:00:12,506 [repositories/r2rml | c.o.c.AbstractParameter] Configured parameter 'graphdb.page.cache.size' to default value '981.5M'
[WARN ] 2018-05-31 11:00:13,457 [repositories/r2rml | c.o.t.f.GraphDBFreeSchemaRepository] Rule list configuration present, it will override all other rule sets parameters!
[INFO ] 2018-05-31 11:00:13,463 [repositories/r2rml | c.o.c.AbstractParameter] Configured parameter 'virtual.repository.mode' to default value 'false'
[INFO ] 2018-05-31 11:00:13,618 [repositories/r2rml | c.o.c.AbstractParameter] Configured parameter 'epool.journal.buffer.size' to default value '1024'
[INFO ] 2018-05-31 11:00:13,658 [repositories/r2rml | c.o.c.AbstractParameter] Configured parameter 'enable-debug-rules' to default value 'false'
[INFO ] 2018-05-31 11:00:13,680 [repositories/r2rml | c.o.t.InferencerFactory] ruleSet=rdfsplus-optimized, partialRdfs=false
[INFO ] 2018-05-31 11:00:13,694 [repositories/r2rml | c.o.c.AbstractParameter] Configured parameter 'filter.obj.only.hint' to default value 'true'
[INFO ] 2018-05-31 11:00:13,805 [repositories/r2rml | c.o.c.AbstractParameter] Configured parameter 'check.pred.stats' to default value 'false'
[WARN ] 2018-05-31 11:00:13,888 [repositories/r2rml | c.o.t.f.GraphDBFreeSchemaRepository] number of entities mismatch between owlim.properties and actual value from the storage
[INFO ] 2018-05-31 11:00:13,925 [repositories/r2rml | c.o.c.AbstractParameter] Configured parameter 'nonInterpretablePredicates' to default value 'null'
[INFO ] 2018-05-31 11:00:13,925 [repositories/r2rml | c.o.c.AbstractParameter] Configured parameter 'skip-default-plugins' to default value 'false'
[INFO ] 2018-05-31 11:00:13,926 [repositories/r2rml | c.o.t.f.GraphDBFreeSchemaRepository] Searching for plugins available in the classpath...
[INFO ] 2018-05-31 11:00:14,042 [repositories/r2rml | c.o.t.s.i.PluginManager] Registering plugin rdfrank
[INFO ] 2018-05-31 11:00:14,043 [repositories/r2rml | c.o.t.s.i.PluginManager] Registering plugin direct
[INFO ] 2018-05-31 11:00:14,043 [repositories/r2rml | c.o.t.s.i.PluginManager] Registering plugin geospatial
[INFO ] 2018-05-31 11:00:14,043 [repositories/r2rml | c.o.t.s.i.PluginManager] Registering plugin notifications
[INFO ] 2018-05-31 11:00:14,044 [repositories/r2rml | c.o.t.s.i.PluginManager] Registering plugin expose-entity
[INFO ] 2018-05-31 11:00:14,044 [repositories/r2rml | c.o.t.s.i.PluginManager] Registering plugin literals-index
[INFO ] 2018-05-31 11:00:14,044 [repositories/r2rml | c.o.t.s.i.PluginManager] Registering plugin script
[INFO ] 2018-05-31 11:00:14,044 [repositories/r2rml | c.o.t.s.i.PluginManager] Registering plugin plugincontrol
[INFO ] 2018-05-31 11:00:14,045 [repositories/r2rml | c.o.t.s.i.PluginManager] Registering plugin magic-predicates
[INFO ] 2018-05-31 11:00:14,045 [repositories/r2rml | c.o.c.AbstractParameter] Configured parameter 'register-plugins' to default value '[]'
[INFO ] 2018-05-31 11:00:14,063 [repositories/r2rml | c.o.GraphDBConfigParameters] Reading external plugins from /opt/graphdb/dist/lib/plugins
[INFO ] 2018-05-31 11:00:14,064 [repositories/r2rml | c.o.c.AbstractParameter] Configured parameter 'register-external-plugins' to default value '[/opt/graphdb/dist/lib/plugins]'
[INFO ] 2018-05-31 11:00:14,065 [repositories/r2rml | c.o.t.f.GraphDBFreeSchemaRepository] Registering external plugins...
[INFO ] 2018-05-31 11:00:14,090 [repositories/r2rml | c.o.t.f.GraphDBFreeSchemaRepository] Scanning /opt/graphdb/dist/lib/plugins/lucene-connector for plugins
[INFO ] 2018-05-31 11:00:14,636 [repositories/r2rml | c.o.t.s.i.PluginManager] Registering plugin lucene-connector
[INFO ] 2018-05-31 11:00:14,636 [repositories/r2rml | c.o.t.f.GraphDBFreeSchemaRepository] Scanning /opt/graphdb/dist/lib/plugins/autocomplete-plugin for plugins
[INFO ] 2018-05-31 11:00:14,790 [repositories/r2rml | c.o.t.s.i.PluginManager] Registering plugin autocomplete
[INFO ] 2018-05-31 11:00:14,791 [repositories/r2rml | c.o.t.f.GraphDBFreeSchemaRepository] Scanning /opt/graphdb/dist/lib/plugins/graphdb-geosparql-plugin for plugins
[INFO ] 2018-05-31 11:00:15,272 [repositories/r2rml | c.o.t.s.i.PluginManager] Registering plugin GeoSPARQL
[INFO ] 2018-05-31 11:00:15,289 [repositories/r2rml | c.o.t.f.GraphDBFreeSchemaRepository] Scanning /opt/graphdb/dist/lib/plugins/dependencies-plugin for plugins
[INFO ] 2018-05-31 11:00:15,372 [repositories/r2rml | c.o.t.s.i.PluginManager] Registering plugin dependencies-plugin
[INFO ] 2018-05-31 11:00:15,374 [repositories/r2rml | c.o.t.f.GraphDBFreeSchemaRepository] Scanning /opt/graphdb/dist/lib/plugins/sparql-mm for plugins
[INFO ] 2018-05-31 11:00:15,531 [repositories/r2rml | c.o.t.s.i.PluginManager] Registering plugin sparql-mm
[INFO ] 2018-05-31 11:00:15,538 [repositories/r2rml | c.o.t.f.GraphDBFreeSchemaRepository] Scanning /opt/graphdb/dist/lib/plugins/lucene for plugins
[INFO ] 2018-05-31 11:00:15,850 [repositories/r2rml | c.o.t.s.i.PluginManager] Registering plugin lucene
[INFO ] 2018-05-31 11:00:15,854 [repositories/r2rml | c.o.c.AbstractParameter] Configured parameter 'disable-plugins' to default value '[]'
[INFO ] 2018-05-31 11:00:15,858 [repositories/r2rml | c.o.t.s.i.PluginManager] Initializing plugins... (DEFAULT)
[INFO ] 2018-05-31 11:00:15,859 [repositories/r2rml | c.o.t.s.i.PluginManager] Initializing plugin 'expose-entity'
[INFO ] 2018-05-31 11:00:16,530 [repositories/r2rml | c.o.t.s.i.PluginManager] Initializing plugin 'autocomplete'
[INFO ] 2018-05-31 11:00:16,626 [repositories/r2rml | c.o.t.p.a.AutocompletePluginUtils] >>>>>>>> AutocompletePlugin: No configuration file found at /opt/graphdb/home/data/repositories/r2rml/storage/autocomplete/config.properties. Assuming default options for plugin.
[INFO ] 2018-05-31 11:00:16,650 [repositories/r2rml | c.o.t.s.i.PluginManager] Initializing plugin 'direct'
[INFO ] 2018-05-31 11:00:16,663 [repositories/r2rml | c.o.t.s.i.PluginManager] Initializing plugin 'lucene'
[INFO ] 2018-05-31 11:00:16,694 [repositories/r2rml | c.o.p.lucene] No Lucene indices were found
[INFO ] 2018-05-31 11:00:16,694 [repositories/r2rml | c.o.t.s.i.PluginManager] Initializing plugin 'plugincontrol'
[INFO ] 2018-05-31 11:00:16,697 [repositories/r2rml | c.o.t.p.p.PluginControlPlugin] Plugin:plugincontrol initialized
[INFO ] 2018-05-31 11:00:16,709 [repositories/r2rml | c.o.t.s.i.PluginManager] Initializing plugin 'script'
[INFO ] 2018-05-31 11:00:16,711 [repositories/r2rml | c.o.t.s.i.PluginManager] Initializing plugin 'magic-predicates'
[INFO ] 2018-05-31 11:00:16,712 [repositories/r2rml | c.o.p.magic-predicates] Registering InverseMagicPredicate: http://spinrdf.org/spif#foreach
[INFO ] 2018-05-31 11:00:16,741 [repositories/r2rml | c.o.p.magic-predicates] Registering TupleFunction: http://jena.hpl.hp.com/ARQ/list#length
[INFO ] 2018-05-31 11:00:16,743 [repositories/r2rml | c.o.p.magic-predicates] Registering InverseMagicPredicate: http://jena.hpl.hp.com/ARQ/property#concat
[INFO ] 2018-05-31 11:00:16,757 [repositories/r2rml | c.o.p.magic-predicates] Registering InverseMagicPredicate: http://spinrdf.org/spif#for
[INFO ] 2018-05-31 11:00:16,758 [repositories/r2rml | c.o.p.magic-predicates] Registering InverseMagicPredicate: http://spinrdf.org/spif#split
[INFO ] 2018-05-31 11:00:16,758 [repositories/r2rml | c.o.p.magic-predicates] Registering TupleFunction: http://jena.hpl.hp.com/ARQ/list#member
[INFO ] 2018-05-31 11:00:16,759 [repositories/r2rml | c.o.p.magic-predicates] Registering TupleFunction: http://jena.hpl.hp.com/ARQ/list#index
[INFO ] 2018-05-31 11:00:16,759 [repositories/r2rml | c.o.p.magic-predicates] Registering InverseMagicPredicate: http://jena.hpl.hp.com/ARQ/property#strSplit
[INFO ] 2018-05-31 11:00:16,760 [repositories/r2rml | c.o.t.s.i.PluginManager] Initializing plugin 'literals-index'
[INFO ] 2018-05-31 11:00:17,113 [repositories/r2rml | c.o.p.literals-index] Literals indices restored.
[INFO ] 2018-05-31 11:00:17,114 [repositories/r2rml | c.o.t.s.i.PluginManager] Initializing plugin 'geospatial'
[INFO ] 2018-05-31 11:00:17,121 [repositories/r2rml | c.o.t.p.g.GeoSpatialPlugin] Plugin:geospatial initialized
[INFO ] 2018-05-31 11:00:17,125 [repositories/r2rml | c.o.t.s.i.PluginManager] Initializing plugin 'sparql-mm'
[INFO ] 2018-05-31 11:00:17,356 [repositories/r2rml | c.o.g.s.FunctionLoader] Registered 48 functions from package com.github.tkurz.sparqlmm.function.
[INFO ] 2018-05-31 11:00:17,358 [repositories/r2rml | c.o.t.s.i.PluginManager] Initializing plugin 'dependencies-plugin'
[INFO ] 2018-05-31 11:00:17,369 [repositories/r2rml | c.o.t.s.i.PluginManager] Initializing plugin 'GeoSPARQL'
[INFO ] 2018-05-31 11:00:24,345 [repositories/r2rml | c.o.t.g.FunctionLoader] Registered 50 functions from package com.useekm.geosparql.
[INFO ] 2018-05-31 11:00:24,346 [repositories/r2rml | c.o.t.s.i.PluginManager] Initializing plugin 'lucene-connector'
[INFO ] 2018-05-31 11:00:24,380 [repositories/r2rml | c.o.t.s.i.PluginManager] Initializing plugin 'rdfrank'
[INFO ] 2018-05-31 11:00:24,387 [repositories/r2rml | c.o.t.s.i.PluginManager] Initializing plugin 'notifications'
[INFO ] 2018-05-31 11:00:24,405 [repositories/r2rml | c.o.t.s.i.PluginManager] Finished initializing plugins
[INFO ] 2018-05-31 11:00:24,417 [repositories/r2rml | c.o.c.AbstractParameter] Configured parameter 'graphdb.page.cache.size' to default value '981.5M'
[INFO ] 2018-05-31 11:00:24,945 [repositories/r2rml | c.o.c.AbstractParameter] Configured parameter 'do.resolve.entities' to default value 'true'
[INFO ] 2018-05-31 11:00:24,946 [repositories/r2rml | c.o.c.AbstractParameter] Configured parameter 'do.load.data' to default value 'true'
[INFO ] 2018-05-31 11:00:24,947 [repositories/r2rml | c.o.r.p.ParallelLoader] Data will be parsed + resolved + loaded.
[INFO ] 2018-05-31 11:00:24,971 [repositories/r2rml | c.o.r.p.ParallelLoader] Using 4 threads for inference
[INFO ] 2018-05-31 11:00:25,677 [repositories/r2rml | c.o.f.s.RepositoryController] POST query -1797107632
[INFO ] 2018-05-31 11:00:25,720 [repositories/r2rml | c.o.c.AbstractParameter] Configured parameter 'use.parallel.file.inserts' to default value 'true'
[INFO ] 2018-05-31 11:00:25,781 [repositories/r2rml | c.o.c.AbstractParameter] Configured parameter 'custom.validation.queries.file' to default value 'null'
[INFO ] 2018-05-31 11:00:26,127 [repositories/r2rml | c.o.c.AbstractParameter] Configured parameter 'deduplicate.construct' to default value 'true'
[INFO ] 2018-05-31 11:00:26,196 [repositories/r2rml | c.o.c.AbstractParameter] Configured parameter 'reuse.vars.in.subselects' to default value 'false'
[INFO ] 2018-05-31 11:00:26,256 [repositories/r2rml | c.o.c.AbstractParameter] Configured parameter 'in-clause-max-members' to default value '16'
[INFO ] 2018-05-31 11:00:26,256 [repositories/r2rml | c.o.c.AbstractParameter] Configured parameter 'query.convert.values.clause' to default value 'true'
[INFO ] 2018-05-31 11:00:26,279 [repositories/r2rml | c.o.c.AbstractParameter] Configured parameter 'hash.join' to default value 'false'
[INFO ] 2018-05-31 11:00:26,283 [repositories/r2rml | c.o.c.AbstractParameter] Configured parameter 'merge.join' to default value 'false'
[INFO ] 2018-05-31 11:00:26,287 [repositories/r2rml | c.o.c.AbstractParameter] Configured parameter 'PTO' to default value '2'
[INFO ] 2018-05-31 11:00:26,288 [repositories/r2rml | c.o.c.AbstractParameter] Configured parameter 'FSIPC' to default value '2'
[INFO ] 2018-05-31 11:00:26,497 [repositories/r2rml | o.e.r.h.s.r.GraphQueryResultView] Request for query 3392903 is finished
[INFO ] 2018-05-31 11:01:28,758 [repositories/r2rml | c.o.f.s.RepositoryController] POST query -1797107632
[INFO ] 2018-05-31 11:01:28,794 [repositories/r2rml | o.e.r.h.s.r.GraphQueryResultView] Request for query 3392903 is finished
[INFO ] 2018-05-31 11:02:30,177 [repositories/r2rml | c.o.f.s.RepositoryController] POST query -1797107632
[INFO ] 2018-05-31 11:02:30,212 [repositories/r2rml | o.e.r.h.s.r.GraphQueryResultView] Request for query 3392903 is finished
[INFO ] 2018-05-31 11:03:19,490 [http-nio-7200-exec-10 | c.o.t.f.GraphDBFreeSchemaRepository] Version: 8.4, revision: -1703271316
[INFO ] 2018-05-31 11:03:19,494 [http-nio-7200-exec-10 | c.o.t.f.GraphDBFreeSchemaRepository] Build date: Fri Jan 05 21:39:27 UTC 2018
[INFO ] 2018-05-31 11:03:19,505 [http-nio-7200-exec-10 | c.o.t.f.GraphDBFreeSchemaRepository] Started repository roo in READ/WRITE mode.
[INFO ] 2018-05-31 11:03:19,517 [http-nio-7200-exec-10 | c.o.c.AbstractParameter] Configured parameter 'partialRDFS' to default value 'false'
[INFO ] 2018-05-31 11:03:19,531 [http-nio-7200-exec-10 | c.o.c.AbstractParameter] Configured parameter 'transaction-isolation' to default value 'true'
[INFO ] 2018-05-31 11:03:19,532 [http-nio-7200-exec-10 | c.o.c.AbstractParameter] Configured parameter 'checkForValidPropertiesAndClasses' to default value 'false'
[INFO ] 2018-05-31 11:03:19,533 [http-nio-7200-exec-10 | c.o.c.AbstractParameter] Configured parameter 'transaction-mode' to default value 'safe'
[INFO ] 2018-05-31 11:03:19,534 [http-nio-7200-exec-10 | c.o.c.AbstractParameter] Configured parameter 'entity-pool-implementation' to default value 'transactional'
[INFO ] 2018-05-31 11:03:19,535 [http-nio-7200-exec-10 | c.o.c.AbstractParameter] Configured parameter 'useShutdownHooks' to default value 'true'
[INFO ] 2018-05-31 11:03:19,549 [http-nio-7200-exec-10 | c.o.GraphDBConfigParameters] Cache pages for tuples: 7829
[INFO ] 2018-05-31 11:03:19,551 [http-nio-7200-exec-10 | c.o.GraphDBConfigParameters] Cache pages for predicates: 1118
[INFO ] 2018-05-31 11:03:19,552 [http-nio-7200-exec-10 | c.o.c.AbstractParameter] Configured parameter 'graphdb.global.page.cache' to default value 'true'
[INFO ] 2018-05-31 11:03:19,657 [http-nio-7200-exec-10 | c.o.c.AbstractParameter] Configured parameter 'graphdb.epool.onheap' to default value 'false'
[INFO ] 2018-05-31 11:03:19,659 [http-nio-7200-exec-10 | c.o.t.e.EntityPoolFactory] Using entity pool implementation: transactional-disk
[INFO ] 2018-05-31 11:03:19,765 [http-nio-7200-exec-10 | c.o.t.e.i.m.PersistedHashMap] Restoring entity hash table...
[INFO ] 2018-05-31 11:03:20,381 [http-nio-7200-exec-10 | c.o.t.e.i.m.PersistedHashMap] Restored 5458 entities allocating 12.0 MB
[INFO ] 2018-05-31 11:03:20,382 [http-nio-7200-exec-10 | c.o.t.e.i.m.PersistedHashMap] Done in 603 ms.
[WARN ] 2018-05-31 11:03:20,743 [http-nio-7200-exec-10 | c.o.t.f.GraphDBFreeSchemaRepository] Rule list configuration present, it will override all other rule sets parameters!
[INFO ] 2018-05-31 11:03:20,836 [http-nio-7200-exec-10 | c.o.t.InferencerFactory] ruleSet=rdfsplus-optimized, partialRdfs=false
[INFO ] 2018-05-31 11:03:21,111 [http-nio-7200-exec-10 | c.o.c.AbstractParameter] Configured parameter 'nonInterpretablePredicates' to default value 'null'
[INFO ] 2018-05-31 11:03:21,111 [http-nio-7200-exec-10 | c.o.c.AbstractParameter] Configured parameter 'skip-default-plugins' to default value 'false'
[INFO ] 2018-05-31 11:03:21,111 [http-nio-7200-exec-10 | c.o.t.f.GraphDBFreeSchemaRepository] Searching for plugins available in the classpath...
[INFO ] 2018-05-31 11:03:21,113 [http-nio-7200-exec-10 | c.o.t.s.i.PluginManager] Registering plugin rdfrank
[INFO ] 2018-05-31 11:03:21,113 [http-nio-7200-exec-10 | c.o.t.s.i.PluginManager] Registering plugin direct
[INFO ] 2018-05-31 11:03:21,113 [http-nio-7200-exec-10 | c.o.t.s.i.PluginManager] Registering plugin geospatial
[INFO ] 2018-05-31 11:03:21,113 [http-nio-7200-exec-10 | c.o.t.s.i.PluginManager] Registering plugin notifications
[INFO ] 2018-05-31 11:03:21,114 [http-nio-7200-exec-10 | c.o.t.s.i.PluginManager] Registering plugin expose-entity
[INFO ] 2018-05-31 11:03:21,114 [http-nio-7200-exec-10 | c.o.t.s.i.PluginManager] Registering plugin literals-index
[INFO ] 2018-05-31 11:03:21,114 [http-nio-7200-exec-10 | c.o.t.s.i.PluginManager] Registering plugin script
[INFO ] 2018-05-31 11:03:21,114 [http-nio-7200-exec-10 | c.o.t.s.i.PluginManager] Registering plugin plugincontrol
[INFO ] 2018-05-31 11:03:21,116 [http-nio-7200-exec-10 | c.o.t.s.i.PluginManager] Registering plugin magic-predicates
[INFO ] 2018-05-31 11:03:21,118 [http-nio-7200-exec-10 | c.o.c.AbstractParameter] Configured parameter 'register-plugins' to default value '[]'
[INFO ] 2018-05-31 11:03:21,148 [http-nio-7200-exec-10 | c.o.GraphDBConfigParameters] Reading external plugins from /opt/graphdb/dist/lib/plugins
[INFO ] 2018-05-31 11:03:21,149 [http-nio-7200-exec-10 | c.o.c.AbstractParameter] Configured parameter 'register-external-plugins' to default value '[/opt/graphdb/dist/lib/plugins]'
[INFO ] 2018-05-31 11:03:21,149 [http-nio-7200-exec-10 | c.o.t.f.GraphDBFreeSchemaRepository] Registering external plugins...
[INFO ] 2018-05-31 11:03:21,150 [http-nio-7200-exec-10 | c.o.t.f.GraphDBFreeSchemaRepository] Scanning /opt/graphdb/dist/lib/plugins/lucene-connector for plugins
[INFO ] 2018-05-31 11:03:21,273 [http-nio-7200-exec-10 | c.o.t.s.i.PluginManager] Registering plugin lucene-connector
[INFO ] 2018-05-31 11:03:21,274 [http-nio-7200-exec-10 | c.o.t.f.GraphDBFreeSchemaRepository] Scanning /opt/graphdb/dist/lib/plugins/autocomplete-plugin for plugins
[INFO ] 2018-05-31 11:03:21,304 [http-nio-7200-exec-10 | c.o.t.s.i.PluginManager] Registering plugin autocomplete
[INFO ] 2018-05-31 11:03:21,305 [http-nio-7200-exec-10 | c.o.t.f.GraphDBFreeSchemaRepository] Scanning /opt/graphdb/dist/lib/plugins/graphdb-geosparql-plugin for plugins
[INFO ] 2018-05-31 11:03:21,450 [http-nio-7200-exec-10 | c.o.t.s.i.PluginManager] Registering plugin GeoSPARQL
[INFO ] 2018-05-31 11:03:21,451 [http-nio-7200-exec-10 | c.o.t.f.GraphDBFreeSchemaRepository] Scanning /opt/graphdb/dist/lib/plugins/dependencies-plugin for plugins
[INFO ] 2018-05-31 11:03:21,481 [http-nio-7200-exec-10 | c.o.t.s.i.PluginManager] Registering plugin dependencies-plugin
[INFO ] 2018-05-31 11:03:21,482 [http-nio-7200-exec-10 | c.o.t.f.GraphDBFreeSchemaRepository] Scanning /opt/graphdb/dist/lib/plugins/sparql-mm for plugins
[INFO ] 2018-05-31 11:03:21,492 [http-nio-7200-exec-10 | c.o.t.s.i.PluginManager] Registering plugin sparql-mm
[INFO ] 2018-05-31 11:03:21,492 [http-nio-7200-exec-10 | c.o.t.f.GraphDBFreeSchemaRepository] Scanning /opt/graphdb/dist/lib/plugins/lucene for plugins
[INFO ] 2018-05-31 11:03:21,549 [http-nio-7200-exec-10 | c.o.t.s.i.PluginManager] Registering plugin lucene
[INFO ] 2018-05-31 11:03:21,550 [http-nio-7200-exec-10 | c.o.c.AbstractParameter] Configured parameter 'disable-plugins' to default value '[]'
[INFO ] 2018-05-31 11:03:21,551 [http-nio-7200-exec-10 | c.o.t.s.i.PluginManager] Initializing plugins... (DEFAULT)
[INFO ] 2018-05-31 11:03:21,551 [http-nio-7200-exec-10 | c.o.t.s.i.PluginManager] Initializing plugin 'expose-entity'
[INFO ] 2018-05-31 11:03:21,552 [http-nio-7200-exec-10 | c.o.t.s.i.PluginManager] Initializing plugin 'autocomplete'
[INFO ] 2018-05-31 11:03:21,570 [http-nio-7200-exec-10 | c.o.t.p.a.AutocompletePluginUtils] >>>>>>>> AutocompletePlugin: No configuration file found at /opt/graphdb/home/data/repositories/roo/storage/autocomplete/config.properties. Assuming default options for plugin.
[INFO ] 2018-05-31 11:03:21,581 [http-nio-7200-exec-10 | c.o.t.s.i.PluginManager] Initializing plugin 'direct'
[INFO ] 2018-05-31 11:03:21,582 [http-nio-7200-exec-10 | c.o.t.s.i.PluginManager] Initializing plugin 'lucene'
[INFO ] 2018-05-31 11:03:21,587 [http-nio-7200-exec-10 | c.o.p.lucene] No Lucene indices were found
[INFO ] 2018-05-31 11:03:21,588 [http-nio-7200-exec-10 | c.o.t.s.i.PluginManager] Initializing plugin 'plugincontrol'
[INFO ] 2018-05-31 11:03:21,589 [http-nio-7200-exec-10 | c.o.t.p.p.PluginControlPlugin] Plugin:plugincontrol initialized
[INFO ] 2018-05-31 11:03:21,589 [http-nio-7200-exec-10 | c.o.t.s.i.PluginManager] Initializing plugin 'script'
[INFO ] 2018-05-31 11:03:21,589 [http-nio-7200-exec-10 | c.o.t.s.i.PluginManager] Initializing plugin 'magic-predicates'
[INFO ] 2018-05-31 11:03:21,590 [http-nio-7200-exec-10 | c.o.p.magic-predicates] Registering InverseMagicPredicate: http://spinrdf.org/spif#foreach
[INFO ] 2018-05-31 11:03:21,590 [http-nio-7200-exec-10 | c.o.p.magic-predicates] Registering TupleFunction: http://jena.hpl.hp.com/ARQ/list#length
[INFO ] 2018-05-31 11:03:21,591 [http-nio-7200-exec-10 | c.o.p.magic-predicates] Registering InverseMagicPredicate: http://jena.hpl.hp.com/ARQ/property#concat
[INFO ] 2018-05-31 11:03:21,591 [http-nio-7200-exec-10 | c.o.p.magic-predicates] Registering InverseMagicPredicate: http://spinrdf.org/spif#for
[INFO ] 2018-05-31 11:03:21,591 [http-nio-7200-exec-10 | c.o.p.magic-predicates] Registering InverseMagicPredicate: http://spinrdf.org/spif#split
[INFO ] 2018-05-31 11:03:21,593 [http-nio-7200-exec-10 | c.o.p.magic-predicates] Registering TupleFunction: http://jena.hpl.hp.com/ARQ/list#member
[INFO ] 2018-05-31 11:03:21,594 [http-nio-7200-exec-10 | c.o.p.magic-predicates] Registering TupleFunction: http://jena.hpl.hp.com/ARQ/list#index
[INFO ] 2018-05-31 11:03:21,594 [http-nio-7200-exec-10 | c.o.p.magic-predicates] Registering InverseMagicPredicate: http://jena.hpl.hp.com/ARQ/property#strSplit
[INFO ] 2018-05-31 11:03:21,595 [http-nio-7200-exec-10 | c.o.t.s.i.PluginManager] Initializing plugin 'literals-index'
[INFO ] 2018-05-31 11:03:21,741 [http-nio-7200-exec-10 | c.o.p.literals-index] Literals indices restored.
[INFO ] 2018-05-31 11:03:21,745 [http-nio-7200-exec-10 | c.o.t.s.i.PluginManager] Initializing plugin 'geospatial'
[INFO ] 2018-05-31 11:03:21,758 [http-nio-7200-exec-10 | c.o.t.p.g.GeoSpatialPlugin] Plugin:geospatial initialized
[INFO ] 2018-05-31 11:03:21,760 [http-nio-7200-exec-10 | c.o.t.s.i.PluginManager] Initializing plugin 'sparql-mm'
[INFO ] 2018-05-31 11:03:21,912 [http-nio-7200-exec-10 | c.o.g.s.FunctionLoader] Registered 48 functions from package com.github.tkurz.sparqlmm.function.
[INFO ] 2018-05-31 11:03:21,914 [http-nio-7200-exec-10 | c.o.t.s.i.PluginManager] Initializing plugin 'dependencies-plugin'
[INFO ] 2018-05-31 11:03:21,918 [http-nio-7200-exec-10 | c.o.t.s.i.PluginManager] Initializing plugin 'GeoSPARQL'
[INFO ] 2018-05-31 11:03:24,631 [http-nio-7200-exec-10 | c.o.t.g.FunctionLoader] Registered 50 functions from package com.useekm.geosparql.
[INFO ] 2018-05-31 11:03:24,632 [http-nio-7200-exec-10 | c.o.t.s.i.PluginManager] Initializing plugin 'lucene-connector'
[INFO ] 2018-05-31 11:03:24,657 [http-nio-7200-exec-10 | c.o.t.s.i.PluginManager] Initializing plugin 'rdfrank'
[INFO ] 2018-05-31 11:03:24,660 [http-nio-7200-exec-10 | c.o.t.s.i.PluginManager] Initializing plugin 'notifications'
[INFO ] 2018-05-31 11:03:24,669 [http-nio-7200-exec-10 | c.o.t.s.i.PluginManager] Finished initializing plugins
[INFO ] 2018-05-31 11:03:24,671 [http-nio-7200-exec-10 | c.o.c.AbstractParameter] Configured parameter 'graphdb.page.cache.size' to default value '981.5M'
[INFO ] 2018-05-31 11:03:25,791 [http-nio-7200-exec-10 | c.o.r.p.ParallelLoader] Using 4 threads for inference
[INFO ] 2018-05-31 11:03:27,459 [repositories/roo | o.e.r.h.s.r.n.NamespacesController] GET namespace list
[INFO ] 2018-05-31 11:03:27,807 [http-nio-7200-exec-3 | c.o.c.AbstractParameter] Configured parameter 'deduplicate.construct' to default value 'true'
[INFO ] 2018-05-31 11:03:27,814 [http-nio-7200-exec-3 | c.o.c.AbstractParameter] Configured parameter 'reuse.vars.in.subselects' to default value 'false'
[INFO ] 2018-05-31 11:03:28,377 [repositories/roo | o.e.r.h.s.r.TupleQueryResultView] Request for query 3392903 is finished
[INFO ] 2018-05-31 11:03:31,839 [repositories/r2rml | c.o.f.s.RepositoryController] POST query -1797107632
[INFO ] 2018-05-31 11:03:31,965 [repositories/r2rml | o.e.r.h.s.r.GraphQueryResultView] Request for query 3392903 is finished
[INFO ] 2018-05-31 11:03:46,859 [repositories/r2rml | c.o.g.s.StatementsController] POST SPARQL update request to repository
[INFO ] 2018-05-31 11:03:47,130 [repositories/r2rml | c.o.t.InferencerFactory] ruleSet=rdfsplus-optimized, partialRdfs=false
[INFO ] 2018-05-31 11:03:52,051 [repositories/r2rml | c.o.g.s.StatementsController] POST SPARQL update request to repository
[INFO ] 2018-05-31 11:04:00,419 [repositories/roo | c.o.g.s.StatementsController] POST SPARQL update request to repository
[INFO ] 2018-05-31 11:04:00,606 [repositories/roo | c.o.t.InferencerFactory] ruleSet=rdfsplus-optimized, partialRdfs=false
[INFO ] 2018-05-31 11:04:01,306 [repositories/roo | c.o.g.s.StatementsController] POST SPARQL update request to repository
[WARN ] 2018-05-31 11:04:03,038 [repositories/roo | o.e.r.r.h.ParseErrorLogger] [Rio error] white space not allowed in uri [line 1, column 5] (2, -1)
[ERROR] 2018-05-31 11:04:03,122 [repositories/roo | o.e.r.h.s.ProtocolExceptionResolver] Error while handling request (500)
org.eclipse.rdf4j.http.server.ServerHTTPException: org.eclipse.rdf4j.query.UpdateExecutionException: com.ontotext.rio.ntriples.NQuadsSimpleParser$NodeParsingException: white space not allowed in uri [line 1, column 5]
	at org.eclipse.rdf4j.http.server.repository.statements.StatementsController.getSparqlUpdateResult(StatementsController.java:296)
	at org.eclipse.rdf4j.http.server.repository.statements.StatementsController.handleRequestInternal(StatementsController.java:122)
	at com.ontotext.graphdb.sesame.StatementsController.handleRequestInternal(StatementsController.java:26)
	at org.springframework.web.servlet.mvc.AbstractController.handleRequest(AbstractController.java:146)
	at org.springframework.web.servlet.mvc.SimpleControllerHandlerAdapter.handle(SimpleControllerHandlerAdapter.java:50)
	at org.springframework.web.servlet.DispatcherServlet.doDispatch(DispatcherServlet.java:959)
	at org.springframework.web.servlet.DispatcherServlet.doService(DispatcherServlet.java:893)
	at org.springframework.web.servlet.FrameworkServlet.processRequest(FrameworkServlet.java:966)
	at org.springframework.web.servlet.FrameworkServlet.doPost(FrameworkServlet.java:868)
	at javax.servlet.http.HttpServlet.service(HttpServlet.java:648)
	at org.springframework.web.servlet.FrameworkServlet.service(FrameworkServlet.java:842)
	at javax.servlet.http.HttpServlet.service(HttpServlet.java:729)
	at org.apache.catalina.core.ApplicationFilterChain.internalDoFilter(ApplicationFilterChain.java:292)
	at org.apache.catalina.core.ApplicationFilterChain.doFilter(ApplicationFilterChain.java:207)
	at com.ontotext.forest.core.request.RequestFilter.doFilterInternal(RequestFilter.java:41)
	at org.springframework.web.filter.OncePerRequestFilter.doFilter(OncePerRequestFilter.java:107)
	at org.apache.catalina.core.ApplicationFilterChain.internalDoFilter(ApplicationFilterChain.java:240)
	at org.apache.catalina.core.ApplicationFilterChain.doFilter(ApplicationFilterChain.java:207)
	at org.springframework.web.filter.CharacterEncodingFilter.doFilterInternal(CharacterEncodingFilter.java:85)
	at org.springframework.web.filter.OncePerRequestFilter.doFilter(OncePerRequestFilter.java:107)
	at org.apache.catalina.core.ApplicationFilterChain.internalDoFilter(ApplicationFilterChain.java:240)
	at org.apache.catalina.core.ApplicationFilterChain.doFilter(ApplicationFilterChain.java:207)
	at com.github.ziplet.filter.compression.CompressingFilter.doFilter(CompressingFilter.java:300)
	at org.apache.catalina.core.ApplicationFilterChain.internalDoFilter(ApplicationFilterChain.java:240)
	at org.apache.catalina.core.ApplicationFilterChain.doFilter(ApplicationFilterChain.java:207)
	at com.ontotext.forest.security.AdminDelegatingFilterProxy.doFilter(AdminDelegatingFilterProxy.java:29)
	at org.springframework.web.filter.DelegatingFilterProxy.invokeDelegate(DelegatingFilterProxy.java:344)
	at org.springframework.web.filter.DelegatingFilterProxy.doFilter(DelegatingFilterProxy.java:261)
	at org.apache.catalina.core.ApplicationFilterChain.internalDoFilter(ApplicationFilterChain.java:240)
	at org.apache.catalina.core.ApplicationFilterChain.doFilter(ApplicationFilterChain.java:207)
	at org.apache.catalina.core.StandardWrapperValve.invoke(StandardWrapperValve.java:212)
	at org.apache.catalina.core.StandardContextValve.invoke(StandardContextValve.java:106)
	at org.apache.catalina.authenticator.AuthenticatorBase.invoke(AuthenticatorBase.java:502)
	at org.apache.catalina.core.StandardHostValve.invoke(StandardHostValve.java:141)
	at org.apache.catalina.valves.ErrorReportValve.invoke(ErrorReportValve.java:79)
	at org.apache.catalina.core.StandardEngineValve.invoke(StandardEngineValve.java:88)
	at org.apache.catalina.connector.CoyoteAdapter.service(CoyoteAdapter.java:522)
	at org.apache.coyote.http11.AbstractHttp11Processor.process(AbstractHttp11Processor.java:1095)
	at org.apache.coyote.AbstractProtocol$AbstractConnectionHandler.process(AbstractProtocol.java:672)
	at org.apache.tomcat.util.net.NioEndpoint$SocketProcessor.doRun(NioEndpoint.java:1500)
	at org.apache.tomcat.util.net.NioEndpoint$SocketProcessor.run(NioEndpoint.java:1456)
	at java.util.concurrent.ThreadPoolExecutor.runWorker(ThreadPoolExecutor.java:1149)
	at java.util.concurrent.ThreadPoolExecutor$Worker.run(ThreadPoolExecutor.java:624)
	at org.apache.tomcat.util.threads.TaskThread$WrappingRunnable.run(TaskThread.java:61)
	at java.lang.Thread.run(Thread.java:748)
Caused by: org.eclipse.rdf4j.query.UpdateExecutionException: com.ontotext.rio.ntriples.NQuadsSimpleParser$NodeParsingException: white space not allowed in uri [line 1, column 5]
	at org.eclipse.rdf4j.repository.sail.SailUpdate.execute(SailUpdate.java:74)
	at com.ontotext.trree.monitorRepository.MonitorRepositoryConnection$1.execute(MonitorRepositoryConnection.java:344)
	at org.eclipse.rdf4j.http.server.repository.statements.StatementsController.getSparqlUpdateResult(StatementsController.java:281)
	... 44 common frames omitted
Caused by: com.ontotext.rio.ntriples.NQuadsSimpleParser$NodeParsingException: white space not allowed in uri [line 1, column 5]
	at com.ontotext.rio.ntriples.NQuadsSimpleParser.findUriEndPos(NQuadsSimpleParser.java:340)
	at com.ontotext.rio.ntriples.NQuadsSimpleParser.scan(NQuadsSimpleParser.java:385)
	at com.ontotext.rio.ntriples.NQuadsSimpleParser.parse(NQuadsSimpleParser.java:229)
	at com.ontotext.rio.ntriples.NQuadsSimpleParser.parse(NQuadsSimpleParser.java:163)
	at org.eclipse.rdf4j.repository.util.RDFLoader.loadInputStreamOrReader(RDFLoader.java:286)
	at org.eclipse.rdf4j.repository.util.RDFLoader.load(RDFLoader.java:197)
	at org.eclipse.rdf4j.repository.util.RDFLoader.load(RDFLoader.java:161)
	at org.eclipse.rdf4j.repository.sail.helpers.SailUpdateExecutor.executeLoad(SailUpdateExecutor.java:172)
	at org.eclipse.rdf4j.repository.sail.helpers.SailUpdateExecutor.executeUpdate(SailUpdateExecutor.java:124)
	at org.eclipse.rdf4j.repository.sail.SailUpdate.execute(SailUpdate.java:64)
	... 46 common frames omitted
[INFO ] 2018-05-31 11:04:34,750 [repositories/r2rml | c.o.f.s.RepositoryController] POST query -1797107632
[INFO ] 2018-05-31 11:04:34,943 [repositories/r2rml | o.e.r.h.s.r.GraphQueryResultView] Request for query 3392903 is finished
[INFO ] 2018-05-31 11:05:01,329 [repositories/roo | o.e.r.h.s.r.n.NamespacesController] GET namespace list
[INFO ] 2018-05-31 11:05:01,335 [repositories/roo | o.e.r.h.s.r.TupleQueryResultView] Request for query 3392903 is finished
[INFO ] 2018-05-31 11:05:01,876 [repositories/roo | o.e.r.h.s.r.n.NamespacesController] GET namespace list
[INFO ] 2018-05-31 11:05:01,894 [repositories/roo | o.e.r.h.s.r.TupleQueryResultView] Request for query 3392903 is finished
[INFO ] 2018-05-31 11:05:16,668 [repositories/roo | c.o.g.s.StatementsController] POST SPARQL update request to repository
[ERROR] 2018-05-31 11:05:28,156 [repositories/roo | o.e.r.h.s.ProtocolExceptionResolver] Error while handling request (500)
org.eclipse.rdf4j.http.server.ServerHTTPException: org.eclipse.rdf4j.query.UpdateExecutionException: java.net.UnknownHostException: raw.githubusercontent.com
	at org.eclipse.rdf4j.http.server.repository.statements.StatementsController.getSparqlUpdateResult(StatementsController.java:296)
	at org.eclipse.rdf4j.http.server.repository.statements.StatementsController.handleRequestInternal(StatementsController.java:122)
	at com.ontotext.graphdb.sesame.StatementsController.handleRequestInternal(StatementsController.java:26)
	at org.springframework.web.servlet.mvc.AbstractController.handleRequest(AbstractController.java:146)
	at org.springframework.web.servlet.mvc.SimpleControllerHandlerAdapter.handle(SimpleControllerHandlerAdapter.java:50)
	at org.springframework.web.servlet.DispatcherServlet.doDispatch(DispatcherServlet.java:959)
	at org.springframework.web.servlet.DispatcherServlet.doService(DispatcherServlet.java:893)
	at org.springframework.web.servlet.FrameworkServlet.processRequest(FrameworkServlet.java:966)
	at org.springframework.web.servlet.FrameworkServlet.doPost(FrameworkServlet.java:868)
	at javax.servlet.http.HttpServlet.service(HttpServlet.java:648)
	at org.springframework.web.servlet.FrameworkServlet.service(FrameworkServlet.java:842)
	at javax.servlet.http.HttpServlet.service(HttpServlet.java:729)
	at org.apache.catalina.core.ApplicationFilterChain.internalDoFilter(ApplicationFilterChain.java:292)
	at org.apache.catalina.core.ApplicationFilterChain.doFilter(ApplicationFilterChain.java:207)
	at com.ontotext.forest.core.request.RequestFilter.doFilterInternal(RequestFilter.java:41)
	at org.springframework.web.filter.OncePerRequestFilter.doFilter(OncePerRequestFilter.java:107)
	at org.apache.catalina.core.ApplicationFilterChain.internalDoFilter(ApplicationFilterChain.java:240)
	at org.apache.catalina.core.ApplicationFilterChain.doFilter(ApplicationFilterChain.java:207)
	at org.springframework.web.filter.CharacterEncodingFilter.doFilterInternal(CharacterEncodingFilter.java:85)
	at org.springframework.web.filter.OncePerRequestFilter.doFilter(OncePerRequestFilter.java:107)
	at org.apache.catalina.core.ApplicationFilterChain.internalDoFilter(ApplicationFilterChain.java:240)
	at org.apache.catalina.core.ApplicationFilterChain.doFilter(ApplicationFilterChain.java:207)
	at com.github.ziplet.filter.compression.CompressingFilter.doFilter(CompressingFilter.java:300)
	at org.apache.catalina.core.ApplicationFilterChain.internalDoFilter(ApplicationFilterChain.java:240)
	at org.apache.catalina.core.ApplicationFilterChain.doFilter(ApplicationFilterChain.java:207)
	at com.ontotext.forest.security.AdminDelegatingFilterProxy.doFilter(AdminDelegatingFilterProxy.java:29)
	at org.springframework.web.filter.DelegatingFilterProxy.invokeDelegate(DelegatingFilterProxy.java:344)
	at org.springframework.web.filter.DelegatingFilterProxy.doFilter(DelegatingFilterProxy.java:261)
	at org.apache.catalina.core.ApplicationFilterChain.internalDoFilter(ApplicationFilterChain.java:240)
	at org.apache.catalina.core.ApplicationFilterChain.doFilter(ApplicationFilterChain.java:207)
	at org.apache.catalina.core.StandardWrapperValve.invoke(StandardWrapperValve.java:212)
	at org.apache.catalina.core.StandardContextValve.invoke(StandardContextValve.java:106)
	at org.apache.catalina.authenticator.AuthenticatorBase.invoke(AuthenticatorBase.java:502)
	at org.apache.catalina.core.StandardHostValve.invoke(StandardHostValve.java:141)
	at org.apache.catalina.valves.ErrorReportValve.invoke(ErrorReportValve.java:79)
	at org.apache.catalina.core.StandardEngineValve.invoke(StandardEngineValve.java:88)
	at org.apache.catalina.connector.CoyoteAdapter.service(CoyoteAdapter.java:522)
	at org.apache.coyote.http11.AbstractHttp11Processor.process(AbstractHttp11Processor.java:1095)
	at org.apache.coyote.AbstractProtocol$AbstractConnectionHandler.process(AbstractProtocol.java:672)
	at org.apache.tomcat.util.net.NioEndpoint$SocketProcessor.doRun(NioEndpoint.java:1500)
	at org.apache.tomcat.util.net.NioEndpoint$SocketProcessor.run(NioEndpoint.java:1456)
	at java.util.concurrent.ThreadPoolExecutor.runWorker(ThreadPoolExecutor.java:1149)
	at java.util.concurrent.ThreadPoolExecutor$Worker.run(ThreadPoolExecutor.java:624)
	at org.apache.tomcat.util.threads.TaskThread$WrappingRunnable.run(TaskThread.java:61)
	at java.lang.Thread.run(Thread.java:748)
Caused by: org.eclipse.rdf4j.query.UpdateExecutionException: java.net.UnknownHostException: raw.githubusercontent.com
	at org.eclipse.rdf4j.repository.sail.SailUpdate.execute(SailUpdate.java:80)
	at com.ontotext.trree.monitorRepository.MonitorRepositoryConnection$1.execute(MonitorRepositoryConnection.java:344)
	at org.eclipse.rdf4j.http.server.repository.statements.StatementsController.getSparqlUpdateResult(StatementsController.java:281)
	... 44 common frames omitted
Caused by: java.net.UnknownHostException: raw.githubusercontent.com
	at java.net.AbstractPlainSocketImpl.connect(AbstractPlainSocketImpl.java:184)
	at java.net.SocksSocketImpl.connect(SocksSocketImpl.java:392)
	at java.net.Socket.connect(Socket.java:589)
	at sun.security.ssl.SSLSocketImpl.connect(SSLSocketImpl.java:673)
	at sun.security.ssl.BaseSSLSocketImpl.connect(BaseSSLSocketImpl.java:173)
	at sun.net.NetworkClient.doConnect(NetworkClient.java:180)
	at sun.net.www.http.HttpClient.openServer(HttpClient.java:463)
	at sun.net.www.http.HttpClient.openServer(HttpClient.java:558)
	at sun.net.www.protocol.https.HttpsClient.<init>(HttpsClient.java:264)
	at sun.net.www.protocol.https.HttpsClient.New(HttpsClient.java:367)
	at sun.net.www.protocol.https.AbstractDelegateHttpsURLConnection.getNewHttpClient(AbstractDelegateHttpsURLConnection.java:191)
	at sun.net.www.protocol.http.HttpURLConnection.plainConnect0(HttpURLConnection.java:1156)
	at sun.net.www.protocol.http.HttpURLConnection.plainConnect(HttpURLConnection.java:1050)
	at sun.net.www.protocol.https.AbstractDelegateHttpsURLConnection.connect(AbstractDelegateHttpsURLConnection.java:177)
	at sun.net.www.protocol.http.HttpURLConnection.getInputStream0(HttpURLConnection.java:1564)
	at sun.net.www.protocol.http.HttpURLConnection.getInputStream(HttpURLConnection.java:1492)
	at sun.net.www.protocol.https.HttpsURLConnectionImpl.getInputStream(HttpsURLConnectionImpl.java:263)
	at org.eclipse.rdf4j.repository.util.RDFLoader.load(RDFLoader.java:146)
	at org.eclipse.rdf4j.repository.sail.helpers.SailUpdateExecutor.executeLoad(SailUpdateExecutor.java:172)
	at org.eclipse.rdf4j.repository.sail.helpers.SailUpdateExecutor.executeUpdate(SailUpdateExecutor.java:124)
	at org.eclipse.rdf4j.repository.sail.SailUpdate.execute(SailUpdate.java:64)
	... 46 common frames omitted
[INFO ] 2018-05-31 11:05:36,248 [repositories/r2rml | c.o.f.s.RepositoryController] POST query -1797107632
[INFO ] 2018-05-31 11:05:36,448 [repositories/r2rml | o.e.r.h.s.r.GraphQueryResultView] Request for query 3392903 is finished
[INFO ] 2018-05-31 11:06:38,831 [repositories/r2rml | c.o.f.s.RepositoryController] POST query -1797107632
[INFO ] 2018-05-31 11:06:39,026 [repositories/r2rml | o.e.r.h.s.r.GraphQueryResultView] Request for query 3392903 is finished
[INFO ] 2018-05-31 11:07:42,626 [repositories/r2rml | c.o.f.s.RepositoryController] POST query -1797107632
[INFO ] 2018-05-31 11:07:42,768 [repositories/r2rml | o.e.r.h.s.r.GraphQueryResultView] Request for query 3392903 is finished
[INFO ] 2018-05-31 11:07:55,169 [repositories/roo | c.o.g.s.StatementsController] POST SPARQL update request to repository
[INFO ] 2018-05-31 11:07:55,308 [repositories/roo | c.o.t.InferencerFactory] ruleSet=rdfsplus-optimized, partialRdfs=false
[INFO ] 2018-05-31 11:08:44,031 [repositories/r2rml | c.o.f.s.RepositoryController] POST query -1797107632
[INFO ] 2018-05-31 11:08:44,168 [repositories/r2rml | o.e.r.h.s.r.GraphQueryResultView] Request for query 3392903 is finished
[INFO ] 2018-05-31 11:09:45,354 [repositories/r2rml | c.o.f.s.RepositoryController] POST query -1797107632
[INFO ] 2018-05-31 11:09:45,488 [repositories/r2rml | o.e.r.h.s.r.GraphQueryResultView] Request for query 3392903 is finished
[INFO ] 2018-05-31 11:10:41,819 [repositories/roo | c.o.g.s.StatementsController] POST SPARQL update request to repository
[WARN ] 2018-05-31 11:10:42,132 [repositories/roo | o.e.r.r.h.ParseErrorLogger] [Rio error] white space not allowed in uri [line 1, column 5] (2, -1)
[ERROR] 2018-05-31 11:10:42,239 [repositories/roo | o.e.r.h.s.ProtocolExceptionResolver] Error while handling request (500)
org.eclipse.rdf4j.http.server.ServerHTTPException: org.eclipse.rdf4j.query.UpdateExecutionException: com.ontotext.rio.ntriples.NQuadsSimpleParser$NodeParsingException: white space not allowed in uri [line 1, column 5]
	at org.eclipse.rdf4j.http.server.repository.statements.StatementsController.getSparqlUpdateResult(StatementsController.java:296)
	at org.eclipse.rdf4j.http.server.repository.statements.StatementsController.handleRequestInternal(StatementsController.java:122)
	at com.ontotext.graphdb.sesame.StatementsController.handleRequestInternal(StatementsController.java:26)
	at org.springframework.web.servlet.mvc.AbstractController.handleRequest(AbstractController.java:146)
	at org.springframework.web.servlet.mvc.SimpleControllerHandlerAdapter.handle(SimpleControllerHandlerAdapter.java:50)
	at org.springframework.web.servlet.DispatcherServlet.doDispatch(DispatcherServlet.java:959)
	at org.springframework.web.servlet.DispatcherServlet.doService(DispatcherServlet.java:893)
	at org.springframework.web.servlet.FrameworkServlet.processRequest(FrameworkServlet.java:966)
	at org.springframework.web.servlet.FrameworkServlet.doPost(FrameworkServlet.java:868)
	at javax.servlet.http.HttpServlet.service(HttpServlet.java:648)
	at org.springframework.web.servlet.FrameworkServlet.service(FrameworkServlet.java:842)
	at javax.servlet.http.HttpServlet.service(HttpServlet.java:729)
	at org.apache.catalina.core.ApplicationFilterChain.internalDoFilter(ApplicationFilterChain.java:292)
	at org.apache.catalina.core.ApplicationFilterChain.doFilter(ApplicationFilterChain.java:207)
	at com.ontotext.forest.core.request.RequestFilter.doFilterInternal(RequestFilter.java:41)
	at org.springframework.web.filter.OncePerRequestFilter.doFilter(OncePerRequestFilter.java:107)
	at org.apache.catalina.core.ApplicationFilterChain.internalDoFilter(ApplicationFilterChain.java:240)
	at org.apache.catalina.core.ApplicationFilterChain.doFilter(ApplicationFilterChain.java:207)
	at org.springframework.web.filter.CharacterEncodingFilter.doFilterInternal(CharacterEncodingFilter.java:85)
	at org.springframework.web.filter.OncePerRequestFilter.doFilter(OncePerRequestFilter.java:107)
	at org.apache.catalina.core.ApplicationFilterChain.internalDoFilter(ApplicationFilterChain.java:240)
	at org.apache.catalina.core.ApplicationFilterChain.doFilter(ApplicationFilterChain.java:207)
	at com.github.ziplet.filter.compression.CompressingFilter.doFilter(CompressingFilter.java:300)
	at org.apache.catalina.core.ApplicationFilterChain.internalDoFilter(ApplicationFilterChain.java:240)
	at org.apache.catalina.core.ApplicationFilterChain.doFilter(ApplicationFilterChain.java:207)
	at com.ontotext.forest.security.AdminDelegatingFilterProxy.doFilter(AdminDelegatingFilterProxy.java:29)
	at org.springframework.web.filter.DelegatingFilterProxy.invokeDelegate(DelegatingFilterProxy.java:344)
	at org.springframework.web.filter.DelegatingFilterProxy.doFilter(DelegatingFilterProxy.java:261)
	at org.apache.catalina.core.ApplicationFilterChain.internalDoFilter(ApplicationFilterChain.java:240)
	at org.apache.catalina.core.ApplicationFilterChain.doFilter(ApplicationFilterChain.java:207)
	at org.apache.catalina.core.StandardWrapperValve.invoke(StandardWrapperValve.java:212)
	at org.apache.catalina.core.StandardContextValve.invoke(StandardContextValve.java:106)
	at org.apache.catalina.authenticator.AuthenticatorBase.invoke(AuthenticatorBase.java:502)
	at org.apache.catalina.core.StandardHostValve.invoke(StandardHostValve.java:141)
	at org.apache.catalina.valves.ErrorReportValve.invoke(ErrorReportValve.java:79)
	at org.apache.catalina.core.StandardEngineValve.invoke(StandardEngineValve.java:88)
	at org.apache.catalina.connector.CoyoteAdapter.service(CoyoteAdapter.java:522)
	at org.apache.coyote.http11.AbstractHttp11Processor.process(AbstractHttp11Processor.java:1095)
	at org.apache.coyote.AbstractProtocol$AbstractConnectionHandler.process(AbstractProtocol.java:672)
	at org.apache.tomcat.util.net.NioEndpoint$SocketProcessor.doRun(NioEndpoint.java:1500)
	at org.apache.tomcat.util.net.NioEndpoint$SocketProcessor.run(NioEndpoint.java:1456)
	at java.util.concurrent.ThreadPoolExecutor.runWorker(ThreadPoolExecutor.java:1149)
	at java.util.concurrent.ThreadPoolExecutor$Worker.run(ThreadPoolExecutor.java:624)
	at org.apache.tomcat.util.threads.TaskThread$WrappingRunnable.run(TaskThread.java:61)
	at java.lang.Thread.run(Thread.java:748)
Caused by: org.eclipse.rdf4j.query.UpdateExecutionException: com.ontotext.rio.ntriples.NQuadsSimpleParser$NodeParsingException: white space not allowed in uri [line 1, column 5]
	at org.eclipse.rdf4j.repository.sail.SailUpdate.execute(SailUpdate.java:74)
	at com.ontotext.trree.monitorRepository.MonitorRepositoryConnection$1.execute(MonitorRepositoryConnection.java:344)
	at org.eclipse.rdf4j.http.server.repository.statements.StatementsController.getSparqlUpdateResult(StatementsController.java:281)
	... 44 common frames omitted
Caused by: com.ontotext.rio.ntriples.NQuadsSimpleParser$NodeParsingException: white space not allowed in uri [line 1, column 5]
	at com.ontotext.rio.ntriples.NQuadsSimpleParser.findUriEndPos(NQuadsSimpleParser.java:340)
	at com.ontotext.rio.ntriples.NQuadsSimpleParser.scan(NQuadsSimpleParser.java:385)
	at com.ontotext.rio.ntriples.NQuadsSimpleParser.parse(NQuadsSimpleParser.java:229)
	at com.ontotext.rio.ntriples.NQuadsSimpleParser.parse(NQuadsSimpleParser.java:163)
	at org.eclipse.rdf4j.repository.util.RDFLoader.loadInputStreamOrReader(RDFLoader.java:286)
	at org.eclipse.rdf4j.repository.util.RDFLoader.load(RDFLoader.java:197)
	at org.eclipse.rdf4j.repository.util.RDFLoader.load(RDFLoader.java:161)
	at org.eclipse.rdf4j.repository.sail.helpers.SailUpdateExecutor.executeLoad(SailUpdateExecutor.java:172)
	at org.eclipse.rdf4j.repository.sail.helpers.SailUpdateExecutor.executeUpdate(SailUpdateExecutor.java:124)
	at org.eclipse.rdf4j.repository.sail.SailUpdate.execute(SailUpdate.java:64)
	... 46 common frames omitted
[INFO ] 2018-05-31 11:10:46,697 [repositories/r2rml | c.o.f.s.RepositoryController] POST query -1797107632
[INFO ] 2018-05-31 11:10:46,832 [repositories/r2rml | o.e.r.h.s.r.GraphQueryResultView] Request for query 3392903 is finished
[INFO ] 2018-05-31 11:11:47,851 [repositories/r2rml | c.o.f.s.RepositoryController] POST query -1797107632
[INFO ] 2018-05-31 11:11:48,048 [repositories/r2rml | o.e.r.h.s.r.GraphQueryResultView] Request for query 3392903 is finished
[INFO ] 2018-05-31 11:12:49,724 [repositories/r2rml | c.o.f.s.RepositoryController] POST query -1797107632
[INFO ] 2018-05-31 11:12:51,391 [repositories/r2rml | o.e.r.h.s.r.GraphQueryResultView] Request for query 3392903 is finished
[INFO ] 2018-05-31 11:13:54,664 [repositories/r2rml | c.o.f.s.RepositoryController] POST query -1797107632
[INFO ] 2018-05-31 11:13:54,824 [repositories/r2rml | o.e.r.h.s.r.GraphQueryResultView] Request for query 3392903 is finished
[INFO ] 2018-05-31 11:14:56,404 [repositories/r2rml | c.o.f.s.RepositoryController] POST query -1797107632
[INFO ] 2018-05-31 11:14:56,540 [repositories/r2rml | o.e.r.h.s.r.GraphQueryResultView] Request for query 3392903 is finished
[INFO ] 2018-05-31 11:15:57,716 [repositories/r2rml | c.o.f.s.RepositoryController] POST query -1797107632
[INFO ] 2018-05-31 11:15:57,937 [repositories/r2rml | o.e.r.h.s.r.GraphQueryResultView] Request for query 3392903 is finished
[INFO ] 2018-05-31 11:16:59,128 [repositories/r2rml | c.o.f.s.RepositoryController] POST query -1797107632
[INFO ] 2018-05-31 11:16:59,599 [repositories/r2rml | o.e.r.h.s.r.GraphQueryResultView] Request for query 3392903 is finished
[INFO ] 2018-05-31 11:18:00,935 [repositories/r2rml | c.o.f.s.RepositoryController] POST query -1797107632
[INFO ] 2018-05-31 11:18:01,100 [repositories/r2rml | o.e.r.h.s.r.GraphQueryResultView] Request for query 3392903 is finished
[INFO ] 2018-05-31 11:19:00,307 [repositories/roo | c.o.g.s.StatementsController] POST SPARQL update request to repository
[WARN ] 2018-05-31 11:19:01,002 [repositories/roo | o.e.r.r.h.ParseErrorLogger] [Rio error] white space not allowed in uri [line 1, column 8] (2, -1)
[ERROR] 2018-05-31 11:19:01,036 [repositories/roo | o.e.r.h.s.ProtocolExceptionResolver] Error while handling request (500)
org.eclipse.rdf4j.http.server.ServerHTTPException: org.eclipse.rdf4j.query.UpdateExecutionException: com.ontotext.rio.ntriples.NQuadsSimpleParser$NodeParsingException: white space not allowed in uri [line 1, column 8]
	at org.eclipse.rdf4j.http.server.repository.statements.StatementsController.getSparqlUpdateResult(StatementsController.java:296)
	at org.eclipse.rdf4j.http.server.repository.statements.StatementsController.handleRequestInternal(StatementsController.java:122)
	at com.ontotext.graphdb.sesame.StatementsController.handleRequestInternal(StatementsController.java:26)
	at org.springframework.web.servlet.mvc.AbstractController.handleRequest(AbstractController.java:146)
	at org.springframework.web.servlet.mvc.SimpleControllerHandlerAdapter.handle(SimpleControllerHandlerAdapter.java:50)
	at org.springframework.web.servlet.DispatcherServlet.doDispatch(DispatcherServlet.java:959)
	at org.springframework.web.servlet.DispatcherServlet.doService(DispatcherServlet.java:893)
	at org.springframework.web.servlet.FrameworkServlet.processRequest(FrameworkServlet.java:966)
	at org.springframework.web.servlet.FrameworkServlet.doPost(FrameworkServlet.java:868)
	at javax.servlet.http.HttpServlet.service(HttpServlet.java:648)
	at org.springframework.web.servlet.FrameworkServlet.service(FrameworkServlet.java:842)
	at javax.servlet.http.HttpServlet.service(HttpServlet.java:729)
	at org.apache.catalina.core.ApplicationFilterChain.internalDoFilter(ApplicationFilterChain.java:292)
	at org.apache.catalina.core.ApplicationFilterChain.doFilter(ApplicationFilterChain.java:207)
	at com.ontotext.forest.core.request.RequestFilter.doFilterInternal(RequestFilter.java:41)
	at org.springframework.web.filter.OncePerRequestFilter.doFilter(OncePerRequestFilter.java:107)
	at org.apache.catalina.core.ApplicationFilterChain.internalDoFilter(ApplicationFilterChain.java:240)
	at org.apache.catalina.core.ApplicationFilterChain.doFilter(ApplicationFilterChain.java:207)
	at org.springframework.web.filter.CharacterEncodingFilter.doFilterInternal(CharacterEncodingFilter.java:85)
	at org.springframework.web.filter.OncePerRequestFilter.doFilter(OncePerRequestFilter.java:107)
	at org.apache.catalina.core.ApplicationFilterChain.internalDoFilter(ApplicationFilterChain.java:240)
	at org.apache.catalina.core.ApplicationFilterChain.doFilter(ApplicationFilterChain.java:207)
	at com.github.ziplet.filter.compression.CompressingFilter.doFilter(CompressingFilter.java:300)
	at org.apache.catalina.core.ApplicationFilterChain.internalDoFilter(ApplicationFilterChain.java:240)
	at org.apache.catalina.core.ApplicationFilterChain.doFilter(ApplicationFilterChain.java:207)
	at com.ontotext.forest.security.AdminDelegatingFilterProxy.doFilter(AdminDelegatingFilterProxy.java:29)
	at org.springframework.web.filter.DelegatingFilterProxy.invokeDelegate(DelegatingFilterProxy.java:344)
	at org.springframework.web.filter.DelegatingFilterProxy.doFilter(DelegatingFilterProxy.java:261)
	at org.apache.catalina.core.ApplicationFilterChain.internalDoFilter(ApplicationFilterChain.java:240)
	at org.apache.catalina.core.ApplicationFilterChain.doFilter(ApplicationFilterChain.java:207)
	at org.apache.catalina.core.StandardWrapperValve.invoke(StandardWrapperValve.java:212)
	at org.apache.catalina.core.StandardContextValve.invoke(StandardContextValve.java:106)
	at org.apache.catalina.authenticator.AuthenticatorBase.invoke(AuthenticatorBase.java:502)
	at org.apache.catalina.core.StandardHostValve.invoke(StandardHostValve.java:141)
	at org.apache.catalina.valves.ErrorReportValve.invoke(ErrorReportValve.java:79)
	at org.apache.catalina.core.StandardEngineValve.invoke(StandardEngineValve.java:88)
	at org.apache.catalina.connector.CoyoteAdapter.service(CoyoteAdapter.java:522)
	at org.apache.coyote.http11.AbstractHttp11Processor.process(AbstractHttp11Processor.java:1095)
	at org.apache.coyote.AbstractProtocol$AbstractConnectionHandler.process(AbstractProtocol.java:672)
	at org.apache.tomcat.util.net.NioEndpoint$SocketProcessor.doRun(NioEndpoint.java:1500)
	at org.apache.tomcat.util.net.NioEndpoint$SocketProcessor.run(NioEndpoint.java:1456)
	at java.util.concurrent.ThreadPoolExecutor.runWorker(ThreadPoolExecutor.java:1149)
	at java.util.concurrent.ThreadPoolExecutor$Worker.run(ThreadPoolExecutor.java:624)
	at org.apache.tomcat.util.threads.TaskThread$WrappingRunnable.run(TaskThread.java:61)
	at java.lang.Thread.run(Thread.java:748)
Caused by: org.eclipse.rdf4j.query.UpdateExecutionException: com.ontotext.rio.ntriples.NQuadsSimpleParser$NodeParsingException: white space not allowed in uri [line 1, column 8]
	at org.eclipse.rdf4j.repository.sail.SailUpdate.execute(SailUpdate.java:74)
	at com.ontotext.trree.monitorRepository.MonitorRepositoryConnection$1.execute(MonitorRepositoryConnection.java:344)
	at org.eclipse.rdf4j.http.server.repository.statements.StatementsController.getSparqlUpdateResult(StatementsController.java:281)
	... 44 common frames omitted
Caused by: com.ontotext.rio.ntriples.NQuadsSimpleParser$NodeParsingException: white space not allowed in uri [line 1, column 8]
	at com.ontotext.rio.ntriples.NQuadsSimpleParser.findUriEndPos(NQuadsSimpleParser.java:340)
	at com.ontotext.rio.ntriples.NQuadsSimpleParser.scan(NQuadsSimpleParser.java:385)
	at com.ontotext.rio.ntriples.NQuadsSimpleParser.parse(NQuadsSimpleParser.java:229)
	at com.ontotext.rio.ntriples.NQuadsSimpleParser.parse(NQuadsSimpleParser.java:163)
	at org.eclipse.rdf4j.repository.util.RDFLoader.loadInputStreamOrReader(RDFLoader.java:286)
	at org.eclipse.rdf4j.repository.util.RDFLoader.load(RDFLoader.java:197)
	at org.eclipse.rdf4j.repository.util.RDFLoader.load(RDFLoader.java:161)
	at org.eclipse.rdf4j.repository.sail.helpers.SailUpdateExecutor.executeLoad(SailUpdateExecutor.java:172)
	at org.eclipse.rdf4j.repository.sail.helpers.SailUpdateExecutor.executeUpdate(SailUpdateExecutor.java:124)
	at org.eclipse.rdf4j.repository.sail.SailUpdate.execute(SailUpdate.java:64)
	... 46 common frames omitted
[INFO ] 2018-05-31 11:19:02,337 [repositories/r2rml | c.o.f.s.RepositoryController] POST query -1797107632
[INFO ] 2018-05-31 11:19:02,488 [repositories/r2rml | o.e.r.h.s.r.GraphQueryResultView] Request for query 3392903 is finished
[INFO ] 2018-05-31 11:19:26,098 [repositories/roo | c.o.g.s.StatementsController] POST SPARQL update request to repository
[INFO ] 2018-05-31 11:19:26,295 [repositories/roo | c.o.t.InferencerFactory] ruleSet=rdfsplus-optimized, partialRdfs=false
[INFO ] 2018-05-31 11:20:03,885 [repositories/r2rml | c.o.f.s.RepositoryController] POST query -1797107632
[INFO ] 2018-05-31 11:20:04,039 [repositories/r2rml | o.e.r.h.s.r.GraphQueryResultView] Request for query 3392903 is finished
[INFO ] 2018-05-31 11:21:05,570 [repositories/r2rml | c.o.f.s.RepositoryController] POST query -1797107632
[INFO ] 2018-05-31 11:21:05,684 [repositories/r2rml | o.e.r.h.s.r.GraphQueryResultView] Request for query 3392903 is finished
[INFO ] 2018-05-31 11:22:06,997 [repositories/r2rml | c.o.f.s.RepositoryController] POST query -1797107632
[INFO ] 2018-05-31 11:22:07,169 [repositories/r2rml | o.e.r.h.s.r.GraphQueryResultView] Request for query 3392903 is finished
[INFO ] 2018-05-31 11:23:09,327 [repositories/r2rml | c.o.f.s.RepositoryController] POST query -1797107632
[INFO ] 2018-05-31 11:23:09,440 [repositories/r2rml | o.e.r.h.s.r.GraphQueryResultView] Request for query 3392903 is finished
[INFO ] 2018-05-31 11:24:10,614 [repositories/r2rml | c.o.f.s.RepositoryController] POST query -1797107632
[INFO ] 2018-05-31 11:24:10,758 [repositories/r2rml | o.e.r.h.s.r.GraphQueryResultView] Request for query 3392903 is finished
[INFO ] 2018-05-31 11:25:12,213 [repositories/r2rml | c.o.f.s.RepositoryController] POST query -1797107632
[INFO ] 2018-05-31 11:25:12,370 [repositories/r2rml | o.e.r.h.s.r.GraphQueryResultView] Request for query 3392903 is finished
[INFO ] 2018-05-31 11:26:13,641 [repositories/r2rml | c.o.f.s.RepositoryController] POST query -1797107632
[INFO ] 2018-05-31 11:26:13,769 [repositories/r2rml | o.e.r.h.s.r.GraphQueryResultView] Request for query 3392903 is finished
[INFO ] 2018-05-31 11:27:15,009 [repositories/r2rml | c.o.f.s.RepositoryController] POST query -1797107632
[INFO ] 2018-05-31 11:27:15,184 [repositories/r2rml | o.e.r.h.s.r.GraphQueryResultView] Request for query 3392903 is finished
[INFO ] 2018-05-31 11:28:16,454 [repositories/r2rml | c.o.f.s.RepositoryController] POST query -1797107632
[INFO ] 2018-05-31 11:28:16,635 [repositories/r2rml | o.e.r.h.s.r.GraphQueryResultView] Request for query 3392903 is finished
[INFO ] 2018-05-31 11:29:17,861 [repositories/r2rml | c.o.f.s.RepositoryController] POST query -1797107632
[INFO ] 2018-05-31 11:29:17,982 [repositories/r2rml | o.e.r.h.s.r.GraphQueryResultView] Request for query 3392903 is finished
[INFO ] 2018-05-31 11:30:19,352 [repositories/r2rml | c.o.f.s.RepositoryController] POST query -1797107632
[INFO ] 2018-05-31 11:30:19,478 [repositories/r2rml | o.e.r.h.s.r.GraphQueryResultView] Request for query 3392903 is finished
[INFO ] 2018-05-31 11:31:20,927 [repositories/r2rml | c.o.f.s.RepositoryController] POST query -1797107632
[INFO ] 2018-05-31 11:31:21,417 [repositories/r2rml | o.e.r.h.s.r.GraphQueryResultView] Request for query 3392903 is finished
[INFO ] 2018-05-31 11:32:23,123 [repositories/r2rml | c.o.f.s.RepositoryController] POST query -1797107632
[INFO ] 2018-05-31 11:32:23,259 [repositories/r2rml | o.e.r.h.s.r.GraphQueryResultView] Request for query 3392903 is finished
[INFO ] 2018-05-31 11:42:46,069 [repositories/r2rml | c.o.f.s.RepositoryController] POST query -1797107632
[INFO ] 2018-05-31 11:42:47,982 [repositories/r2rml | o.e.r.h.s.r.GraphQueryResultView] Request for query 3392903 is finished
[INFO ] 2018-05-31 11:43:22,061 [Thread-2 | c.o.g.s.GraphDB] Stopping GraphDB.
[INFO ] 2018-05-31 11:43:22,493 [localhost-startStop-2 | c.o.f.c.s.SemanticDataManagement] Shutting down current semantic location
[INFO ] 2018-05-31 11:43:22,975 [Thread-4 | c.o.t.s.i.PluginManager] Shutting down plugins (DEFAULT)...
[INFO ] 2018-05-31 11:43:23,030 [Thread-7 | c.o.t.s.i.PluginManager] Shutting down plugins (DEFAULT)...
[INFO ] 2018-05-31 11:43:23,970 [Thread-4 | c.o.t.b.AVLRepository] NumberOfStatements = 225
[INFO ] 2018-05-31 11:43:23,972 [Thread-4 | c.o.t.b.AVLRepository] NumberOfExplicitStatements = 123
[INFO ] 2018-05-31 11:43:23,976 [Thread-7 | c.o.t.b.AVLRepository] NumberOfStatements = 19595
[INFO ] 2018-05-31 11:43:23,978 [Thread-7 | c.o.t.b.AVLRepository] NumberOfExplicitStatements = 10549
[INFO ] 2018-05-31 11:43:24,146 [Thread-4 | c.o.t.f.GraphDBFreeSchemaRepository] Shutting down entity pool
[INFO ] 2018-05-31 11:43:24,158 [Thread-7 | c.o.t.f.GraphDBFreeSchemaRepository] Shutting down entity pool
[ERROR] 2018-05-31 11:43:24,208 [Thread-7 | c.o.t.f.GraphDBFreeSchemaRepository] Problem shutting down entity pool
java.lang.RuntimeException: Could not flush entity storage.
	at com.ontotext.trree.entitypool.impl.storage.EntityStorageVersion3.shutdown(EntityStorageVersion3.java:648)
	at com.ontotext.trree.entitypool.impl.TransactionalEntityPool.shutdown(TransactionalEntityPool.java:133)
	at com.ontotext.trree.OwlimSchemaRepository.doShutDown(OwlimSchemaRepository.java:1085)
	at com.ontotext.trree.OwlimSchemaRepository.doShutDown(OwlimSchemaRepository.java:1000)
	at com.ontotext.trree.OwlimSchemaRepository$3.run(OwlimSchemaRepository.java:1865)
Caused by: java.io.IOException: Bad file descriptor
	at sun.nio.ch.FileDispatcherImpl.force0(Native Method)
	at sun.nio.ch.FileDispatcherImpl.force(FileDispatcherImpl.java:76)
	at sun.nio.ch.FileChannelImpl.force(FileChannelImpl.java:388)
	at com.ontotext.trree.entitypool.impl.storage.EntityStorageVersion3.flush(EntityStorageVersion3.java:638)
	at com.ontotext.trree.entitypool.impl.storage.EntityStorageVersion3.flush(EntityStorageVersion3.java:607)
	at com.ontotext.trree.entitypool.impl.storage.EntityStorageVersion3.shutdown(EntityStorageVersion3.java:646)
	... 4 common frames omitted
[INFO ] 2018-05-31 11:43:24,222 [Thread-7 | c.o.t.f.GraphDBFreeSchemaRepository] Entity pool was shut down
[ERROR] 2018-05-31 11:43:24,271 [Thread-7 | c.o.t.f.GraphDBFreeSchemaRepository] Exception durring shutdown hook execution!
org.eclipse.rdf4j.sail.SailException: Caught Throwable on doShuDown()
	at com.ontotext.trree.OwlimSchemaRepository.doShutDown(OwlimSchemaRepository.java:1114)
	at com.ontotext.trree.OwlimSchemaRepository.doShutDown(OwlimSchemaRepository.java:1000)
	at com.ontotext.trree.OwlimSchemaRepository$3.run(OwlimSchemaRepository.java:1865)
Caused by: java.lang.RuntimeException: Could not flush entity storage.
	at com.ontotext.trree.entitypool.impl.storage.EntityStorageVersion3.shutdown(EntityStorageVersion3.java:648)
	at com.ontotext.trree.entitypool.impl.TransactionalEntityPool.shutdown(TransactionalEntityPool.java:133)
	at com.ontotext.trree.OwlimSchemaRepository.doShutDown(OwlimSchemaRepository.java:1085)
	... 2 common frames omitted
Caused by: java.io.IOException: Bad file descriptor
	at sun.nio.ch.FileDispatcherImpl.force0(Native Method)
	at sun.nio.ch.FileDispatcherImpl.force(FileDispatcherImpl.java:76)
	at sun.nio.ch.FileChannelImpl.force(FileChannelImpl.java:388)
	at com.ontotext.trree.entitypool.impl.storage.EntityStorageVersion3.flush(EntityStorageVersion3.java:638)
	at com.ontotext.trree.entitypool.impl.storage.EntityStorageVersion3.flush(EntityStorageVersion3.java:607)
	at com.ontotext.trree.entitypool.impl.storage.EntityStorageVersion3.shutdown(EntityStorageVersion3.java:646)
	... 4 common frames omitted
[INFO ] 2018-05-31 11:43:25,749 [Thread-4 | c.o.t.f.GraphDBFreeSchemaRepository] Entity pool was shut down
[INFO ] 2018-05-31 11:45:07,748 [main | c.o.g.Config] Using 'jar:file:/opt/graphdb/dist/lib/graphdb-application-common-8.4.1.jar!/com/ontotext/graphdb/logback.xml' as logback's configuration file for graphdb
[INFO ] 2018-05-31 11:45:08,768 [main | c.o.g.s.GraphDB] Starting GraphDB in workbench mode.
[INFO ] 2018-05-31 11:45:23,622 [localhost-startStop-1 | c.o.g.Config] GraphDB Home directory: /opt/graphdb/home
[INFO ] 2018-05-31 11:45:23,626 [localhost-startStop-1 | c.o.g.Config] GraphDB Config directory: /opt/graphdb/home/conf
[INFO ] 2018-05-31 11:45:23,628 [localhost-startStop-1 | c.o.g.Config] GraphDB Data directory: /opt/graphdb/home/data
[INFO ] 2018-05-31 11:45:23,630 [localhost-startStop-1 | c.o.g.Config] GraphDB Work directory: /opt/graphdb/home/work
[INFO ] 2018-05-31 11:45:23,635 [localhost-startStop-1 | c.o.g.Config] GraphDB Logs directory: /opt/graphdb/home/logs
[INFO ] 2018-05-31 11:45:37,118 [main | c.o.g.s.GraphDB] Started GraphDB in workbench mode at port 7200.
[INFO ] 2018-05-31 11:45:52,877 [http-nio-7200-exec-11 | c.o.t.f.GraphDBFreeSchemaRepository] Version: 8.4, revision: -1703271316
[INFO ] 2018-05-31 11:45:52,878 [http-nio-7200-exec-11 | c.o.t.f.GraphDBFreeSchemaRepository] Build date: Fri Jan 05 21:39:27 UTC 2018
[INFO ] 2018-05-31 11:45:52,898 [http-nio-7200-exec-11 | c.o.t.f.GraphDBFreeSchemaRepository] Started repository roo in READ/WRITE mode.
[INFO ] 2018-05-31 11:45:52,900 [http-nio-7200-exec-11 | c.o.c.AbstractParameter] Configured parameter 'partialRDFS' to default value 'false'
[INFO ] 2018-05-31 11:45:52,904 [http-nio-7200-exec-11 | c.o.c.AbstractParameter] Configured parameter 'transaction-isolation' to default value 'true'
[INFO ] 2018-05-31 11:45:52,905 [http-nio-7200-exec-11 | c.o.c.AbstractParameter] Configured parameter 'checkForValidPropertiesAndClasses' to default value 'false'
[INFO ] 2018-05-31 11:45:52,907 [http-nio-7200-exec-11 | c.o.c.AbstractParameter] Configured parameter 'transaction-mode' to default value 'safe'
[INFO ] 2018-05-31 11:45:52,916 [http-nio-7200-exec-11 | c.o.c.AbstractParameter] Configured parameter 'entity-pool-implementation' to default value 'transactional'
[INFO ] 2018-05-31 11:45:52,917 [http-nio-7200-exec-11 | c.o.c.AbstractParameter] Configured parameter 'useShutdownHooks' to default value 'true'
[INFO ] 2018-05-31 11:45:52,929 [http-nio-7200-exec-11 | c.o.GraphDBConfigParameters] Cache pages for tuples: 7829
[INFO ] 2018-05-31 11:45:52,930 [http-nio-7200-exec-11 | c.o.GraphDBConfigParameters] Cache pages for predicates: 1118
[INFO ] 2018-05-31 11:45:52,933 [http-nio-7200-exec-11 | c.o.c.AbstractParameter] Configured parameter 'graphdb.global.page.cache' to default value 'true'
[INFO ] 2018-05-31 11:45:53,003 [http-nio-7200-exec-11 | c.o.c.AbstractParameter] Configured parameter 'graphdb.epool.onheap' to default value 'false'
[INFO ] 2018-05-31 11:45:53,005 [http-nio-7200-exec-11 | c.o.t.e.EntityPoolFactory] Using entity pool implementation: transactional-disk
[INFO ] 2018-05-31 11:45:53,011 [http-nio-7200-exec-11 | c.o.c.AbstractParameter] Configured parameter 'epool.connection.cache.size' to default value '2000'
[INFO ] 2018-05-31 11:45:53,046 [http-nio-7200-exec-11 | c.o.c.AbstractParameter] Configured parameter 'graphdb.epool.onheap' to default value 'false'
[INFO ] 2018-05-31 11:45:53,091 [http-nio-7200-exec-11 | c.o.t.e.i.m.PersistedHashMap] Restoring entity hash table...
[INFO ] 2018-05-31 11:45:53,544 [http-nio-7200-exec-11 | c.o.t.e.i.m.PersistedHashMap] Restored 5458 entities allocating 12.0 MB
[INFO ] 2018-05-31 11:45:53,544 [http-nio-7200-exec-11 | c.o.t.e.i.m.PersistedHashMap] Done in 453 ms.
[INFO ] 2018-05-31 11:45:53,679 [http-nio-7200-exec-11 | c.o.c.AbstractParameter] Configured parameter 'allow-system-entities-as-data' to default value 'false'
[INFO ] 2018-05-31 11:45:53,685 [http-nio-7200-exec-11 | c.o.t.u.l.LimitedObjectCacheFactory] Using LRU cache type: synch
[INFO ] 2018-05-31 11:45:53,689 [http-nio-7200-exec-11 | c.o.c.AbstractParameter] Configured parameter 'enable-pool-reversecache' to default value 'true'
[INFO ] 2018-05-31 11:45:53,697 [http-nio-7200-exec-11 | c.o.c.AbstractParameter] Configured parameter 'cache-ratio-so-os-cso-cos' to default value '[50, 50, 50]'
[INFO ] 2018-05-31 11:45:53,712 [http-nio-7200-exec-11 | c.o.c.AbstractParameter] Configured parameter 'graphdb.global.page.cache' to default value 'true'
[INFO ] 2018-05-31 11:45:53,716 [http-nio-7200-exec-11 | c.o.c.AbstractParameter] Configured parameter 'graphdb.page.cache.size' to default value '949.8M'
[WARN ] 2018-05-31 11:45:54,430 [http-nio-7200-exec-11 | c.o.t.f.GraphDBFreeSchemaRepository] Rule list configuration present, it will override all other rule sets parameters!
[INFO ] 2018-05-31 11:45:54,434 [http-nio-7200-exec-11 | c.o.c.AbstractParameter] Configured parameter 'virtual.repository.mode' to default value 'false'
[INFO ] 2018-05-31 11:45:54,558 [http-nio-7200-exec-11 | c.o.c.AbstractParameter] Configured parameter 'epool.journal.buffer.size' to default value '1024'
[INFO ] 2018-05-31 11:45:54,594 [http-nio-7200-exec-11 | c.o.c.AbstractParameter] Configured parameter 'enable-debug-rules' to default value 'false'
[INFO ] 2018-05-31 11:45:54,609 [http-nio-7200-exec-11 | c.o.t.InferencerFactory] ruleSet=rdfsplus-optimized, partialRdfs=false
[INFO ] 2018-05-31 11:45:54,627 [http-nio-7200-exec-11 | c.o.c.AbstractParameter] Configured parameter 'filter.obj.only.hint' to default value 'true'
[INFO ] 2018-05-31 11:45:54,702 [http-nio-7200-exec-11 | c.o.c.AbstractParameter] Configured parameter 'check.pred.stats' to default value 'false'
[INFO ] 2018-05-31 11:45:54,810 [http-nio-7200-exec-11 | c.o.c.AbstractParameter] Configured parameter 'nonInterpretablePredicates' to default value 'null'
[INFO ] 2018-05-31 11:45:54,811 [http-nio-7200-exec-11 | c.o.c.AbstractParameter] Configured parameter 'skip-default-plugins' to default value 'false'
[INFO ] 2018-05-31 11:45:54,811 [http-nio-7200-exec-11 | c.o.t.f.GraphDBFreeSchemaRepository] Searching for plugins available in the classpath...
[INFO ] 2018-05-31 11:45:54,870 [http-nio-7200-exec-11 | c.o.t.s.i.PluginManager] Registering plugin rdfrank
[INFO ] 2018-05-31 11:45:54,871 [http-nio-7200-exec-11 | c.o.t.s.i.PluginManager] Registering plugin direct
[INFO ] 2018-05-31 11:45:54,872 [http-nio-7200-exec-11 | c.o.t.s.i.PluginManager] Registering plugin geospatial
[INFO ] 2018-05-31 11:45:54,873 [http-nio-7200-exec-11 | c.o.t.s.i.PluginManager] Registering plugin notifications
[INFO ] 2018-05-31 11:45:54,874 [http-nio-7200-exec-11 | c.o.t.s.i.PluginManager] Registering plugin expose-entity
[INFO ] 2018-05-31 11:45:54,877 [http-nio-7200-exec-11 | c.o.t.s.i.PluginManager] Registering plugin literals-index
[INFO ] 2018-05-31 11:45:54,878 [http-nio-7200-exec-11 | c.o.t.s.i.PluginManager] Registering plugin script
[INFO ] 2018-05-31 11:45:54,880 [http-nio-7200-exec-11 | c.o.t.s.i.PluginManager] Registering plugin plugincontrol
[INFO ] 2018-05-31 11:45:54,882 [http-nio-7200-exec-11 | c.o.t.s.i.PluginManager] Registering plugin magic-predicates
[INFO ] 2018-05-31 11:45:54,883 [http-nio-7200-exec-11 | c.o.c.AbstractParameter] Configured parameter 'register-plugins' to default value '[]'
[INFO ] 2018-05-31 11:45:54,887 [http-nio-7200-exec-11 | c.o.GraphDBConfigParameters] Reading external plugins from /opt/graphdb/dist/lib/plugins
[INFO ] 2018-05-31 11:45:54,887 [http-nio-7200-exec-11 | c.o.c.AbstractParameter] Configured parameter 'register-external-plugins' to default value '[/opt/graphdb/dist/lib/plugins]'
[INFO ] 2018-05-31 11:45:54,888 [http-nio-7200-exec-11 | c.o.t.f.GraphDBFreeSchemaRepository] Registering external plugins...
[INFO ] 2018-05-31 11:45:54,942 [http-nio-7200-exec-11 | c.o.t.f.GraphDBFreeSchemaRepository] Scanning /opt/graphdb/dist/lib/plugins/lucene-connector for plugins
[INFO ] 2018-05-31 11:45:55,067 [http-nio-7200-exec-11 | c.o.t.s.i.PluginManager] Registering plugin lucene-connector
[INFO ] 2018-05-31 11:45:55,068 [http-nio-7200-exec-11 | c.o.t.f.GraphDBFreeSchemaRepository] Scanning /opt/graphdb/dist/lib/plugins/autocomplete-plugin for plugins
[INFO ] 2018-05-31 11:45:55,091 [http-nio-7200-exec-11 | c.o.t.s.i.PluginManager] Registering plugin autocomplete
[INFO ] 2018-05-31 11:45:55,093 [http-nio-7200-exec-11 | c.o.t.f.GraphDBFreeSchemaRepository] Scanning /opt/graphdb/dist/lib/plugins/graphdb-geosparql-plugin for plugins
[INFO ] 2018-05-31 11:45:55,261 [http-nio-7200-exec-11 | c.o.t.s.i.PluginManager] Registering plugin GeoSPARQL
[INFO ] 2018-05-31 11:45:55,262 [http-nio-7200-exec-11 | c.o.t.f.GraphDBFreeSchemaRepository] Scanning /opt/graphdb/dist/lib/plugins/dependencies-plugin for plugins
[INFO ] 2018-05-31 11:45:55,276 [http-nio-7200-exec-11 | c.o.t.s.i.PluginManager] Registering plugin dependencies-plugin
[INFO ] 2018-05-31 11:45:55,278 [http-nio-7200-exec-11 | c.o.t.f.GraphDBFreeSchemaRepository] Scanning /opt/graphdb/dist/lib/plugins/sparql-mm for plugins
[INFO ] 2018-05-31 11:45:55,298 [http-nio-7200-exec-11 | c.o.t.s.i.PluginManager] Registering plugin sparql-mm
[INFO ] 2018-05-31 11:45:55,299 [http-nio-7200-exec-11 | c.o.t.f.GraphDBFreeSchemaRepository] Scanning /opt/graphdb/dist/lib/plugins/lucene for plugins
[INFO ] 2018-05-31 11:45:55,386 [http-nio-7200-exec-11 | c.o.t.s.i.PluginManager] Registering plugin lucene
[INFO ] 2018-05-31 11:45:55,392 [http-nio-7200-exec-11 | c.o.c.AbstractParameter] Configured parameter 'disable-plugins' to default value '[]'
[INFO ] 2018-05-31 11:45:55,395 [http-nio-7200-exec-11 | c.o.t.s.i.PluginManager] Initializing plugins... (DEFAULT)
[INFO ] 2018-05-31 11:45:55,396 [http-nio-7200-exec-11 | c.o.t.s.i.PluginManager] Initializing plugin 'expose-entity'
[INFO ] 2018-05-31 11:45:55,544 [http-nio-7200-exec-11 | c.o.t.s.i.PluginManager] Initializing plugin 'autocomplete'
[INFO ] 2018-05-31 11:45:55,552 [http-nio-7200-exec-11 | c.o.t.p.a.AutocompletePluginUtils] >>>>>>>> AutocompletePlugin: No configuration file found at /opt/graphdb/home/data/repositories/roo/storage/autocomplete/config.properties. Assuming default options for plugin.
[INFO ] 2018-05-31 11:45:55,562 [http-nio-7200-exec-11 | c.o.t.s.i.PluginManager] Initializing plugin 'direct'
[INFO ] 2018-05-31 11:45:55,563 [http-nio-7200-exec-11 | c.o.t.s.i.PluginManager] Initializing plugin 'lucene'
[INFO ] 2018-05-31 11:45:55,583 [http-nio-7200-exec-11 | c.o.p.lucene] No Lucene indices were found
[INFO ] 2018-05-31 11:45:55,584 [http-nio-7200-exec-11 | c.o.t.s.i.PluginManager] Initializing plugin 'plugincontrol'
[INFO ] 2018-05-31 11:45:55,588 [http-nio-7200-exec-11 | c.o.t.p.p.PluginControlPlugin] Plugin:plugincontrol initialized
[INFO ] 2018-05-31 11:45:55,598 [http-nio-7200-exec-11 | c.o.t.s.i.PluginManager] Initializing plugin 'script'
[INFO ] 2018-05-31 11:45:55,600 [http-nio-7200-exec-11 | c.o.t.s.i.PluginManager] Initializing plugin 'magic-predicates'
[INFO ] 2018-05-31 11:45:55,601 [http-nio-7200-exec-11 | c.o.p.magic-predicates] Registering InverseMagicPredicate: http://spinrdf.org/spif#foreach
[INFO ] 2018-05-31 11:45:55,604 [http-nio-7200-exec-11 | c.o.p.magic-predicates] Registering TupleFunction: http://jena.hpl.hp.com/ARQ/list#length
[INFO ] 2018-05-31 11:45:55,606 [http-nio-7200-exec-11 | c.o.p.magic-predicates] Registering InverseMagicPredicate: http://jena.hpl.hp.com/ARQ/property#concat
[INFO ] 2018-05-31 11:45:55,609 [http-nio-7200-exec-11 | c.o.p.magic-predicates] Registering InverseMagicPredicate: http://spinrdf.org/spif#for
[INFO ] 2018-05-31 11:45:55,610 [http-nio-7200-exec-11 | c.o.p.magic-predicates] Registering InverseMagicPredicate: http://spinrdf.org/spif#split
[INFO ] 2018-05-31 11:45:55,611 [http-nio-7200-exec-11 | c.o.p.magic-predicates] Registering TupleFunction: http://jena.hpl.hp.com/ARQ/list#member
[INFO ] 2018-05-31 11:45:55,621 [http-nio-7200-exec-11 | c.o.p.magic-predicates] Registering TupleFunction: http://jena.hpl.hp.com/ARQ/list#index
[INFO ] 2018-05-31 11:45:55,622 [http-nio-7200-exec-11 | c.o.p.magic-predicates] Registering InverseMagicPredicate: http://jena.hpl.hp.com/ARQ/property#strSplit
[INFO ] 2018-05-31 11:45:55,623 [http-nio-7200-exec-11 | c.o.t.s.i.PluginManager] Initializing plugin 'literals-index'
[INFO ] 2018-05-31 11:45:55,747 [http-nio-7200-exec-11 | c.o.p.literals-index] Literals indices restored.
[INFO ] 2018-05-31 11:45:55,749 [http-nio-7200-exec-11 | c.o.t.s.i.PluginManager] Initializing plugin 'geospatial'
[INFO ] 2018-05-31 11:45:55,751 [http-nio-7200-exec-11 | c.o.t.p.g.GeoSpatialPlugin] Plugin:geospatial initialized
[INFO ] 2018-05-31 11:45:55,752 [http-nio-7200-exec-11 | c.o.t.s.i.PluginManager] Initializing plugin 'sparql-mm'
[INFO ] 2018-05-31 11:45:55,843 [http-nio-7200-exec-11 | c.o.g.s.FunctionLoader] Registered 48 functions from package com.github.tkurz.sparqlmm.function.
[INFO ] 2018-05-31 11:45:55,857 [http-nio-7200-exec-11 | c.o.t.s.i.PluginManager] Initializing plugin 'dependencies-plugin'
[INFO ] 2018-05-31 11:45:55,876 [http-nio-7200-exec-11 | c.o.t.s.i.PluginManager] Initializing plugin 'GeoSPARQL'
[INFO ] 2018-05-31 11:45:59,431 [http-nio-7200-exec-11 | c.o.t.g.FunctionLoader] Registered 50 functions from package com.useekm.geosparql.
[INFO ] 2018-05-31 11:45:59,432 [http-nio-7200-exec-11 | c.o.t.s.i.PluginManager] Initializing plugin 'lucene-connector'
[INFO ] 2018-05-31 11:45:59,499 [http-nio-7200-exec-11 | c.o.t.s.i.PluginManager] Initializing plugin 'rdfrank'
[INFO ] 2018-05-31 11:45:59,506 [http-nio-7200-exec-11 | c.o.t.s.i.PluginManager] Initializing plugin 'notifications'
[INFO ] 2018-05-31 11:45:59,514 [http-nio-7200-exec-11 | c.o.t.s.i.PluginManager] Finished initializing plugins
[INFO ] 2018-05-31 11:45:59,517 [http-nio-7200-exec-11 | c.o.c.AbstractParameter] Configured parameter 'graphdb.page.cache.size' to default value '949.8M'
[INFO ] 2018-05-31 11:45:59,971 [http-nio-7200-exec-11 | c.o.c.AbstractParameter] Configured parameter 'do.resolve.entities' to default value 'true'
[INFO ] 2018-05-31 11:45:59,972 [http-nio-7200-exec-11 | c.o.c.AbstractParameter] Configured parameter 'do.load.data' to default value 'true'
[INFO ] 2018-05-31 11:45:59,974 [http-nio-7200-exec-11 | c.o.r.p.ParallelLoader] Data will be parsed + resolved + loaded.
[INFO ] 2018-05-31 11:45:59,992 [http-nio-7200-exec-11 | c.o.r.p.ParallelLoader] Using 4 threads for inference
[INFO ] 2018-05-31 11:46:00,904 [repositories/roo | o.e.r.h.s.r.n.NamespacesController] GET namespace list
[INFO ] 2018-05-31 11:46:00,917 [http-nio-7200-exec-4 | c.o.c.AbstractParameter] Configured parameter 'use.parallel.file.inserts' to default value 'true'
[INFO ] 2018-05-31 11:46:00,963 [http-nio-7200-exec-10 | c.o.c.AbstractParameter] Configured parameter 'custom.validation.queries.file' to default value 'null'
[INFO ] 2018-05-31 11:46:01,243 [repositories/roo | o.e.r.h.s.r.TupleQueryResultView] Request for query 3392903 is finished
[INFO ] 2018-05-31 11:46:01,650 [repositories/roo | o.e.r.h.s.r.TupleQueryResultView] Request for query 3392903 is finished
[INFO ] 2018-05-31 11:46:01,652 [http-nio-7200-exec-10 | c.o.c.AbstractParameter] Configured parameter 'deduplicate.construct' to default value 'true'
[INFO ] 2018-05-31 11:46:01,765 [http-nio-7200-exec-10 | c.o.c.AbstractParameter] Configured parameter 'reuse.vars.in.subselects' to default value 'false'
[INFO ] 2018-05-31 11:46:01,790 [http-nio-7200-exec-10 | c.o.c.AbstractParameter] Configured parameter 'in-clause-max-members' to default value '16'
[INFO ] 2018-05-31 11:46:01,790 [http-nio-7200-exec-10 | c.o.c.AbstractParameter] Configured parameter 'query.convert.values.clause' to default value 'true'
[INFO ] 2018-05-31 11:46:01,855 [http-nio-7200-exec-10 | c.o.c.AbstractParameter] Configured parameter 'merge.join' to default value 'false'
[INFO ] 2018-05-31 11:46:01,861 [http-nio-7200-exec-10 | c.o.c.AbstractParameter] Configured parameter 'PTO' to default value '2'
[INFO ] 2018-05-31 11:46:01,862 [http-nio-7200-exec-10 | c.o.c.AbstractParameter] Configured parameter 'FSIPC' to default value '2'
[INFO ] 2018-05-31 11:46:03,858 [repositories/r2rml | c.o.t.f.GraphDBFreeSchemaRepository] Version: 8.4, revision: -1703271316
[INFO ] 2018-05-31 11:46:03,858 [repositories/r2rml | c.o.t.f.GraphDBFreeSchemaRepository] Build date: Fri Jan 05 21:39:27 UTC 2018
[INFO ] 2018-05-31 11:46:03,862 [repositories/r2rml | c.o.t.f.GraphDBFreeSchemaRepository] Started repository r2rml in READ/WRITE mode.
[INFO ] 2018-05-31 11:46:03,873 [repositories/r2rml | c.o.c.AbstractParameter] Configured parameter 'partialRDFS' to default value 'false'
[INFO ] 2018-05-31 11:46:03,874 [repositories/r2rml | c.o.c.AbstractParameter] Configured parameter 'transaction-isolation' to default value 'true'
[INFO ] 2018-05-31 11:46:03,874 [repositories/r2rml | c.o.c.AbstractParameter] Configured parameter 'checkForValidPropertiesAndClasses' to default value 'false'
[INFO ] 2018-05-31 11:46:03,874 [repositories/r2rml | c.o.c.AbstractParameter] Configured parameter 'transaction-mode' to default value 'safe'
[INFO ] 2018-05-31 11:46:03,875 [repositories/r2rml | c.o.c.AbstractParameter] Configured parameter 'entity-pool-implementation' to default value 'transactional'
[INFO ] 2018-05-31 11:46:03,875 [repositories/r2rml | c.o.c.AbstractParameter] Configured parameter 'useShutdownHooks' to default value 'true'
[INFO ] 2018-05-31 11:46:03,876 [repositories/r2rml | c.o.GraphDBConfigParameters] Cache pages for tuples: 7829
[INFO ] 2018-05-31 11:46:03,876 [repositories/r2rml | c.o.GraphDBConfigParameters] Cache pages for predicates: 1118
[INFO ] 2018-05-31 11:46:03,876 [repositories/r2rml | c.o.c.AbstractParameter] Configured parameter 'graphdb.global.page.cache' to default value 'true'
[INFO ] 2018-05-31 11:46:03,942 [repositories/r2rml | c.o.c.AbstractParameter] Configured parameter 'graphdb.epool.onheap' to default value 'false'
[INFO ] 2018-05-31 11:46:03,942 [repositories/r2rml | c.o.t.e.EntityPoolFactory] Using entity pool implementation: transactional-disk
[INFO ] 2018-05-31 11:46:04,012 [repositories/r2rml | c.o.t.e.i.m.PersistedHashMap] Restoring entity hash table...
[INFO ] 2018-05-31 11:46:04,373 [repositories/r2rml | c.o.t.e.i.m.PersistedHashMap] Restored 69 entities allocating 12.0 MB
[INFO ] 2018-05-31 11:46:04,373 [repositories/r2rml | c.o.t.e.i.m.PersistedHashMap] Done in 361 ms.
[WARN ] 2018-05-31 11:46:04,546 [repositories/r2rml | c.o.t.f.GraphDBFreeSchemaRepository] Rule list configuration present, it will override all other rule sets parameters!
[INFO ] 2018-05-31 11:46:04,632 [repositories/r2rml | c.o.t.InferencerFactory] ruleSet=rdfsplus-optimized, partialRdfs=false
[WARN ] 2018-05-31 11:46:04,696 [repositories/r2rml | c.o.t.f.GraphDBFreeSchemaRepository] number of entities mismatch between owlim.properties and actual value from the storage
[INFO ] 2018-05-31 11:46:04,697 [repositories/r2rml | c.o.c.AbstractParameter] Configured parameter 'nonInterpretablePredicates' to default value 'null'
[INFO ] 2018-05-31 11:46:04,697 [repositories/r2rml | c.o.c.AbstractParameter] Configured parameter 'skip-default-plugins' to default value 'false'
[INFO ] 2018-05-31 11:46:04,697 [repositories/r2rml | c.o.t.f.GraphDBFreeSchemaRepository] Searching for plugins available in the classpath...
[INFO ] 2018-05-31 11:46:04,698 [repositories/r2rml | c.o.t.s.i.PluginManager] Registering plugin rdfrank
[INFO ] 2018-05-31 11:46:04,701 [repositories/r2rml | c.o.t.s.i.PluginManager] Registering plugin direct
[INFO ] 2018-05-31 11:46:04,702 [repositories/r2rml | c.o.t.s.i.PluginManager] Registering plugin geospatial
[INFO ] 2018-05-31 11:46:04,702 [repositories/r2rml | c.o.t.s.i.PluginManager] Registering plugin notifications
[INFO ] 2018-05-31 11:46:04,704 [repositories/r2rml | c.o.t.s.i.PluginManager] Registering plugin expose-entity
[INFO ] 2018-05-31 11:46:04,707 [repositories/r2rml | c.o.t.s.i.PluginManager] Registering plugin literals-index
[INFO ] 2018-05-31 11:46:04,708 [repositories/r2rml | c.o.t.s.i.PluginManager] Registering plugin script
[INFO ] 2018-05-31 11:46:04,709 [repositories/r2rml | c.o.t.s.i.PluginManager] Registering plugin plugincontrol
[INFO ] 2018-05-31 11:46:04,710 [repositories/r2rml | c.o.t.s.i.PluginManager] Registering plugin magic-predicates
[INFO ] 2018-05-31 11:46:04,710 [repositories/r2rml | c.o.c.AbstractParameter] Configured parameter 'register-plugins' to default value '[]'
[INFO ] 2018-05-31 11:46:04,711 [repositories/r2rml | c.o.GraphDBConfigParameters] Reading external plugins from /opt/graphdb/dist/lib/plugins
[INFO ] 2018-05-31 11:46:04,711 [repositories/r2rml | c.o.c.AbstractParameter] Configured parameter 'register-external-plugins' to default value '[/opt/graphdb/dist/lib/plugins]'
[INFO ] 2018-05-31 11:46:04,711 [repositories/r2rml | c.o.t.f.GraphDBFreeSchemaRepository] Registering external plugins...
[INFO ] 2018-05-31 11:46:04,711 [repositories/r2rml | c.o.t.f.GraphDBFreeSchemaRepository] Scanning /opt/graphdb/dist/lib/plugins/lucene-connector for plugins
[INFO ] 2018-05-31 11:46:04,767 [repositories/r2rml | c.o.t.s.i.PluginManager] Registering plugin lucene-connector
[INFO ] 2018-05-31 11:46:04,768 [repositories/r2rml | c.o.t.f.GraphDBFreeSchemaRepository] Scanning /opt/graphdb/dist/lib/plugins/autocomplete-plugin for plugins
[INFO ] 2018-05-31 11:46:04,776 [repositories/r2rml | c.o.t.s.i.PluginManager] Registering plugin autocomplete
[INFO ] 2018-05-31 11:46:04,777 [repositories/r2rml | c.o.t.f.GraphDBFreeSchemaRepository] Scanning /opt/graphdb/dist/lib/plugins/graphdb-geosparql-plugin for plugins
[INFO ] 2018-05-31 11:46:04,839 [repositories/r2rml | c.o.t.s.i.PluginManager] Registering plugin GeoSPARQL
[INFO ] 2018-05-31 11:46:04,840 [repositories/r2rml | c.o.t.f.GraphDBFreeSchemaRepository] Scanning /opt/graphdb/dist/lib/plugins/dependencies-plugin for plugins
[INFO ] 2018-05-31 11:46:04,864 [repositories/r2rml | c.o.t.s.i.PluginManager] Registering plugin dependencies-plugin
[INFO ] 2018-05-31 11:46:04,865 [repositories/r2rml | c.o.t.f.GraphDBFreeSchemaRepository] Scanning /opt/graphdb/dist/lib/plugins/sparql-mm for plugins
[INFO ] 2018-05-31 11:46:04,878 [repositories/r2rml | c.o.t.s.i.PluginManager] Registering plugin sparql-mm
[INFO ] 2018-05-31 11:46:04,879 [repositories/r2rml | c.o.t.f.GraphDBFreeSchemaRepository] Scanning /opt/graphdb/dist/lib/plugins/lucene for plugins
[INFO ] 2018-05-31 11:46:04,908 [repositories/r2rml | c.o.t.s.i.PluginManager] Registering plugin lucene
[INFO ] 2018-05-31 11:46:04,908 [repositories/r2rml | c.o.c.AbstractParameter] Configured parameter 'disable-plugins' to default value '[]'
[INFO ] 2018-05-31 11:46:04,909 [repositories/r2rml | c.o.t.s.i.PluginManager] Initializing plugins... (DEFAULT)
[INFO ] 2018-05-31 11:46:04,910 [repositories/r2rml | c.o.t.s.i.PluginManager] Initializing plugin 'expose-entity'
[INFO ] 2018-05-31 11:46:04,910 [repositories/r2rml | c.o.t.s.i.PluginManager] Initializing plugin 'autocomplete'
[INFO ] 2018-05-31 11:46:04,922 [repositories/r2rml | c.o.t.p.a.AutocompletePluginUtils] >>>>>>>> AutocompletePlugin: No configuration file found at /opt/graphdb/home/data/repositories/r2rml/storage/autocomplete/config.properties. Assuming default options for plugin.
[INFO ] 2018-05-31 11:46:04,927 [repositories/r2rml | c.o.t.s.i.PluginManager] Initializing plugin 'direct'
[INFO ] 2018-05-31 11:46:04,927 [repositories/r2rml | c.o.t.s.i.PluginManager] Initializing plugin 'lucene'
[INFO ] 2018-05-31 11:46:04,934 [repositories/r2rml | c.o.p.lucene] No Lucene indices were found
[INFO ] 2018-05-31 11:46:04,935 [repositories/r2rml | c.o.t.s.i.PluginManager] Initializing plugin 'plugincontrol'
[INFO ] 2018-05-31 11:46:04,935 [repositories/r2rml | c.o.t.p.p.PluginControlPlugin] Plugin:plugincontrol initialized
[INFO ] 2018-05-31 11:46:04,936 [repositories/r2rml | c.o.t.s.i.PluginManager] Initializing plugin 'script'
[INFO ] 2018-05-31 11:46:04,936 [repositories/r2rml | c.o.t.s.i.PluginManager] Initializing plugin 'magic-predicates'
[INFO ] 2018-05-31 11:46:04,936 [repositories/r2rml | c.o.p.magic-predicates] Registering InverseMagicPredicate: http://spinrdf.org/spif#foreach
[INFO ] 2018-05-31 11:46:04,936 [repositories/r2rml | c.o.p.magic-predicates] Registering TupleFunction: http://jena.hpl.hp.com/ARQ/list#length
[INFO ] 2018-05-31 11:46:04,936 [repositories/r2rml | c.o.p.magic-predicates] Registering InverseMagicPredicate: http://jena.hpl.hp.com/ARQ/property#concat
[INFO ] 2018-05-31 11:46:04,937 [repositories/r2rml | c.o.p.magic-predicates] Registering InverseMagicPredicate: http://spinrdf.org/spif#for
[INFO ] 2018-05-31 11:46:04,937 [repositories/r2rml | c.o.p.magic-predicates] Registering InverseMagicPredicate: http://spinrdf.org/spif#split
[INFO ] 2018-05-31 11:46:04,937 [repositories/r2rml | c.o.p.magic-predicates] Registering TupleFunction: http://jena.hpl.hp.com/ARQ/list#member
[INFO ] 2018-05-31 11:46:04,937 [repositories/r2rml | c.o.p.magic-predicates] Registering TupleFunction: http://jena.hpl.hp.com/ARQ/list#index
[INFO ] 2018-05-31 11:46:04,937 [repositories/r2rml | c.o.p.magic-predicates] Registering InverseMagicPredicate: http://jena.hpl.hp.com/ARQ/property#strSplit
[INFO ] 2018-05-31 11:46:04,937 [repositories/r2rml | c.o.t.s.i.PluginManager] Initializing plugin 'literals-index'
[INFO ] 2018-05-31 11:46:04,998 [repositories/r2rml | c.o.p.literals-index] Literals indices restored.
[INFO ] 2018-05-31 11:46:04,999 [repositories/r2rml | c.o.t.s.i.PluginManager] Initializing plugin 'geospatial'
[INFO ] 2018-05-31 11:46:05,003 [repositories/r2rml | c.o.t.p.g.GeoSpatialPlugin] Plugin:geospatial initialized
[INFO ] 2018-05-31 11:46:05,003 [repositories/r2rml | c.o.t.s.i.PluginManager] Initializing plugin 'sparql-mm'
[INFO ] 2018-05-31 11:46:05,037 [repositories/r2rml | c.o.g.s.FunctionLoader] Registered 48 functions from package com.github.tkurz.sparqlmm.function.
[INFO ] 2018-05-31 11:46:05,038 [repositories/r2rml | c.o.t.s.i.PluginManager] Initializing plugin 'dependencies-plugin'
[INFO ] 2018-05-31 11:46:05,040 [repositories/r2rml | c.o.t.s.i.PluginManager] Initializing plugin 'GeoSPARQL'
[INFO ] 2018-05-31 11:46:06,604 [repositories/r2rml | c.o.t.g.FunctionLoader] Registered 50 functions from package com.useekm.geosparql.
[INFO ] 2018-05-31 11:46:06,604 [repositories/r2rml | c.o.t.s.i.PluginManager] Initializing plugin 'lucene-connector'
[INFO ] 2018-05-31 11:46:06,624 [repositories/r2rml | c.o.t.s.i.PluginManager] Initializing plugin 'rdfrank'
[INFO ] 2018-05-31 11:46:06,626 [repositories/r2rml | c.o.t.s.i.PluginManager] Initializing plugin 'notifications'
[INFO ] 2018-05-31 11:46:06,627 [repositories/r2rml | c.o.t.s.i.PluginManager] Finished initializing plugins
[INFO ] 2018-05-31 11:46:06,630 [repositories/r2rml | c.o.c.AbstractParameter] Configured parameter 'graphdb.page.cache.size' to default value '949.8M'
[INFO ] 2018-05-31 11:46:06,873 [repositories/roo | c.o.g.s.StatementsController] POST SPARQL update request to repository
[INFO ] 2018-05-31 11:46:06,959 [repositories/r2rml | c.o.r.p.ParallelLoader] Using 4 threads for inference
[INFO ] 2018-05-31 11:46:07,104 [repositories/roo | c.o.t.InferencerFactory] ruleSet=rdfsplus-optimized, partialRdfs=false
[INFO ] 2018-05-31 11:46:07,597 [repositories/r2rml | c.o.f.s.RepositoryController] POST query -1797107632
[INFO ] 2018-05-31 11:46:07,624 [repositories/r2rml | c.o.c.AbstractParameter] Configured parameter 'deduplicate.construct' to default value 'true'
[INFO ] 2018-05-31 11:46:07,627 [repositories/r2rml | c.o.c.AbstractParameter] Configured parameter 'reuse.vars.in.subselects' to default value 'false'
[INFO ] 2018-05-31 11:46:07,631 [repositories/r2rml | c.o.c.AbstractParameter] Configured parameter 'hash.join' to default value 'false'
[INFO ] 2018-05-31 11:46:07,737 [repositories/r2rml | o.e.r.h.s.r.GraphQueryResultView] Request for query 3392903 is finished
[INFO ] 2018-05-31 11:46:07,974 [repositories/roo | o.e.r.h.s.r.TupleQueryResultView] Request for query 3392903 is finished
[INFO ] 2018-05-31 11:47:10,855 [repositories/r2rml | c.o.f.s.RepositoryController] POST query -1797107632
[INFO ] 2018-05-31 11:47:10,903 [repositories/r2rml | o.e.r.h.s.r.GraphQueryResultView] Request for query 3392903 is finished
[INFO ] 2018-05-31 11:47:13,014 [Thread-2 | c.o.g.s.GraphDB] Stopping GraphDB.
[INFO ] 2018-05-31 11:47:13,204 [localhost-startStop-2 | c.o.f.c.s.SemanticDataManagement] Shutting down current semantic location
[INFO ] 2018-05-31 11:47:13,434 [Thread-7 | c.o.t.s.i.PluginManager] Shutting down plugins (DEFAULT)...
[INFO ] 2018-05-31 11:47:13,450 [Thread-4 | c.o.t.s.i.PluginManager] Shutting down plugins (DEFAULT)...
[INFO ] 2018-05-31 11:47:13,783 [Thread-7 | c.o.t.b.AVLRepository] NumberOfStatements = 70
[INFO ] 2018-05-31 11:47:13,784 [Thread-7 | c.o.t.b.AVLRepository] NumberOfExplicitStatements = 0
[INFO ] 2018-05-31 11:47:13,919 [Thread-4 | c.o.t.b.AVLRepository] NumberOfStatements = 19595
[INFO ] 2018-05-31 11:47:13,923 [Thread-4 | c.o.t.b.AVLRepository] NumberOfExplicitStatements = 10549
[INFO ] 2018-05-31 11:47:13,945 [Thread-7 | c.o.t.f.GraphDBFreeSchemaRepository] Shutting down entity pool
[INFO ] 2018-05-31 11:47:13,961 [Thread-4 | c.o.t.f.GraphDBFreeSchemaRepository] Shutting down entity pool
[INFO ] 2018-05-31 11:47:14,168 [Thread-7 | c.o.t.f.GraphDBFreeSchemaRepository] Entity pool was shut down
[INFO ] 2018-05-31 11:47:15,646 [Thread-4 | c.o.t.f.GraphDBFreeSchemaRepository] Entity pool was shut down
