[INFO ] 2018-05-25 06:45:41,540 [main | c.o.g.Config] Using 'jar:file:/opt/graphdb/dist/lib/graphdb-application-common-8.4.1.jar!/com/ontotext/graphdb/logback.xml' as logback's configuration file for graphdb
[INFO ] 2018-05-25 06:45:41,834 [main | c.o.g.s.GraphDB] Starting GraphDB in workbench mode.
[INFO ] 2018-05-25 06:45:50,224 [localhost-startStop-1 | c.o.g.Config] GraphDB Home directory: /opt/graphdb/home
[INFO ] 2018-05-25 06:45:50,226 [localhost-startStop-1 | c.o.g.Config] GraphDB Config directory: /opt/graphdb/home/conf
[INFO ] 2018-05-25 06:45:50,228 [localhost-startStop-1 | c.o.g.Config] GraphDB Data directory: /opt/graphdb/home/data
[INFO ] 2018-05-25 06:45:50,229 [localhost-startStop-1 | c.o.g.Config] GraphDB Work directory: /opt/graphdb/home/work
[INFO ] 2018-05-25 06:45:50,231 [localhost-startStop-1 | c.o.g.Config] GraphDB Logs directory: /opt/graphdb/home/logs
[INFO ] 2018-05-25 06:46:02,174 [main | c.o.g.s.GraphDB] Started GraphDB in workbench mode at port 7200.
[INFO ] 2018-05-25 06:48:01,564 [Thread-2 | c.o.g.s.GraphDB] Stopping GraphDB.
[INFO ] 2018-05-25 06:48:01,695 [localhost-startStop-2 | c.o.f.c.s.SemanticDataManagement] Shutting down current semantic location
[INFO ] 2018-05-25 06:48:33,596 [main | c.o.g.Config] Using 'jar:file:/opt/graphdb/dist/lib/graphdb-application-common-8.4.1.jar!/com/ontotext/graphdb/logback.xml' as logback's configuration file for graphdb
[INFO ] 2018-05-25 06:48:34,030 [main | c.o.g.s.GraphDB] Starting GraphDB in workbench mode.
[INFO ] 2018-05-25 06:48:55,311 [localhost-startStop-1 | c.o.g.Config] GraphDB Home directory: /opt/graphdb/home
[INFO ] 2018-05-25 06:48:55,314 [localhost-startStop-1 | c.o.g.Config] GraphDB Config directory: /opt/graphdb/home/conf
[INFO ] 2018-05-25 06:48:55,318 [localhost-startStop-1 | c.o.g.Config] GraphDB Data directory: /opt/graphdb/home/data
[INFO ] 2018-05-25 06:48:55,319 [localhost-startStop-1 | c.o.g.Config] GraphDB Work directory: /opt/graphdb/home/work
[INFO ] 2018-05-25 06:48:55,321 [localhost-startStop-1 | c.o.g.Config] GraphDB Logs directory: /opt/graphdb/home/logs
[INFO ] 2018-05-25 06:49:07,078 [main | c.o.g.s.GraphDB] Started GraphDB in workbench mode at port 7200.
[INFO ] 2018-05-25 06:49:36,457 [repositories/r2rml | c.o.t.f.GraphDBFreeSchemaRepository] Version: 8.4, revision: -1703271316
[INFO ] 2018-05-25 06:49:36,464 [repositories/r2rml | c.o.t.f.GraphDBFreeSchemaRepository] Build date: Fri Jan 05 21:39:27 UTC 2018
[INFO ] 2018-05-25 06:49:36,580 [repositories/r2rml | c.o.t.f.GraphDBFreeSchemaRepository] Started repository r2rml in READ/WRITE mode.
[INFO ] 2018-05-25 06:49:36,581 [repositories/r2rml | c.o.c.AbstractParameter] Configured parameter 'partialRDFS' to default value 'false'
[INFO ] 2018-05-25 06:49:36,589 [repositories/r2rml | c.o.c.AbstractParameter] Configured parameter 'transaction-isolation' to default value 'true'
[INFO ] 2018-05-25 06:49:36,591 [repositories/r2rml | c.o.c.AbstractParameter] Configured parameter 'checkForValidPropertiesAndClasses' to default value 'false'
[INFO ] 2018-05-25 06:49:36,594 [repositories/r2rml | c.o.c.AbstractParameter] Configured parameter 'transaction-mode' to default value 'safe'
[INFO ] 2018-05-25 06:49:36,598 [repositories/r2rml | c.o.c.AbstractParameter] Configured parameter 'entity-pool-implementation' to default value 'transactional'
[INFO ] 2018-05-25 06:49:36,612 [repositories/r2rml | c.o.c.AbstractParameter] Configured parameter 'useShutdownHooks' to default value 'true'
[INFO ] 2018-05-25 06:49:36,675 [repositories/r2rml | c.o.GraphDBConfigParameters] Cache pages for tuples: 7829
[INFO ] 2018-05-25 06:49:36,693 [repositories/r2rml | c.o.GraphDBConfigParameters] Cache pages for predicates: 1118
[INFO ] 2018-05-25 06:49:36,713 [repositories/r2rml | c.o.c.AbstractParameter] Configured parameter 'graphdb.global.page.cache' to default value 'true'
[INFO ] 2018-05-25 06:49:36,897 [repositories/r2rml | c.o.c.AbstractParameter] Configured parameter 'graphdb.epool.onheap' to default value 'false'
[INFO ] 2018-05-25 06:49:36,899 [repositories/r2rml | c.o.t.e.EntityPoolFactory] Using entity pool implementation: transactional-disk
[INFO ] 2018-05-25 06:49:36,910 [repositories/r2rml | c.o.c.AbstractParameter] Configured parameter 'epool.connection.cache.size' to default value '2000'
[INFO ] 2018-05-25 06:49:36,938 [repositories/r2rml | c.o.c.AbstractParameter] Configured parameter 'graphdb.epool.onheap' to default value 'false'
[INFO ] 2018-05-25 06:49:37,063 [repositories/r2rml | c.o.t.e.i.m.PersistedHashMap] Restoring entity hash table...
[INFO ] 2018-05-25 06:49:37,615 [repositories/r2rml | c.o.t.e.i.m.PersistedHashMap] Restored 69 entities allocating 12.0 MB
[INFO ] 2018-05-25 06:49:37,616 [repositories/r2rml | c.o.t.e.i.m.PersistedHashMap] Done in 551 ms.
[INFO ] 2018-05-25 06:49:37,768 [repositories/r2rml | c.o.c.AbstractParameter] Configured parameter 'allow-system-entities-as-data' to default value 'false'
[INFO ] 2018-05-25 06:49:37,776 [repositories/r2rml | c.o.t.u.l.LimitedObjectCacheFactory] Using LRU cache type: synch
[INFO ] 2018-05-25 06:49:37,780 [repositories/r2rml | c.o.c.AbstractParameter] Configured parameter 'enable-pool-reversecache' to default value 'true'
[INFO ] 2018-05-25 06:49:37,792 [repositories/r2rml | c.o.c.AbstractParameter] Configured parameter 'cache-ratio-so-os-cso-cos' to default value '[50, 50, 50]'
[INFO ] 2018-05-25 06:49:37,824 [repositories/r2rml | c.o.c.AbstractParameter] Configured parameter 'graphdb.global.page.cache' to default value 'true'
[INFO ] 2018-05-25 06:49:37,831 [repositories/r2rml | c.o.c.AbstractParameter] Configured parameter 'graphdb.page.cache.size' to default value '981.5M'
[WARN ] 2018-05-25 06:49:39,249 [repositories/r2rml | c.o.t.f.GraphDBFreeSchemaRepository] Rule list configuration present, it will override all other rule sets parameters!
[INFO ] 2018-05-25 06:49:39,256 [repositories/r2rml | c.o.c.AbstractParameter] Configured parameter 'virtual.repository.mode' to default value 'false'
[INFO ] 2018-05-25 06:49:39,466 [repositories/r2rml | c.o.c.AbstractParameter] Configured parameter 'epool.journal.buffer.size' to default value '1024'
[INFO ] 2018-05-25 06:49:39,553 [repositories/r2rml | c.o.c.AbstractParameter] Configured parameter 'enable-debug-rules' to default value 'false'
[INFO ] 2018-05-25 06:49:39,582 [repositories/r2rml | c.o.t.InferencerFactory] ruleSet=rdfsplus-optimized, partialRdfs=false
[INFO ] 2018-05-25 06:49:39,652 [repositories/r2rml | c.o.c.AbstractParameter] Configured parameter 'filter.obj.only.hint' to default value 'true'
[INFO ] 2018-05-25 06:49:39,868 [repositories/r2rml | c.o.c.AbstractParameter] Configured parameter 'check.pred.stats' to default value 'false'
[WARN ] 2018-05-25 06:49:40,200 [repositories/r2rml | c.o.t.f.GraphDBFreeSchemaRepository] number of entities mismatch between owlim.properties and actual value from the storage
[INFO ] 2018-05-25 06:49:40,309 [repositories/r2rml | c.o.c.AbstractParameter] Configured parameter 'nonInterpretablePredicates' to default value 'null'
[INFO ] 2018-05-25 06:49:40,312 [repositories/r2rml | c.o.c.AbstractParameter] Configured parameter 'skip-default-plugins' to default value 'false'
[INFO ] 2018-05-25 06:49:40,313 [repositories/r2rml | c.o.t.f.GraphDBFreeSchemaRepository] Searching for plugins available in the classpath...
[INFO ] 2018-05-25 06:49:40,500 [repositories/r2rml | c.o.t.s.i.PluginManager] Registering plugin rdfrank
[INFO ] 2018-05-25 06:49:40,504 [repositories/r2rml | c.o.t.s.i.PluginManager] Registering plugin direct
[INFO ] 2018-05-25 06:49:40,507 [repositories/r2rml | c.o.t.s.i.PluginManager] Registering plugin geospatial
[INFO ] 2018-05-25 06:49:40,507 [repositories/r2rml | c.o.t.s.i.PluginManager] Registering plugin notifications
[INFO ] 2018-05-25 06:49:40,508 [repositories/r2rml | c.o.t.s.i.PluginManager] Registering plugin expose-entity
[INFO ] 2018-05-25 06:49:40,508 [repositories/r2rml | c.o.t.s.i.PluginManager] Registering plugin literals-index
[INFO ] 2018-05-25 06:49:40,509 [repositories/r2rml | c.o.t.s.i.PluginManager] Registering plugin script
[INFO ] 2018-05-25 06:49:40,509 [repositories/r2rml | c.o.t.s.i.PluginManager] Registering plugin plugincontrol
[INFO ] 2018-05-25 06:49:40,509 [repositories/r2rml | c.o.t.s.i.PluginManager] Registering plugin magic-predicates
[INFO ] 2018-05-25 06:49:40,510 [repositories/r2rml | c.o.c.AbstractParameter] Configured parameter 'register-plugins' to default value '[]'
[INFO ] 2018-05-25 06:49:40,565 [repositories/r2rml | c.o.GraphDBConfigParameters] Reading external plugins from /opt/graphdb/dist/lib/plugins
[INFO ] 2018-05-25 06:49:40,565 [repositories/r2rml | c.o.c.AbstractParameter] Configured parameter 'register-external-plugins' to default value '[/opt/graphdb/dist/lib/plugins]'
[INFO ] 2018-05-25 06:49:40,566 [repositories/r2rml | c.o.t.f.GraphDBFreeSchemaRepository] Registering external plugins...
[INFO ] 2018-05-25 06:49:40,582 [repositories/r2rml | c.o.t.f.GraphDBFreeSchemaRepository] Scanning /opt/graphdb/dist/lib/plugins/lucene-connector for plugins
[INFO ] 2018-05-25 06:49:40,990 [repositories/r2rml | c.o.t.s.i.PluginManager] Registering plugin lucene-connector
[INFO ] 2018-05-25 06:49:40,991 [repositories/r2rml | c.o.t.f.GraphDBFreeSchemaRepository] Scanning /opt/graphdb/dist/lib/plugins/autocomplete-plugin for plugins
[INFO ] 2018-05-25 06:49:41,114 [repositories/r2rml | c.o.t.s.i.PluginManager] Registering plugin autocomplete
[INFO ] 2018-05-25 06:49:41,114 [repositories/r2rml | c.o.t.f.GraphDBFreeSchemaRepository] Scanning /opt/graphdb/dist/lib/plugins/graphdb-geosparql-plugin for plugins
[INFO ] 2018-05-25 06:49:41,302 [repositories/r2rml | c.o.t.s.i.PluginManager] Registering plugin GeoSPARQL
[INFO ] 2018-05-25 06:49:41,303 [repositories/r2rml | c.o.t.f.GraphDBFreeSchemaRepository] Scanning /opt/graphdb/dist/lib/plugins/dependencies-plugin for plugins
[INFO ] 2018-05-25 06:49:41,329 [repositories/r2rml | c.o.t.s.i.PluginManager] Registering plugin dependencies-plugin
[INFO ] 2018-05-25 06:49:41,329 [repositories/r2rml | c.o.t.f.GraphDBFreeSchemaRepository] Scanning /opt/graphdb/dist/lib/plugins/sparql-mm for plugins
[INFO ] 2018-05-25 06:49:41,374 [repositories/r2rml | c.o.t.s.i.PluginManager] Registering plugin sparql-mm
[INFO ] 2018-05-25 06:49:41,375 [repositories/r2rml | c.o.t.f.GraphDBFreeSchemaRepository] Scanning /opt/graphdb/dist/lib/plugins/lucene for plugins
[INFO ] 2018-05-25 06:49:41,448 [repositories/r2rml | c.o.t.s.i.PluginManager] Registering plugin lucene
[INFO ] 2018-05-25 06:49:41,449 [repositories/r2rml | c.o.c.AbstractParameter] Configured parameter 'disable-plugins' to default value '[]'
[INFO ] 2018-05-25 06:49:41,453 [repositories/r2rml | c.o.t.s.i.PluginManager] Initializing plugins... (DEFAULT)
[INFO ] 2018-05-25 06:49:41,456 [repositories/r2rml | c.o.t.s.i.PluginManager] Initializing plugin 'expose-entity'
[INFO ] 2018-05-25 06:49:41,602 [repositories/r2rml | c.o.t.s.i.PluginManager] Initializing plugin 'autocomplete'
[INFO ] 2018-05-25 06:49:41,616 [repositories/r2rml | c.o.t.p.a.AutocompletePluginUtils] >>>>>>>> AutocompletePlugin: No configuration file found at /opt/graphdb/home/data/repositories/r2rml/storage/autocomplete/config.properties. Assuming default options for plugin.
[INFO ] 2018-05-25 06:49:41,623 [repositories/r2rml | c.o.t.s.i.PluginManager] Initializing plugin 'direct'
[INFO ] 2018-05-25 06:49:41,626 [repositories/r2rml | c.o.t.s.i.PluginManager] Initializing plugin 'lucene'
[INFO ] 2018-05-25 06:49:41,630 [repositories/r2rml | c.o.p.lucene] No Lucene indices were found
[INFO ] 2018-05-25 06:49:41,630 [repositories/r2rml | c.o.t.s.i.PluginManager] Initializing plugin 'plugincontrol'
[INFO ] 2018-05-25 06:49:41,631 [repositories/r2rml | c.o.t.p.p.PluginControlPlugin] Plugin:plugincontrol initialized
[INFO ] 2018-05-25 06:49:41,632 [repositories/r2rml | c.o.t.s.i.PluginManager] Initializing plugin 'script'
[INFO ] 2018-05-25 06:49:41,637 [repositories/r2rml | c.o.t.s.i.PluginManager] Initializing plugin 'magic-predicates'
[INFO ] 2018-05-25 06:49:41,638 [repositories/r2rml | c.o.p.magic-predicates] Registering InverseMagicPredicate: http://spinrdf.org/spif#foreach
[INFO ] 2018-05-25 06:49:41,640 [repositories/r2rml | c.o.p.magic-predicates] Registering TupleFunction: http://jena.hpl.hp.com/ARQ/list#length
[INFO ] 2018-05-25 06:49:41,640 [repositories/r2rml | c.o.p.magic-predicates] Registering InverseMagicPredicate: http://jena.hpl.hp.com/ARQ/property#concat
[INFO ] 2018-05-25 06:49:41,640 [repositories/r2rml | c.o.p.magic-predicates] Registering InverseMagicPredicate: http://spinrdf.org/spif#for
[INFO ] 2018-05-25 06:49:41,641 [repositories/r2rml | c.o.p.magic-predicates] Registering InverseMagicPredicate: http://spinrdf.org/spif#split
[INFO ] 2018-05-25 06:49:41,641 [repositories/r2rml | c.o.p.magic-predicates] Registering TupleFunction: http://jena.hpl.hp.com/ARQ/list#member
[INFO ] 2018-05-25 06:49:41,641 [repositories/r2rml | c.o.p.magic-predicates] Registering TupleFunction: http://jena.hpl.hp.com/ARQ/list#index
[INFO ] 2018-05-25 06:49:41,641 [repositories/r2rml | c.o.p.magic-predicates] Registering InverseMagicPredicate: http://jena.hpl.hp.com/ARQ/property#strSplit
[INFO ] 2018-05-25 06:49:41,641 [repositories/r2rml | c.o.t.s.i.PluginManager] Initializing plugin 'literals-index'
[INFO ] 2018-05-25 06:49:41,710 [repositories/r2rml | c.o.p.literals-index] Literals indices restored.
[INFO ] 2018-05-25 06:49:41,710 [repositories/r2rml | c.o.t.s.i.PluginManager] Initializing plugin 'geospatial'
[INFO ] 2018-05-25 06:49:41,711 [repositories/r2rml | c.o.t.p.g.GeoSpatialPlugin] Plugin:geospatial initialized
[INFO ] 2018-05-25 06:49:41,712 [repositories/r2rml | c.o.t.s.i.PluginManager] Initializing plugin 'sparql-mm'
[INFO ] 2018-05-25 06:49:41,805 [repositories/r2rml | c.o.g.s.FunctionLoader] Registered 48 functions from package com.github.tkurz.sparqlmm.function.
[INFO ] 2018-05-25 06:49:41,806 [repositories/r2rml | c.o.t.s.i.PluginManager] Initializing plugin 'dependencies-plugin'
[INFO ] 2018-05-25 06:49:41,825 [repositories/r2rml | c.o.t.s.i.PluginManager] Initializing plugin 'GeoSPARQL'
[INFO ] 2018-05-25 06:49:45,230 [repositories/r2rml | c.o.t.g.FunctionLoader] Registered 50 functions from package com.useekm.geosparql.
[INFO ] 2018-05-25 06:49:45,231 [repositories/r2rml | c.o.t.s.i.PluginManager] Initializing plugin 'lucene-connector'
[INFO ] 2018-05-25 06:49:45,256 [repositories/r2rml | c.o.t.s.i.PluginManager] Initializing plugin 'rdfrank'
[INFO ] 2018-05-25 06:49:45,267 [repositories/r2rml | c.o.t.s.i.PluginManager] Initializing plugin 'notifications'
[INFO ] 2018-05-25 06:49:45,271 [repositories/r2rml | c.o.t.s.i.PluginManager] Finished initializing plugins
[INFO ] 2018-05-25 06:49:45,273 [repositories/r2rml | c.o.c.AbstractParameter] Configured parameter 'graphdb.page.cache.size' to default value '981.5M'
[INFO ] 2018-05-25 06:49:45,513 [repositories/r2rml | c.o.c.AbstractParameter] Configured parameter 'do.resolve.entities' to default value 'true'
[INFO ] 2018-05-25 06:49:45,515 [repositories/r2rml | c.o.c.AbstractParameter] Configured parameter 'do.load.data' to default value 'true'
[INFO ] 2018-05-25 06:49:45,515 [repositories/r2rml | c.o.r.p.ParallelLoader] Data will be parsed + resolved + loaded.
[INFO ] 2018-05-25 06:49:45,547 [repositories/r2rml | c.o.r.p.ParallelLoader] Using 4 threads for inference
[INFO ] 2018-05-25 06:49:46,077 [repositories/r2rml | c.o.f.s.RepositoryController] POST query -1797107632
[INFO ] 2018-05-25 06:49:46,091 [repositories/r2rml | c.o.c.AbstractParameter] Configured parameter 'use.parallel.file.inserts' to default value 'true'
[INFO ] 2018-05-25 06:49:46,127 [repositories/r2rml | c.o.c.AbstractParameter] Configured parameter 'custom.validation.queries.file' to default value 'null'
[INFO ] 2018-05-25 06:49:46,374 [repositories/r2rml | c.o.c.AbstractParameter] Configured parameter 'deduplicate.construct' to default value 'true'
[INFO ] 2018-05-25 06:49:46,445 [repositories/r2rml | c.o.c.AbstractParameter] Configured parameter 'reuse.vars.in.subselects' to default value 'false'
[INFO ] 2018-05-25 06:49:46,520 [repositories/r2rml | c.o.c.AbstractParameter] Configured parameter 'in-clause-max-members' to default value '16'
[INFO ] 2018-05-25 06:49:46,526 [repositories/r2rml | c.o.c.AbstractParameter] Configured parameter 'query.convert.values.clause' to default value 'true'
[INFO ] 2018-05-25 06:49:46,559 [repositories/r2rml | c.o.c.AbstractParameter] Configured parameter 'hash.join' to default value 'false'
[INFO ] 2018-05-25 06:49:46,564 [repositories/r2rml | c.o.c.AbstractParameter] Configured parameter 'merge.join' to default value 'false'
[INFO ] 2018-05-25 06:49:46,568 [repositories/r2rml | c.o.c.AbstractParameter] Configured parameter 'PTO' to default value '2'
[INFO ] 2018-05-25 06:49:46,568 [repositories/r2rml | c.o.c.AbstractParameter] Configured parameter 'FSIPC' to default value '2'
[INFO ] 2018-05-25 06:49:46,697 [repositories/r2rml | o.e.r.h.s.r.GraphQueryResultView] Request for query 3392903 is finished
[INFO ] 2018-05-25 06:50:33,553 [repositories/r2rml | c.o.g.s.StatementsController] POST SPARQL update request to repository
[INFO ] 2018-05-25 06:50:33,672 [repositories/r2rml | c.o.t.InferencerFactory] ruleSet=rdfsplus-optimized, partialRdfs=false
[INFO ] 2018-05-25 06:50:34,733 [repositories/r2rml | c.o.g.s.StatementsController] POST SPARQL update request to repository
[INFO ] 2018-05-25 06:50:49,286 [repositories/r2rml | c.o.f.s.RepositoryController] POST query -1797107632
[INFO ] 2018-05-25 06:50:49,340 [repositories/r2rml | o.e.r.h.s.r.GraphQueryResultView] Request for query 3392903 is finished
[INFO ] 2018-05-25 06:50:52,537 [repositories/data | c.o.t.f.GraphDBFreeSchemaRepository] Version: 8.4, revision: -1703271316
[INFO ] 2018-05-25 06:50:52,538 [repositories/data | c.o.t.f.GraphDBFreeSchemaRepository] Build date: Fri Jan 05 21:39:27 UTC 2018
[INFO ] 2018-05-25 06:50:52,554 [repositories/data | c.o.t.f.GraphDBFreeSchemaRepository] Started repository data in READ/WRITE mode.
[INFO ] 2018-05-25 06:50:52,556 [repositories/data | c.o.c.AbstractParameter] Configured parameter 'partialRDFS' to default value 'false'
[INFO ] 2018-05-25 06:50:52,559 [repositories/data | c.o.c.AbstractParameter] Configured parameter 'transaction-isolation' to default value 'true'
[INFO ] 2018-05-25 06:50:52,561 [repositories/data | c.o.c.AbstractParameter] Configured parameter 'checkForValidPropertiesAndClasses' to default value 'false'
[INFO ] 2018-05-25 06:50:52,563 [repositories/data | c.o.c.AbstractParameter] Configured parameter 'transaction-mode' to default value 'safe'
[INFO ] 2018-05-25 06:50:52,564 [repositories/data | c.o.c.AbstractParameter] Configured parameter 'entity-pool-implementation' to default value 'transactional'
[INFO ] 2018-05-25 06:50:52,566 [repositories/data | c.o.c.AbstractParameter] Configured parameter 'useShutdownHooks' to default value 'true'
[INFO ] 2018-05-25 06:50:52,571 [repositories/data | c.o.GraphDBConfigParameters] Cache pages for tuples: 7829
[INFO ] 2018-05-25 06:50:52,572 [repositories/data | c.o.GraphDBConfigParameters] Cache pages for predicates: 1118
[INFO ] 2018-05-25 06:50:52,573 [repositories/data | c.o.c.AbstractParameter] Configured parameter 'graphdb.global.page.cache' to default value 'true'
[INFO ] 2018-05-25 06:50:52,616 [repositories/data | c.o.c.AbstractParameter] Configured parameter 'graphdb.epool.onheap' to default value 'false'
[INFO ] 2018-05-25 06:50:52,617 [repositories/data | c.o.t.e.EntityPoolFactory] Using entity pool implementation: transactional-disk
[INFO ] 2018-05-25 06:50:52,650 [repositories/data | c.o.t.e.i.m.PersistedHashMap] Restoring entity hash table...
[INFO ] 2018-05-25 06:50:52,958 [repositories/data | c.o.t.e.i.m.PersistedHashMap] Restored 211 entities allocating 12.0 MB
[INFO ] 2018-05-25 06:50:52,959 [repositories/data | c.o.t.e.i.m.PersistedHashMap] Done in 303 ms.
[WARN ] 2018-05-25 06:50:53,107 [repositories/data | c.o.t.f.GraphDBFreeSchemaRepository] Rule list configuration present, it will override all other rule sets parameters!
[INFO ] 2018-05-25 06:50:53,323 [repositories/data | c.o.t.InferencerFactory] ruleSet=owl2-rl-optimized, partialRdfs=false
[WARN ] 2018-05-25 06:50:53,617 [repositories/data | c.o.t.f.GraphDBFreeSchemaRepository] number of entities mismatch between owlim.properties and actual value from the storage
[INFO ] 2018-05-25 06:50:53,619 [repositories/data | c.o.c.AbstractParameter] Configured parameter 'nonInterpretablePredicates' to default value 'null'
[INFO ] 2018-05-25 06:50:53,620 [repositories/data | c.o.c.AbstractParameter] Configured parameter 'skip-default-plugins' to default value 'false'
[INFO ] 2018-05-25 06:50:53,621 [repositories/data | c.o.t.f.GraphDBFreeSchemaRepository] Searching for plugins available in the classpath...
[INFO ] 2018-05-25 06:50:53,644 [repositories/data | c.o.t.s.i.PluginManager] Registering plugin rdfrank
[INFO ] 2018-05-25 06:50:53,645 [repositories/data | c.o.t.s.i.PluginManager] Registering plugin direct
[INFO ] 2018-05-25 06:50:53,646 [repositories/data | c.o.t.s.i.PluginManager] Registering plugin geospatial
[INFO ] 2018-05-25 06:50:53,646 [repositories/data | c.o.t.s.i.PluginManager] Registering plugin notifications
[INFO ] 2018-05-25 06:50:53,647 [repositories/data | c.o.t.s.i.PluginManager] Registering plugin expose-entity
[INFO ] 2018-05-25 06:50:53,647 [repositories/data | c.o.t.s.i.PluginManager] Registering plugin literals-index
[INFO ] 2018-05-25 06:50:53,648 [repositories/data | c.o.t.s.i.PluginManager] Registering plugin script
[INFO ] 2018-05-25 06:50:53,648 [repositories/data | c.o.t.s.i.PluginManager] Registering plugin plugincontrol
[INFO ] 2018-05-25 06:50:53,649 [repositories/data | c.o.t.s.i.PluginManager] Registering plugin magic-predicates
[INFO ] 2018-05-25 06:50:53,650 [repositories/data | c.o.c.AbstractParameter] Configured parameter 'register-plugins' to default value '[]'
[INFO ] 2018-05-25 06:50:53,662 [repositories/data | c.o.GraphDBConfigParameters] Reading external plugins from /opt/graphdb/dist/lib/plugins
[INFO ] 2018-05-25 06:50:53,662 [repositories/data | c.o.c.AbstractParameter] Configured parameter 'register-external-plugins' to default value '[/opt/graphdb/dist/lib/plugins]'
[INFO ] 2018-05-25 06:50:53,662 [repositories/data | c.o.t.f.GraphDBFreeSchemaRepository] Registering external plugins...
[INFO ] 2018-05-25 06:50:53,664 [repositories/data | c.o.t.f.GraphDBFreeSchemaRepository] Scanning /opt/graphdb/dist/lib/plugins/lucene-connector for plugins
[INFO ] 2018-05-25 06:50:53,777 [repositories/data | c.o.t.s.i.PluginManager] Registering plugin lucene-connector
[INFO ] 2018-05-25 06:50:53,778 [repositories/data | c.o.t.f.GraphDBFreeSchemaRepository] Scanning /opt/graphdb/dist/lib/plugins/autocomplete-plugin for plugins
[INFO ] 2018-05-25 06:50:53,788 [repositories/data | c.o.t.s.i.PluginManager] Registering plugin autocomplete
[INFO ] 2018-05-25 06:50:53,789 [repositories/data | c.o.t.f.GraphDBFreeSchemaRepository] Scanning /opt/graphdb/dist/lib/plugins/graphdb-geosparql-plugin for plugins
[INFO ] 2018-05-25 06:50:53,844 [repositories/data | c.o.t.s.i.PluginManager] Registering plugin GeoSPARQL
[INFO ] 2018-05-25 06:50:53,845 [repositories/data | c.o.t.f.GraphDBFreeSchemaRepository] Scanning /opt/graphdb/dist/lib/plugins/dependencies-plugin for plugins
[INFO ] 2018-05-25 06:50:53,859 [repositories/data | c.o.t.s.i.PluginManager] Registering plugin dependencies-plugin
[INFO ] 2018-05-25 06:50:53,860 [repositories/data | c.o.t.f.GraphDBFreeSchemaRepository] Scanning /opt/graphdb/dist/lib/plugins/sparql-mm for plugins
[INFO ] 2018-05-25 06:50:53,868 [repositories/data | c.o.t.s.i.PluginManager] Registering plugin sparql-mm
[INFO ] 2018-05-25 06:50:53,868 [repositories/data | c.o.t.f.GraphDBFreeSchemaRepository] Scanning /opt/graphdb/dist/lib/plugins/lucene for plugins
[INFO ] 2018-05-25 06:50:53,899 [repositories/data | c.o.t.s.i.PluginManager] Registering plugin lucene
[INFO ] 2018-05-25 06:50:53,899 [repositories/data | c.o.c.AbstractParameter] Configured parameter 'disable-plugins' to default value '[]'
[INFO ] 2018-05-25 06:50:53,903 [repositories/data | c.o.t.s.i.PluginManager] Initializing plugins... (DEFAULT)
[INFO ] 2018-05-25 06:50:53,903 [repositories/data | c.o.t.s.i.PluginManager] Initializing plugin 'expose-entity'
[INFO ] 2018-05-25 06:50:53,904 [repositories/data | c.o.t.s.i.PluginManager] Initializing plugin 'autocomplete'
[INFO ] 2018-05-25 06:50:53,911 [repositories/data | c.o.t.p.a.AutocompletePluginUtils] >>>>>>>> AutocompletePlugin: No configuration file found at /opt/graphdb/home/data/repositories/data/storage/autocomplete/config.properties. Assuming default options for plugin.
[INFO ] 2018-05-25 06:50:53,920 [repositories/data | c.o.t.s.i.PluginManager] Initializing plugin 'direct'
[INFO ] 2018-05-25 06:50:53,921 [repositories/data | c.o.t.s.i.PluginManager] Initializing plugin 'lucene'
[INFO ] 2018-05-25 06:50:53,926 [repositories/data | c.o.p.lucene] No Lucene indices were found
[INFO ] 2018-05-25 06:50:53,926 [repositories/data | c.o.t.s.i.PluginManager] Initializing plugin 'plugincontrol'
[INFO ] 2018-05-25 06:50:53,926 [repositories/data | c.o.t.p.p.PluginControlPlugin] Plugin:plugincontrol initialized
[INFO ] 2018-05-25 06:50:53,927 [repositories/data | c.o.t.s.i.PluginManager] Initializing plugin 'script'
[INFO ] 2018-05-25 06:50:53,929 [repositories/data | c.o.t.s.i.PluginManager] Initializing plugin 'magic-predicates'
[INFO ] 2018-05-25 06:50:53,931 [repositories/data | c.o.p.magic-predicates] Registering InverseMagicPredicate: http://spinrdf.org/spif#foreach
[INFO ] 2018-05-25 06:50:53,931 [repositories/data | c.o.p.magic-predicates] Registering TupleFunction: http://jena.hpl.hp.com/ARQ/list#length
[INFO ] 2018-05-25 06:50:53,932 [repositories/data | c.o.p.magic-predicates] Registering InverseMagicPredicate: http://jena.hpl.hp.com/ARQ/property#concat
[INFO ] 2018-05-25 06:50:53,932 [repositories/data | c.o.p.magic-predicates] Registering InverseMagicPredicate: http://spinrdf.org/spif#for
[INFO ] 2018-05-25 06:50:53,932 [repositories/data | c.o.p.magic-predicates] Registering InverseMagicPredicate: http://spinrdf.org/spif#split
[INFO ] 2018-05-25 06:50:53,932 [repositories/data | c.o.p.magic-predicates] Registering TupleFunction: http://jena.hpl.hp.com/ARQ/list#member
[INFO ] 2018-05-25 06:50:53,932 [repositories/data | c.o.p.magic-predicates] Registering TupleFunction: http://jena.hpl.hp.com/ARQ/list#index
[INFO ] 2018-05-25 06:50:53,932 [repositories/data | c.o.p.magic-predicates] Registering InverseMagicPredicate: http://jena.hpl.hp.com/ARQ/property#strSplit
[INFO ] 2018-05-25 06:50:53,932 [repositories/data | c.o.t.s.i.PluginManager] Initializing plugin 'literals-index'
[INFO ] 2018-05-25 06:50:53,981 [repositories/data | c.o.p.literals-index] Literals indices restored.
[INFO ] 2018-05-25 06:50:53,981 [repositories/data | c.o.t.s.i.PluginManager] Initializing plugin 'geospatial'
[INFO ] 2018-05-25 06:50:53,982 [repositories/data | c.o.t.p.g.GeoSpatialPlugin] Plugin:geospatial initialized
[INFO ] 2018-05-25 06:50:53,983 [repositories/data | c.o.t.s.i.PluginManager] Initializing plugin 'sparql-mm'
[INFO ] 2018-05-25 06:50:54,024 [repositories/data | c.o.g.s.FunctionLoader] Registered 48 functions from package com.github.tkurz.sparqlmm.function.
[INFO ] 2018-05-25 06:50:54,024 [repositories/data | c.o.t.s.i.PluginManager] Initializing plugin 'dependencies-plugin'
[INFO ] 2018-05-25 06:50:54,026 [repositories/data | c.o.t.s.i.PluginManager] Initializing plugin 'GeoSPARQL'
[INFO ] 2018-05-25 06:50:57,509 [repositories/data | c.o.t.g.FunctionLoader] Registered 50 functions from package com.useekm.geosparql.
[INFO ] 2018-05-25 06:50:57,510 [repositories/data | c.o.t.s.i.PluginManager] Initializing plugin 'lucene-connector'
[INFO ] 2018-05-25 06:50:57,553 [repositories/data | c.o.t.s.i.PluginManager] Initializing plugin 'rdfrank'
[INFO ] 2018-05-25 06:50:57,558 [repositories/data | c.o.t.s.i.PluginManager] Initializing plugin 'notifications'
[INFO ] 2018-05-25 06:50:57,559 [repositories/data | c.o.t.s.i.PluginManager] Finished initializing plugins
[INFO ] 2018-05-25 06:50:57,562 [repositories/data | c.o.c.AbstractParameter] Configured parameter 'graphdb.page.cache.size' to default value '981.5M'
[INFO ] 2018-05-25 06:50:58,133 [repositories/data | c.o.r.p.ParallelLoader] Using 4 threads for inference
[INFO ] 2018-05-25 06:50:59,629 [repositories/data | o.e.r.h.s.r.t.GraphDBTransactionStartController] POST transaction start
[INFO ] 2018-05-25 06:50:59,691 [repositories/data | o.e.r.h.s.r.t.GraphDBTransactionStartController] transaction started
[INFO ] 2018-05-25 06:50:59,843 [repositories/data | o.e.r.h.s.r.t.TransactionController] PUT txn operation
[INFO ] 2018-05-25 06:50:59,860 [repositories/data | o.e.r.h.s.r.t.TransactionController] PUT txn operation request finished.
[INFO ] 2018-05-25 06:50:59,872 [repositories/data | o.e.r.h.s.r.t.TransactionController] PUT txn operation
[INFO ] 2018-05-25 06:51:00,163 [repositories/data | o.e.r.h.s.r.t.TransactionController] PUT txn operation request finished.
[INFO ] 2018-05-25 06:51:00,184 [repositories/data | o.e.r.h.s.r.t.GraphDBTransactionStartController] POST transaction start
[INFO ] 2018-05-25 06:51:00,190 [repositories/data | o.e.r.h.s.r.t.GraphDBTransactionStartController] transaction started
[INFO ] 2018-05-25 06:51:00,213 [repositories/data | o.e.r.h.s.r.t.TransactionController] POST txn operation
[INFO ] 2018-05-25 06:51:00,253 [rdf4j-transaction-0 | c.o.c.AbstractParameter] Configured parameter 'deduplicate.construct' to default value 'true'
[INFO ] 2018-05-25 06:51:00,253 [rdf4j-transaction-0 | c.o.c.AbstractParameter] Configured parameter 'reuse.vars.in.subselects' to default value 'false'
[INFO ] 2018-05-25 06:51:00,331 [repositories/data | o.e.r.h.s.r.t.TransactionController] PUT txn operation request finished.
[INFO ] 2018-05-25 06:51:00,359 [repositories/data | o.e.r.h.s.r.t.TransactionController] PUT txn operation
[INFO ] 2018-05-25 06:51:00,932 [repositories/data | o.e.r.h.s.r.t.TransactionController] PUT txn operation request finished.
[INFO ] 2018-05-25 06:51:22,064 [repositories/r2rml | c.o.f.s.RepositoryController] GET query 227432882
[INFO ] 2018-05-25 06:51:22,274 [repositories/r2rml | o.e.r.h.s.r.TupleQueryResultView] Request for query 227432882 is finished
[INFO ] 2018-05-25 06:51:29,912 [repositories/r2rml | c.o.g.s.StatementsController] POST SPARQL update request to repository
[INFO ] 2018-05-25 06:51:38,657 [repositories/data | c.o.f.s.RepositoryController] GET query -888361294
[INFO ] 2018-05-25 06:51:38,698 [repositories/data | o.e.r.h.s.r.TupleQueryResultView] Request for query -888361294 is finished
[INFO ] 2018-05-25 06:52:02,035 [repositories/r2rml | c.o.f.s.RepositoryController] POST query -1797107632
[INFO ] 2018-05-25 06:52:02,140 [repositories/r2rml | o.e.r.h.s.r.GraphQueryResultView] Request for query 3392903 is finished
[INFO ] 2018-05-25 06:56:05,231 [Thread-2 | c.o.g.s.GraphDB] Stopping GraphDB.
[INFO ] 2018-05-25 06:56:05,484 [Thread-4 | c.o.t.s.i.PluginManager] Shutting down plugins (DEFAULT)...
[INFO ] 2018-05-25 06:56:05,497 [Thread-7 | c.o.t.s.i.PluginManager] Shutting down plugins (DEFAULT)...
[INFO ] 2018-05-25 06:56:05,859 [localhost-startStop-2 | c.o.f.c.s.SemanticDataManagement] Shutting down current semantic location
[INFO ] 2018-05-25 06:56:05,883 [Thread-7 | c.o.t.b.AVLRepository] NumberOfStatements = 2133
[INFO ] 2018-05-25 06:56:05,885 [Thread-7 | c.o.t.b.AVLRepository] NumberOfExplicitStatements = 210
[INFO ] 2018-05-25 06:56:05,964 [Thread-4 | c.o.t.b.AVLRepository] NumberOfStatements = 225
[INFO ] 2018-05-25 06:56:05,966 [Thread-4 | c.o.t.b.AVLRepository] NumberOfExplicitStatements = 123
[INFO ] 2018-05-25 06:56:06,024 [Thread-4 | c.o.t.f.GraphDBFreeSchemaRepository] Shutting down entity pool
[INFO ] 2018-05-25 06:56:06,027 [Thread-7 | c.o.t.f.GraphDBFreeSchemaRepository] Shutting down entity pool
[INFO ] 2018-05-25 06:56:07,253 [Thread-4 | c.o.t.f.GraphDBFreeSchemaRepository] Entity pool was shut down
[INFO ] 2018-05-25 06:56:07,318 [Thread-7 | c.o.t.f.GraphDBFreeSchemaRepository] Entity pool was shut down
[INFO ] 2018-05-25 07:01:20,675 [main | c.o.g.Config] Using 'jar:file:/opt/graphdb/dist/lib/graphdb-application-common-8.4.1.jar!/com/ontotext/graphdb/logback.xml' as logback's configuration file for graphdb
[INFO ] 2018-05-25 07:01:21,225 [main | c.o.g.s.GraphDB] Starting GraphDB in workbench mode.
[INFO ] 2018-05-25 07:01:42,780 [localhost-startStop-1 | c.o.g.Config] GraphDB Home directory: /opt/graphdb/home
[INFO ] 2018-05-25 07:01:42,782 [localhost-startStop-1 | c.o.g.Config] GraphDB Config directory: /opt/graphdb/home/conf
[INFO ] 2018-05-25 07:01:42,792 [localhost-startStop-1 | c.o.g.Config] GraphDB Data directory: /opt/graphdb/home/data
[INFO ] 2018-05-25 07:01:42,793 [localhost-startStop-1 | c.o.g.Config] GraphDB Work directory: /opt/graphdb/home/work
[INFO ] 2018-05-25 07:01:42,795 [localhost-startStop-1 | c.o.g.Config] GraphDB Logs directory: /opt/graphdb/home/logs
[INFO ] 2018-05-25 07:02:00,583 [main | c.o.g.s.GraphDB] Started GraphDB in workbench mode at port 7200.
[INFO ] 2018-05-25 07:02:01,519 [repositories/data | c.o.t.f.GraphDBFreeSchemaRepository] Version: 8.4, revision: -1703271316
[INFO ] 2018-05-25 07:02:01,519 [repositories/data | c.o.t.f.GraphDBFreeSchemaRepository] Build date: Fri Jan 05 21:39:27 UTC 2018
[INFO ] 2018-05-25 07:02:01,546 [repositories/data | c.o.t.f.GraphDBFreeSchemaRepository] Started repository data in READ/WRITE mode.
[INFO ] 2018-05-25 07:02:01,547 [repositories/data | c.o.c.AbstractParameter] Configured parameter 'partialRDFS' to default value 'false'
[INFO ] 2018-05-25 07:02:01,548 [repositories/data | c.o.c.AbstractParameter] Configured parameter 'transaction-isolation' to default value 'true'
[INFO ] 2018-05-25 07:02:01,549 [repositories/data | c.o.c.AbstractParameter] Configured parameter 'checkForValidPropertiesAndClasses' to default value 'false'
[INFO ] 2018-05-25 07:02:01,549 [repositories/data | c.o.c.AbstractParameter] Configured parameter 'transaction-mode' to default value 'safe'
[INFO ] 2018-05-25 07:02:01,550 [repositories/data | c.o.c.AbstractParameter] Configured parameter 'entity-pool-implementation' to default value 'transactional'
[INFO ] 2018-05-25 07:02:01,550 [repositories/data | c.o.c.AbstractParameter] Configured parameter 'useShutdownHooks' to default value 'true'
[INFO ] 2018-05-25 07:02:01,565 [repositories/data | c.o.GraphDBConfigParameters] Cache pages for tuples: 7829
[INFO ] 2018-05-25 07:02:01,566 [repositories/data | c.o.GraphDBConfigParameters] Cache pages for predicates: 1118
[INFO ] 2018-05-25 07:02:01,571 [repositories/data | c.o.c.AbstractParameter] Configured parameter 'graphdb.global.page.cache' to default value 'true'
[INFO ] 2018-05-25 07:02:01,627 [repositories/data | c.o.c.AbstractParameter] Configured parameter 'graphdb.epool.onheap' to default value 'false'
[INFO ] 2018-05-25 07:02:01,627 [repositories/data | c.o.t.e.EntityPoolFactory] Using entity pool implementation: transactional-disk
[INFO ] 2018-05-25 07:02:01,632 [repositories/data | c.o.c.AbstractParameter] Configured parameter 'epool.connection.cache.size' to default value '2000'
[INFO ] 2018-05-25 07:02:01,644 [repositories/data | c.o.c.AbstractParameter] Configured parameter 'graphdb.epool.onheap' to default value 'false'
[INFO ] 2018-05-25 07:02:01,749 [repositories/data | c.o.t.e.i.m.PersistedHashMap] Restoring entity hash table...
[INFO ] 2018-05-25 07:02:02,218 [repositories/data | c.o.t.e.i.m.PersistedHashMap] Restored 334 entities allocating 12.0 MB
[INFO ] 2018-05-25 07:02:02,219 [repositories/data | c.o.t.e.i.m.PersistedHashMap] Done in 467 ms.
[INFO ] 2018-05-25 07:02:02,408 [repositories/data | c.o.c.AbstractParameter] Configured parameter 'allow-system-entities-as-data' to default value 'false'
[INFO ] 2018-05-25 07:02:02,420 [repositories/data | c.o.t.u.l.LimitedObjectCacheFactory] Using LRU cache type: synch
[INFO ] 2018-05-25 07:02:02,439 [repositories/data | c.o.c.AbstractParameter] Configured parameter 'enable-pool-reversecache' to default value 'true'
[INFO ] 2018-05-25 07:02:02,456 [repositories/data | c.o.c.AbstractParameter] Configured parameter 'cache-ratio-so-os-cso-cos' to default value '[50, 50, 50]'
[INFO ] 2018-05-25 07:02:02,532 [repositories/data | c.o.c.AbstractParameter] Configured parameter 'graphdb.global.page.cache' to default value 'true'
[INFO ] 2018-05-25 07:02:02,546 [repositories/data | c.o.c.AbstractParameter] Configured parameter 'graphdb.page.cache.size' to default value '981.5M'
[WARN ] 2018-05-25 07:02:03,232 [repositories/data | c.o.t.f.GraphDBFreeSchemaRepository] Rule list configuration present, it will override all other rule sets parameters!
[INFO ] 2018-05-25 07:02:03,237 [repositories/data | c.o.c.AbstractParameter] Configured parameter 'virtual.repository.mode' to default value 'false'
[INFO ] 2018-05-25 07:02:03,322 [repositories/data | c.o.c.AbstractParameter] Configured parameter 'epool.journal.buffer.size' to default value '1024'
[INFO ] 2018-05-25 07:02:03,350 [repositories/data | c.o.c.AbstractParameter] Configured parameter 'enable-debug-rules' to default value 'false'
[INFO ] 2018-05-25 07:02:03,423 [repositories/data | c.o.t.InferencerFactory] ruleSet=owl2-rl-optimized, partialRdfs=false
[INFO ] 2018-05-25 07:02:03,446 [repositories/data | c.o.c.AbstractParameter] Configured parameter 'filter.obj.only.hint' to default value 'true'
[INFO ] 2018-05-25 07:02:03,554 [repositories/data | c.o.c.AbstractParameter] Configured parameter 'check.pred.stats' to default value 'false'
[INFO ] 2018-05-25 07:02:03,999 [repositories/data | c.o.c.AbstractParameter] Configured parameter 'nonInterpretablePredicates' to default value 'null'
[INFO ] 2018-05-25 07:02:04,000 [repositories/data | c.o.c.AbstractParameter] Configured parameter 'skip-default-plugins' to default value 'false'
[INFO ] 2018-05-25 07:02:04,001 [repositories/data | c.o.t.f.GraphDBFreeSchemaRepository] Searching for plugins available in the classpath...
[INFO ] 2018-05-25 07:02:04,075 [repositories/data | c.o.t.s.i.PluginManager] Registering plugin rdfrank
[INFO ] 2018-05-25 07:02:04,076 [repositories/data | c.o.t.s.i.PluginManager] Registering plugin direct
[INFO ] 2018-05-25 07:02:04,077 [repositories/data | c.o.t.s.i.PluginManager] Registering plugin geospatial
[INFO ] 2018-05-25 07:02:04,079 [repositories/data | c.o.t.s.i.PluginManager] Registering plugin notifications
[INFO ] 2018-05-25 07:02:04,081 [repositories/data | c.o.t.s.i.PluginManager] Registering plugin expose-entity
[INFO ] 2018-05-25 07:02:04,082 [repositories/data | c.o.t.s.i.PluginManager] Registering plugin literals-index
[INFO ] 2018-05-25 07:02:04,083 [repositories/data | c.o.t.s.i.PluginManager] Registering plugin script
[INFO ] 2018-05-25 07:02:04,084 [repositories/data | c.o.t.s.i.PluginManager] Registering plugin plugincontrol
[INFO ] 2018-05-25 07:02:04,087 [repositories/data | c.o.t.s.i.PluginManager] Registering plugin magic-predicates
[INFO ] 2018-05-25 07:02:04,088 [repositories/data | c.o.c.AbstractParameter] Configured parameter 'register-plugins' to default value '[]'
[INFO ] 2018-05-25 07:02:04,094 [repositories/data | c.o.GraphDBConfigParameters] Reading external plugins from /opt/graphdb/dist/lib/plugins
[INFO ] 2018-05-25 07:02:04,095 [repositories/data | c.o.c.AbstractParameter] Configured parameter 'register-external-plugins' to default value '[/opt/graphdb/dist/lib/plugins]'
[INFO ] 2018-05-25 07:02:04,096 [repositories/data | c.o.t.f.GraphDBFreeSchemaRepository] Registering external plugins...
[INFO ] 2018-05-25 07:02:04,099 [repositories/data | c.o.t.f.GraphDBFreeSchemaRepository] Scanning /opt/graphdb/dist/lib/plugins/lucene-connector for plugins
[INFO ] 2018-05-25 07:02:04,194 [repositories/data | c.o.t.s.i.PluginManager] Registering plugin lucene-connector
[INFO ] 2018-05-25 07:02:04,194 [repositories/data | c.o.t.f.GraphDBFreeSchemaRepository] Scanning /opt/graphdb/dist/lib/plugins/autocomplete-plugin for plugins
[INFO ] 2018-05-25 07:02:04,216 [repositories/data | c.o.t.s.i.PluginManager] Registering plugin autocomplete
[INFO ] 2018-05-25 07:02:04,216 [repositories/data | c.o.t.f.GraphDBFreeSchemaRepository] Scanning /opt/graphdb/dist/lib/plugins/graphdb-geosparql-plugin for plugins
[INFO ] 2018-05-25 07:02:04,280 [repositories/data | c.o.t.s.i.PluginManager] Registering plugin GeoSPARQL
[INFO ] 2018-05-25 07:02:04,280 [repositories/data | c.o.t.f.GraphDBFreeSchemaRepository] Scanning /opt/graphdb/dist/lib/plugins/dependencies-plugin for plugins
[INFO ] 2018-05-25 07:02:04,287 [repositories/data | c.o.t.s.i.PluginManager] Registering plugin dependencies-plugin
[INFO ] 2018-05-25 07:02:04,288 [repositories/data | c.o.t.f.GraphDBFreeSchemaRepository] Scanning /opt/graphdb/dist/lib/plugins/sparql-mm for plugins
[INFO ] 2018-05-25 07:02:04,306 [repositories/data | c.o.t.s.i.PluginManager] Registering plugin sparql-mm
[INFO ] 2018-05-25 07:02:04,306 [repositories/data | c.o.t.f.GraphDBFreeSchemaRepository] Scanning /opt/graphdb/dist/lib/plugins/lucene for plugins
[INFO ] 2018-05-25 07:02:04,336 [repositories/data | c.o.t.s.i.PluginManager] Registering plugin lucene
[INFO ] 2018-05-25 07:02:04,336 [repositories/data | c.o.c.AbstractParameter] Configured parameter 'disable-plugins' to default value '[]'
[INFO ] 2018-05-25 07:02:04,337 [repositories/data | c.o.t.s.i.PluginManager] Initializing plugins... (DEFAULT)
[INFO ] 2018-05-25 07:02:04,338 [repositories/data | c.o.t.s.i.PluginManager] Initializing plugin 'expose-entity'
[INFO ] 2018-05-25 07:02:04,504 [repositories/data | c.o.t.s.i.PluginManager] Initializing plugin 'autocomplete'
[INFO ] 2018-05-25 07:02:04,510 [repositories/data | c.o.t.p.a.AutocompletePluginUtils] >>>>>>>> AutocompletePlugin: No configuration file found at /opt/graphdb/home/data/repositories/data/storage/autocomplete/config.properties. Assuming default options for plugin.
[INFO ] 2018-05-25 07:02:04,515 [repositories/data | c.o.t.s.i.PluginManager] Initializing plugin 'direct'
[INFO ] 2018-05-25 07:02:04,594 [repositories/data | c.o.t.s.i.PluginManager] Initializing plugin 'lucene'
[INFO ] 2018-05-25 07:02:04,598 [repositories/data | c.o.p.lucene] No Lucene indices were found
[INFO ] 2018-05-25 07:02:04,599 [repositories/data | c.o.t.s.i.PluginManager] Initializing plugin 'plugincontrol'
[INFO ] 2018-05-25 07:02:04,601 [repositories/data | c.o.t.p.p.PluginControlPlugin] Plugin:plugincontrol initialized
[INFO ] 2018-05-25 07:02:04,601 [repositories/data | c.o.t.s.i.PluginManager] Initializing plugin 'script'
[INFO ] 2018-05-25 07:02:04,625 [repositories/data | c.o.t.s.i.PluginManager] Initializing plugin 'magic-predicates'
[INFO ] 2018-05-25 07:02:04,627 [repositories/data | c.o.p.magic-predicates] Registering InverseMagicPredicate: http://spinrdf.org/spif#foreach
[INFO ] 2018-05-25 07:02:04,629 [repositories/data | c.o.p.magic-predicates] Registering TupleFunction: http://jena.hpl.hp.com/ARQ/list#length
[INFO ] 2018-05-25 07:02:04,629 [repositories/data | c.o.p.magic-predicates] Registering InverseMagicPredicate: http://jena.hpl.hp.com/ARQ/property#concat
[INFO ] 2018-05-25 07:02:04,631 [repositories/data | c.o.p.magic-predicates] Registering InverseMagicPredicate: http://spinrdf.org/spif#for
[INFO ] 2018-05-25 07:02:04,631 [repositories/data | c.o.p.magic-predicates] Registering InverseMagicPredicate: http://spinrdf.org/spif#split
[INFO ] 2018-05-25 07:02:04,631 [repositories/data | c.o.p.magic-predicates] Registering TupleFunction: http://jena.hpl.hp.com/ARQ/list#member
[INFO ] 2018-05-25 07:02:04,632 [repositories/data | c.o.p.magic-predicates] Registering TupleFunction: http://jena.hpl.hp.com/ARQ/list#index
[INFO ] 2018-05-25 07:02:04,632 [repositories/data | c.o.p.magic-predicates] Registering InverseMagicPredicate: http://jena.hpl.hp.com/ARQ/property#strSplit
[INFO ] 2018-05-25 07:02:04,632 [repositories/data | c.o.t.s.i.PluginManager] Initializing plugin 'literals-index'
[INFO ] 2018-05-25 07:02:04,664 [repositories/data | c.o.p.literals-index] Literals indices restored.
[INFO ] 2018-05-25 07:02:04,665 [repositories/data | c.o.t.s.i.PluginManager] Initializing plugin 'geospatial'
[INFO ] 2018-05-25 07:02:04,670 [repositories/data | c.o.t.p.g.GeoSpatialPlugin] Plugin:geospatial initialized
[INFO ] 2018-05-25 07:02:04,671 [repositories/data | c.o.t.s.i.PluginManager] Initializing plugin 'sparql-mm'
[INFO ] 2018-05-25 07:02:04,748 [repositories/data | c.o.g.s.FunctionLoader] Registered 48 functions from package com.github.tkurz.sparqlmm.function.
[INFO ] 2018-05-25 07:02:04,748 [repositories/data | c.o.t.s.i.PluginManager] Initializing plugin 'dependencies-plugin'
[INFO ] 2018-05-25 07:02:04,749 [repositories/data | c.o.t.s.i.PluginManager] Initializing plugin 'GeoSPARQL'
[INFO ] 2018-05-25 07:02:06,986 [repositories/data | c.o.t.g.FunctionLoader] Registered 50 functions from package com.useekm.geosparql.
[INFO ] 2018-05-25 07:02:06,986 [repositories/data | c.o.t.s.i.PluginManager] Initializing plugin 'lucene-connector'
[INFO ] 2018-05-25 07:02:07,010 [repositories/data | c.o.t.s.i.PluginManager] Initializing plugin 'rdfrank'
[INFO ] 2018-05-25 07:02:07,034 [repositories/data | c.o.t.s.i.PluginManager] Initializing plugin 'notifications'
[INFO ] 2018-05-25 07:02:07,041 [repositories/data | c.o.t.s.i.PluginManager] Finished initializing plugins
[INFO ] 2018-05-25 07:02:07,043 [repositories/data | c.o.c.AbstractParameter] Configured parameter 'graphdb.page.cache.size' to default value '981.5M'
[INFO ] 2018-05-25 07:02:07,293 [repositories/data | c.o.c.AbstractParameter] Configured parameter 'do.resolve.entities' to default value 'true'
[INFO ] 2018-05-25 07:02:07,294 [repositories/data | c.o.c.AbstractParameter] Configured parameter 'do.load.data' to default value 'true'
[INFO ] 2018-05-25 07:02:07,295 [repositories/data | c.o.r.p.ParallelLoader] Data will be parsed + resolved + loaded.
[INFO ] 2018-05-25 07:02:07,314 [repositories/data | c.o.r.p.ParallelLoader] Using 4 threads for inference
[INFO ] 2018-05-25 07:02:08,501 [repositories/data | c.o.f.s.RepositoryController] GET query 1836226679
[INFO ] 2018-05-25 07:02:08,512 [repositories/data | c.o.c.AbstractParameter] Configured parameter 'use.parallel.file.inserts' to default value 'true'
[INFO ] 2018-05-25 07:02:08,532 [repositories/data | c.o.c.AbstractParameter] Configured parameter 'custom.validation.queries.file' to default value 'null'
[INFO ] 2018-05-25 07:02:08,648 [repositories/data | c.o.c.AbstractParameter] Configured parameter 'deduplicate.construct' to default value 'true'
[INFO ] 2018-05-25 07:02:08,665 [repositories/data | c.o.c.AbstractParameter] Configured parameter 'reuse.vars.in.subselects' to default value 'false'
[INFO ] 2018-05-25 07:02:08,695 [repositories/data | c.o.c.AbstractParameter] Configured parameter 'in-clause-max-members' to default value '16'
[INFO ] 2018-05-25 07:02:08,696 [repositories/data | c.o.c.AbstractParameter] Configured parameter 'query.convert.values.clause' to default value 'true'
[INFO ] 2018-05-25 07:02:08,739 [repositories/data | c.o.c.AbstractParameter] Configured parameter 'hash.join' to default value 'false'
[INFO ] 2018-05-25 07:02:08,746 [repositories/data | c.o.c.AbstractParameter] Configured parameter 'merge.join' to default value 'false'
[INFO ] 2018-05-25 07:02:08,765 [repositories/data | c.o.c.AbstractParameter] Configured parameter 'PTO' to default value '2'
[INFO ] 2018-05-25 07:02:08,767 [repositories/data | c.o.c.AbstractParameter] Configured parameter 'FSIPC' to default value '2'
[INFO ] 2018-05-25 07:02:09,035 [repositories/data | o.e.r.h.s.r.TupleQueryResultView] Request for query 1836226679 is finished
[INFO ] 2018-05-25 07:02:09,091 [repositories/data | c.o.f.s.RepositoryController] GET query -1089627195
[INFO ] 2018-05-25 07:02:09,170 [repositories/data | o.e.r.h.s.r.TupleQueryResultView] Request for query -1089627195 is finished
[INFO ] 2018-05-25 07:02:11,370 [repositories/data | c.o.f.s.RepositoryController] GET query 1480214660
[INFO ] 2018-05-25 07:02:11,398 [repositories/data | o.e.r.h.s.r.TupleQueryResultView] Request for query 1480214660 is finished
[INFO ] 2018-05-25 07:02:11,533 [repositories/data | c.o.f.s.RepositoryController] GET query -1630991355
[INFO ] 2018-05-25 07:02:11,548 [repositories/data | o.e.r.h.s.r.TupleQueryResultView] Request for query -1630991355 is finished
[INFO ] 2018-05-25 07:02:11,680 [repositories/data | c.o.f.s.RepositoryController] GET query 495385863
[INFO ] 2018-05-25 07:02:11,700 [repositories/data | o.e.r.h.s.r.TupleQueryResultView] Request for query 495385863 is finished
[INFO ] 2018-05-25 07:02:11,805 [repositories/data | c.o.f.s.RepositoryController] GET query -567802746
[INFO ] 2018-05-25 07:02:11,849 [repositories/data | o.e.r.h.s.r.TupleQueryResultView] Request for query -567802746 is finished
[INFO ] 2018-05-25 07:02:12,003 [repositories/data | c.o.f.s.RepositoryController] GET query 1558574472
[INFO ] 2018-05-25 07:02:12,570 [repositories/data | o.e.r.h.s.r.TupleQueryResultView] Request for query 1558574472 is finished
[INFO ] 2018-05-25 07:02:12,657 [repositories/data | c.o.f.s.RepositoryController] GET query -1411741657
[INFO ] 2018-05-25 07:02:12,688 [repositories/data | o.e.r.h.s.r.TupleQueryResultView] Request for query -1411741657 is finished
[INFO ] 2018-05-25 07:02:12,793 [repositories/data | c.o.f.s.RepositoryController] GET query 1820037030
[INFO ] 2018-05-25 07:02:12,836 [repositories/data | o.e.r.h.s.r.TupleQueryResultView] Request for query 1820037030 is finished
[INFO ] 2018-05-25 07:02:12,930 [repositories/data | c.o.f.s.RepositoryController] GET query -348553048
[INFO ] 2018-05-25 07:02:12,957 [repositories/data | o.e.r.h.s.r.TupleQueryResultView] Request for query -348553048 is finished
[INFO ] 2018-05-25 07:02:13,049 [repositories/data | c.o.f.s.RepositoryController] GET query -2053258564
[INFO ] 2018-05-25 07:02:13,075 [repositories/data | o.e.r.h.s.r.TupleQueryResultView] Request for query -2053258564 is finished
[INFO ] 2018-05-25 07:02:13,173 [repositories/data | c.o.f.s.RepositoryController] GET query -990069955
[INFO ] 2018-05-25 07:02:13,199 [repositories/data | o.e.r.h.s.r.TupleQueryResultView] Request for query -990069955 is finished
[INFO ] 2018-05-25 07:02:13,381 [repositories/data | c.o.f.s.RepositoryController] GET query -736923184
[INFO ] 2018-05-25 07:02:13,440 [repositories/data | o.e.r.h.s.r.TupleQueryResultView] Request for query -736923184 is finished
[INFO ] 2018-05-25 07:02:22,645 [repositories/data | c.o.g.s.StatementsController] POST SPARQL update request to repository
[INFO ] 2018-05-25 07:02:23,342 [repositories/data | c.o.g.s.StatementsController] POST SPARQL update request to repository
[INFO ] 2018-05-25 07:02:25,081 [repositories/data | c.o.g.s.StatementsController] POST SPARQL update request to repository
[INFO ] 2018-05-25 07:02:27,924 [repositories/data | c.o.g.s.StatementsController] POST SPARQL update request to repository
[INFO ] 2018-05-25 07:02:30,022 [repositories/data | c.o.g.s.StatementsController] POST SPARQL update request to repository
[INFO ] 2018-05-25 07:02:32,596 [repositories/data | c.o.g.s.StatementsController] POST SPARQL update request to repository
[INFO ] 2018-05-25 07:02:37,157 [repositories/data | c.o.g.s.StatementsController] POST SPARQL update request to repository
[INFO ] 2018-05-25 07:02:41,870 [repositories/data | c.o.g.s.StatementsController] POST SPARQL update request to repository
[INFO ] 2018-05-25 07:02:45,243 [repositories/data | c.o.g.s.StatementsController] POST SPARQL update request to repository
[INFO ] 2018-05-25 07:02:54,061 [repositories/data | c.o.g.s.StatementsController] POST SPARQL update request to repository
[INFO ] 2018-05-25 07:02:54,923 [repositories/data | c.o.g.s.StatementsController] POST SPARQL update request to repository
[INFO ] 2018-05-25 07:03:04,280 [repositories/data | c.o.f.s.RepositoryController] GET query 1836226679
[INFO ] 2018-05-25 07:03:04,390 [repositories/data | o.e.r.h.s.r.TupleQueryResultView] Request for query 1836226679 is finished
[INFO ] 2018-05-25 07:03:04,402 [repositories/data | c.o.f.s.RepositoryController] GET query -1089627195
[INFO ] 2018-05-25 07:03:04,456 [repositories/data | c.o.f.s.RepositoryController] GET query 1480214660
[INFO ] 2018-05-25 07:03:04,467 [repositories/data | o.e.r.h.s.r.TupleQueryResultView] Request for query -1089627195 is finished
[INFO ] 2018-05-25 07:03:04,478 [repositories/data | o.e.r.h.s.r.TupleQueryResultView] Request for query 1480214660 is finished
[INFO ] 2018-05-25 07:03:04,492 [repositories/data | c.o.f.s.RepositoryController] GET query -1630991355
[INFO ] 2018-05-25 07:03:04,530 [repositories/data | o.e.r.h.s.r.TupleQueryResultView] Request for query -1630991355 is finished
[INFO ] 2018-05-25 07:03:04,541 [repositories/data | c.o.f.s.RepositoryController] GET query 495385863
[INFO ] 2018-05-25 07:03:04,569 [repositories/data | c.o.f.s.RepositoryController] GET query -567802746
[INFO ] 2018-05-25 07:03:04,574 [repositories/data | o.e.r.h.s.r.TupleQueryResultView] Request for query 495385863 is finished
[INFO ] 2018-05-25 07:03:04,603 [repositories/data | o.e.r.h.s.r.TupleQueryResultView] Request for query -567802746 is finished
[INFO ] 2018-05-25 07:03:04,606 [repositories/data | c.o.f.s.RepositoryController] GET query 1558574472
[INFO ] 2018-05-25 07:03:04,618 [repositories/data | o.e.r.h.s.r.TupleQueryResultView] Request for query 1558574472 is finished
[INFO ] 2018-05-25 07:03:04,640 [repositories/data | c.o.f.s.RepositoryController] GET query -1411741657
[INFO ] 2018-05-25 07:03:04,669 [repositories/data | o.e.r.h.s.r.TupleQueryResultView] Request for query -1411741657 is finished
[INFO ] 2018-05-25 07:03:04,677 [repositories/data | c.o.f.s.RepositoryController] GET query 1820037030
[INFO ] 2018-05-25 07:03:04,697 [repositories/data | o.e.r.h.s.r.TupleQueryResultView] Request for query 1820037030 is finished
[INFO ] 2018-05-25 07:03:04,711 [repositories/data | c.o.f.s.RepositoryController] GET query -348553048
[INFO ] 2018-05-25 07:03:04,731 [repositories/data | o.e.r.h.s.r.TupleQueryResultView] Request for query -348553048 is finished
[INFO ] 2018-05-25 07:03:04,740 [repositories/data | c.o.f.s.RepositoryController] GET query -2053258564
[INFO ] 2018-05-25 07:03:04,777 [repositories/data | o.e.r.h.s.r.TupleQueryResultView] Request for query -2053258564 is finished
[INFO ] 2018-05-25 07:03:04,785 [repositories/data | c.o.f.s.RepositoryController] GET query -990069955
[INFO ] 2018-05-25 07:03:04,804 [repositories/data | o.e.r.h.s.r.TupleQueryResultView] Request for query -990069955 is finished
[INFO ] 2018-05-25 07:03:04,887 [repositories/data | c.o.f.s.RepositoryController] GET query -736923184
[INFO ] 2018-05-25 07:03:04,911 [repositories/data | o.e.r.h.s.r.TupleQueryResultView] Request for query -736923184 is finished
[INFO ] 2018-05-25 07:03:46,951 [repositories/data | o.e.r.h.s.r.n.NamespacesController] GET namespace list
[INFO ] 2018-05-25 07:03:47,011 [repositories/data | o.e.r.h.s.r.TupleQueryResultView] Request for query 3392903 is finished
[INFO ] 2018-05-25 07:03:49,457 [repositories/data | o.e.r.h.s.r.n.NamespacesController] GET namespace list
[INFO ] 2018-05-25 07:03:49,478 [repositories/data | o.e.r.h.s.r.TupleQueryResultView] Request for query 3392903 is finished
[INFO ] 2018-05-25 07:03:49,994 [repositories/data | o.e.r.h.s.r.n.NamespacesController] GET namespace list
[INFO ] 2018-05-25 07:03:50,004 [repositories/data | o.e.r.h.s.r.TupleQueryResultView] Request for query 3392903 is finished
[INFO ] 2018-05-25 07:04:23,420 [repositories/data | c.o.f.s.RepositoryController] POST query 2039884244
[INFO ] 2018-05-25 07:04:23,497 [repositories/data | o.e.r.h.s.r.TupleQueryResultView] Request for query 2039884244 is finished
[INFO ] 2018-05-25 07:13:02,054 [Thread-2 | c.o.g.s.GraphDB] Stopping GraphDB.
[INFO ] 2018-05-25 07:13:02,392 [Thread-4 | c.o.t.s.i.PluginManager] Shutting down plugins (DEFAULT)...
[INFO ] 2018-05-25 07:13:02,408 [localhost-startStop-2 | c.o.f.c.s.SemanticDataManagement] Shutting down current semantic location
[INFO ] 2018-05-25 07:13:02,696 [Thread-4 | c.o.t.b.AVLRepository] NumberOfStatements = 3429
[INFO ] 2018-05-25 07:13:02,697 [Thread-4 | c.o.t.b.AVLRepository] NumberOfExplicitStatements = 364
[INFO ] 2018-05-25 07:13:02,717 [Thread-4 | c.o.t.f.GraphDBFreeSchemaRepository] Shutting down entity pool
[INFO ] 2018-05-25 07:13:03,597 [Thread-4 | c.o.t.f.GraphDBFreeSchemaRepository] Entity pool was shut down
