[INFO ] 2018-05-25 06:50:33,588 [repositories/r2rml | c.o.t.m.MonitorRepositoryConnection] Incoming update:
DROP ALL;
[INFO ] 2018-05-25 06:50:34,773 [repositories/r2rml | c.o.t.m.MonitorRepositoryConnection] Incoming update:
INSERT { <http://mapping.local/age> <http://www.w3.org/ns/r2rml#predicateObjectMap> _:ub1bL112C27 .
<http://mapping.local/age> <http://www.w3.org/1999/02/22-rdf-syntax-ns#type> <http://www.w3.org/ns/r2rml#TriplesMap> .
_:ub1bL51C27 <http://www.w3.org/ns/r2rml#predicate> <http://www.cancerdata.org/roo/P100018> .
<http://mapping.local/basicQuery> <http://www.w3.org/2000/01/rdf-schema#label> "Every row in this table should correspond to a unique patient.<br/>\nThe target variables have the following name and specific meaning:\nThe table should contain a unique patient identifier, age, sex, t-stage, n-stage, survival time in days and vital status at this time.<br/>\n<ul>\n<li>id: unique identifier of the patient</li>\n<li>age:  patient's age at diagnosis</li>\n<li>sex:  patient's biological sex</li>\n<li>clinical_t: clinical <strong>tumor</strong> stage</li>\n<li>clinical_n: clinical <strong>nodal</strong> stage</li>\n<li>survival_2y: two year survival </li>\n</ul>" .
_:ub1bL55C30 <http://www.w3.org/ns/r2rml#child> "id" .
_:ub1bL206C27 <http://www.w3.org/ns/r2rml#predicate> <http://www.cancerdata.org/roo/local_value> .
<http://mapping.local/survival> <http://www.w3.org/ns/r2rml#logicalTable> <http://mapping.local/basicQuery> .
<http://mapping.local/patient> <http://www.w3.org/ns/r2rml#predicateObjectMap> _:ub1bL71C27 .
_:ub1bL185C19 <http://www.w3.org/ns/r2rml#template> "patient/{id}/disease/cT" .
_:ub1bL98C27 <http://www.w3.org/ns/r2rml#objectMap> _:ub1bL100C22 .
_:ub1bL163C30 <http://www.w3.org/ns/r2rml#child> "id" .
_:ub1bL191C22 <http://www.w3.org/ns/r2rml#datatype> <http://www.w3.org/2001/XMLSchema#string> .
_:ub1bL75C30 <http://www.w3.org/ns/r2rml#child> "id" .
<http://mapping.local/clinN> <http://www.w3.org/ns/r2rml#subjectMap> _:ub1bL202C19 .
<http://mapping.local/clinN> <http://www.w3.org/ns/r2rml#logicalTable> <http://mapping.local/basicQuery> .
<http://mapping.local/clinT> <http://www.w3.org/ns/r2rml#logicalTable> <http://mapping.local/basicQuery> .
_:ub1bL40C19 <http://www.w3.org/ns/r2rml#class> <http://ncicb.nci.nih.gov/xml/owl/EVS/Thesaurus.owl#C16960> .
<http://mapping.local/disease> <http://www.w3.org/1999/02/22-rdf-syntax-ns#type> <http://www.w3.org/ns/r2rml#TriplesMap> .
<http://mapping.local/basicQuery> <http://www.w3.org/2008/05/skos#definition> "id,age,sex,clinical_t,clinical_n,survival_2y" .
<http://mapping.local/gender> <http://www.w3.org/1999/02/22-rdf-syntax-ns#type> <http://www.w3.org/ns/r2rml#TriplesMap> .
_:ub1bL206C27 <http://www.w3.org/ns/r2rml#objectMap> _:ub1bL208C22 .
_:ub1bL189C27 <http://www.w3.org/ns/r2rml#predicate> <http://www.cancerdata.org/roo/local_value> .
_:ub1bL51C27 <http://www.w3.org/ns/r2rml#objectMap> _:ub1bL53C22 .
_:ub1bL144C22 <http://www.w3.org/ns/r2rml#column> "survival_2y" .
_:ub1bL55C30 <http://www.w3.org/ns/r2rml#parent> "id" .
_:ub1bL71C27 <http://www.w3.org/ns/r2rml#predicate> <http://www.cancerdata.org/roo/P100311> .
<http://mapping.local/basicQuery> <http://www.w3.org/1999/02/22-rdf-syntax-ns#type> <http://www.w3.org/ns/r2rml#LogicalTable> .
_:ub1bL138C19 <http://www.w3.org/ns/r2rml#class> <http://www.cancerdata.org/roo/C100014> .
<http://mapping.local/patient> <http://www.w3.org/ns/r2rml#logicalTable> <http://mapping.local/basicQuery> .
_:ub1bL142C27 <http://www.w3.org/ns/r2rml#objectMap> _:ub1bL144C22 .
_:ub1bL61C27 <http://www.w3.org/ns/r2rml#predicate> <http://www.cancerdata.org/roo/P100008> .
_:ub1bL163C30 <http://www.w3.org/ns/r2rml#parent> "id" .
_:ub1bL123C22 <http://www.w3.org/ns/r2rml#datatype> <http://www.w3.org/2001/XMLSchema#integer> .
<http://mapping.local/patient> <http://www.w3.org/ns/r2rml#predicateObjectMap> _:ub1bL81C27 .
<http://mapping.local/survival> <http://www.w3.org/ns/r2rml#predicateObjectMap> _:ub1bL142C27 .
_:ub1bL208C22 <http://www.w3.org/ns/r2rml#column> "clinical_n" .
_:ub1bL202C19 <http://www.w3.org/ns/r2rml#template> "patient/{id}/disease/cN" .
<http://mapping.local/age> <http://www.w3.org/ns/r2rml#subjectMap> _:ub1bL108C19 .
_:ub1bL131C19 <http://www.w3.org/ns/r2rml#class> <http://purl.obolibrary.org/obo/UO_0000036> .
<http://mapping.local/clinT> <http://www.w3.org/1999/02/22-rdf-syntax-ns#type> <http://www.w3.org/ns/r2rml#TriplesMap> .
_:ub1bL81C27 <http://www.w3.org/ns/r2rml#objectMap> _:ub1bL83C22 .
<http://mapping.local/survival> <http://www.w3.org/ns/r2rml#subjectMap> _:ub1bL138C19 .
_:ub1bL138C19 <http://www.w3.org/ns/r2rml#template> "patient/{id}/survival_2y" .
_:ub1bL173C30 <http://www.w3.org/ns/r2rml#child> "id" .
<http://mapping.local/age> <http://www.w3.org/ns/r2rml#logicalTable> <http://mapping.local/basicQuery> .
_:ub1bL73C22 <http://www.w3.org/ns/r2rml#parentTriplesMap> <http://mapping.local/survival> .
_:ub1bL75C30 <http://www.w3.org/ns/r2rml#parent> "id" .
_:ub1bL85C30 <http://www.w3.org/ns/r2rml#child> "id" .
_:ub1bL71C27 <http://www.w3.org/ns/r2rml#objectMap> _:ub1bL73C22 .
_:ub1bL112C27 <http://www.w3.org/ns/r2rml#objectMap> _:ub1bL114C22 .
_:ub1bL83C22 <http://www.w3.org/ns/r2rml#parentTriplesMap> <http://mapping.local/age> .
<http://mapping.local/patient> <http://www.w3.org/ns/r2rml#predicateObjectMap> _:ub1bL61C27 .
_:ub1bL46C22 <http://www.w3.org/ns/r2rml#column> "id" .
_:ub1bL155C19 <http://www.w3.org/ns/r2rml#class> <http://ncicb.nci.nih.gov/xml/owl/EVS/Thesaurus.owl#C20> .
_:ub1bL40C19 <http://www.w3.org/ns/r2rml#template> "patient/{id}" .
_:ub1bL169C27 <http://www.w3.org/ns/r2rml#objectMap> _:ub1bL171C22 .
<http://mapping.local/patient> <http://www.w3.org/ns/r2rml#predicateObjectMap> _:ub1bL51C27 .
_:ub1bL63C22 <http://www.w3.org/ns/r2rml#parentTriplesMap> <http://mapping.local/disease> .
_:ub1bL171C22 <http://www.w3.org/ns/r2rml#parentTriplesMap> <http://mapping.local/clinN> .
_:ub1bL46C22 <http://www.w3.org/ns/r2rml#datatype> <http://www.w3.org/2001/XMLSchema#string> .
_:ub1bL44C27 <http://www.w3.org/ns/r2rml#predicate> <http://www.w3.org/2000/01/rdf-schema#label> .
_:ub1bL116C30 <http://www.w3.org/ns/r2rml#child> "id" .
_:ub1bL61C27 <http://www.w3.org/ns/r2rml#objectMap> _:ub1bL63C22 .
_:ub1bL142C27 <http://www.w3.org/ns/r2rml#predicate> <http://www.cancerdata.org/roo/local_value> .
_:ub1bL121C30 <http://www.w3.org/ns/r2rml#predicate> <http://www.cancerdata.org/roo/P100042> .
_:ub1bL155C19 <http://www.w3.org/ns/r2rml#template> "patient/{id}/disease" .
_:ub1bL159C27 <http://www.w3.org/ns/r2rml#predicate> <http://www.cancerdata.org/roo/P100025> .
_:ub1bL85C30 <http://www.w3.org/ns/r2rml#parent> "id" .
_:ub1bL121C30 <http://www.w3.org/ns/r2rml#objectMap> _:ub1bL123C22 .
<http://mapping.local/clinT> <http://www.w3.org/ns/r2rml#subjectMap> _:ub1bL185C19 .
_:ub1bL108C19 <http://www.w3.org/ns/r2rml#class> <http://www.cancerdata.org/roo/P100002> .
_:ub1bL94C19 <http://www.w3.org/ns/r2rml#class> <http://ncicb.nci.nih.gov/xml/owl/EVS/Thesaurus.owl#C28421> .
_:ub1bL114C22 <http://www.w3.org/ns/r2rml#parentTriplesMap> <http://mapping.local/age_unit> .
<http://mapping.local/patient> <http://www.w3.org/ns/r2rml#subjectMap> _:ub1bL40C19 .
<http://mapping.local/clinN> <http://www.w3.org/1999/02/22-rdf-syntax-ns#type> <http://www.w3.org/ns/r2rml#TriplesMap> .
_:ub1bL173C30 <http://www.w3.org/ns/r2rml#parent> "id" .
_:ub1bL65C30 <http://www.w3.org/ns/r2rml#parent> "id" .
_:ub1bL208C22 <http://www.w3.org/ns/r2rml#datatype> <http://www.w3.org/2001/XMLSchema#string> .
<http://mapping.local/gender> <http://www.w3.org/ns/r2rml#predicateObjectMap> _:ub1bL98C27 .
_:ub1bL94C19 <http://www.w3.org/ns/r2rml#template> "patient/{id}/sex" .
<http://mapping.local/gender> <http://www.w3.org/ns/r2rml#logicalTable> <http://mapping.local/basicQuery> .
_:ub1bL191C22 <http://www.w3.org/ns/r2rml#column> "clinical_t" .
_:ub1bL131C19 <http://www.w3.org/ns/r2rml#template> "patient/{id}/age_unit" .
_:ub1bL81C27 <http://www.w3.org/ns/r2rml#predicate> <http://www.cancerdata.org/roo/P100000> .
_:ub1bL123C22 <http://www.w3.org/ns/r2rml#column> "age" .
_:ub1bL185C19 <http://www.w3.org/ns/r2rml#class> <http://ncicb.nci.nih.gov/xml/owl/EVS/Thesaurus.owl#C48885> .
<http://mapping.local/survival> <http://www.w3.org/1999/02/22-rdf-syntax-ns#type> <http://www.w3.org/ns/r2rml#TriplesMap> .
_:ub1bL169C27 <http://www.w3.org/ns/r2rml#predicate> <http://www.cancerdata.org/roo/P100025> .
<http://mapping.local/patient> <http://www.w3.org/1999/02/22-rdf-syntax-ns#type> <http://www.w3.org/ns/r2rml#TriplesMap> .
_:ub1bL53C22 <http://www.w3.org/ns/r2rml#parentTriplesMap> <http://mapping.local/gender> .
<http://mapping.local/disease> <http://www.w3.org/ns/r2rml#subjectMap> _:ub1bL155C19 .
_:ub1bL161C22 <http://www.w3.org/ns/r2rml#parentTriplesMap> <http://mapping.local/clinT> .
_:ub1bL73C22 <http://www.w3.org/ns/r2rml#joinCondition> _:ub1bL75C30 .
_:ub1bL189C27 <http://www.w3.org/ns/r2rml#objectMap> _:ub1bL191C22 .
<http://mapping.local/basicQuery> <http://www.w3.org/ns/r2rml#sqlQuery> "SELECT PatientID as id,  ROUND(CAST(Age as decimal),0) as age, Gender as sex, Clinical_T_Stage as clinical_t, Clinical_N_Stage as clinical_n,\nSurvivalTime as survival_time,DeadStatus as vital_status, \n(CASE WHEN (CAST(SurvivalTime as decimal)>730) THEN 1 WHEN (CAST(SurvivalTime as decimal)<=730 AND DeadStatus='1') THEN 0 ELSE NULL END) AS survival_2y \nFROM PBDWHackathon2018;" .
_:ub1bL53C22 <http://www.w3.org/ns/r2rml#joinCondition> _:ub1bL55C30 .
_:ub1bL98C27 <http://www.w3.org/ns/r2rml#predicate> <http://www.cancerdata.org/roo/local_value> .
_:ub1bL100C22 <http://www.w3.org/ns/r2rml#column> "sex" .
<http://mapping.local/disease> <http://www.w3.org/ns/r2rml#predicateObjectMap> _:ub1bL159C27 .
<http://mapping.local/clinT> <http://www.w3.org/ns/r2rml#predicateObjectMap> _:ub1bL189C27 .
_:ub1bL159C27 <http://www.w3.org/ns/r2rml#objectMap> _:ub1bL161C22 .
<http://mapping.local/clinN> <http://www.w3.org/ns/r2rml#predicateObjectMap> _:ub1bL206C27 .
_:ub1bL114C22 <http://www.w3.org/ns/r2rml#joinCondition> _:ub1bL116C30 .
_:ub1bL44C27 <http://www.w3.org/ns/r2rml#objectMap> _:ub1bL46C22 .
_:ub1bL83C22 <http://www.w3.org/ns/r2rml#joinCondition> _:ub1bL85C30 .
<http://mapping.local/patient> <http://www.w3.org/ns/r2rml#predicateObjectMap> _:ub1bL44C27 .
_:ub1bL63C22 <http://www.w3.org/ns/r2rml#joinCondition> _:ub1bL65C30 .
_:ub1bL112C27 <http://www.w3.org/ns/r2rml#predicate> <http://www.cancerdata.org/roo/P100028> .
_:ub1bL116C30 <http://www.w3.org/ns/r2rml#parent> "id" .
<http://mapping.local/age_unit> <http://www.w3.org/ns/r2rml#logicalTable> <http://mapping.local/basicQuery> .
_:ub1bL65C30 <http://www.w3.org/ns/r2rml#child> "id" .
<http://mapping.local/gender> <http://www.w3.org/ns/r2rml#subjectMap> _:ub1bL94C19 .
_:ub1bL100C22 <http://www.w3.org/ns/r2rml#datatype> <http://www.w3.org/2001/XMLSchema#string> .
_:ub1bL108C19 <http://www.w3.org/ns/r2rml#template> "patient/{id}/age" .
<http://mapping.local/age_unit> <http://www.w3.org/ns/r2rml#subjectMap> _:ub1bL131C19 .
_:ub1bL171C22 <http://www.w3.org/ns/r2rml#joinCondition> _:ub1bL173C30 .
_:ub1bL161C22 <http://www.w3.org/ns/r2rml#joinCondition> _:ub1bL163C30 .
_:ub1bL144C22 <http://www.w3.org/ns/r2rml#datatype> <http://www.w3.org/2001/XMLSchema#string> .
<http://mapping.local/age> <http://www.w3.org/ns/r2rml#predicateObjectMap> _:ub1bL121C30 .
<http://mapping.local/disease> <http://www.w3.org/ns/r2rml#predicateObjectMap> _:ub1bL169C27 .
_:ub1bL202C19 <http://www.w3.org/ns/r2rml#class> <http://ncicb.nci.nih.gov/xml/owl/EVS/Thesaurus.owl#C48884> .
<http://mapping.local/age_unit> <http://www.w3.org/1999/02/22-rdf-syntax-ns#type> <http://www.w3.org/ns/r2rml#TriplesMap> .
<http://mapping.local/disease> <http://www.w3.org/ns/r2rml#logicalTable> <http://mapping.local/basicQuery> .

 } WHERE { }
[INFO ] 2018-05-25 06:50:59,858 [rdf4j-transaction-0 | c.o.t.m.MonitorRepositoryConnection] Incoming update:
DROP GRAPH <http://data.local/rdf>
[INFO ] 2018-05-25 06:51:00,234 [rdf4j-transaction-0 | c.o.t.m.MonitorRepositoryConnection] Incoming update:
INSERT { GRAPH <http://data.local/rdf> { <http://localhost/rdf/patient/LUNG1-007/age>        a       <http://www.cancerdata.org/roo/P100002> ;        <http://www.cancerdata.org/roo/P100028>                <http://localhost/rdf/patient/LUNG1-007/age_unit> ;        <http://www.cancerdata.org/roo/P100042>                82 .<http://localhost/rdf/patient/LUNG1-004/age>        a       <http://www.cancerdata.org/roo/P100002> ;        <http://www.cancerdata.org/roo/P100028>                <http://localhost/rdf/patient/LUNG1-004/age_unit> ;        <http://www.cancerdata.org/roo/P100042>                71 .<http://localhost/rdf/patient/LUNG1-003>        a       <http://ncicb.nci.nih.gov/xml/owl/EVS/Thesaurus.owl#C16960> ;        <http://www.w3.org/2000/01/rdf-schema#label>                "LUNG1-003" ;        <http://www.cancerdata.org/roo/P100000>                <http://localhost/rdf/patient/LUNG1-003/age> ;        <http://www.cancerdata.org/roo/P100008>                <http://localhost/rdf/patient/LUNG1-003/disease> ;        <http://www.cancerdata.org/roo/P100018>                <http://localhost/rdf/patient/LUNG1-003/sex> ;        <http://www.cancerdata.org/roo/P100311>                <http://localhost/rdf/patient/LUNG1-003/survival_2y> .<http://localhost/rdf/patient/LUNG1-010/disease/cT>        a       <http://ncicb.nci.nih.gov/xml/owl/EVS/Thesaurus.owl#C48885> ;        <http://www.cancerdata.org/roo/local_value>                "4" .<http://localhost/rdf/patient/LUNG1-005/disease/cT>        a       <http://ncicb.nci.nih.gov/xml/owl/EVS/Thesaurus.owl#C48885> ;        <http://www.cancerdata.org/roo/local_value>                "4" .<http://localhost/rdf/patient/LUNG1-009/disease/cT>        a       <http://ncicb.nci.nih.gov/xml/owl/EVS/Thesaurus.owl#C48885> ;        <http://www.cancerdata.org/roo/local_value>                "2" .<http://localhost/rdf/patient/LUNG1-010/disease/cN>        a       <http://ncicb.nci.nih.gov/xml/owl/EVS/Thesaurus.owl#C48884> ;        <http://www.cancerdata.org/roo/local_value>                "3" .<http://localhost/rdf/patient/LUNG1-010>        a       <http://ncicb.nci.nih.gov/xml/owl/EVS/Thesaurus.owl#C16960> ;        <http://www.w3.org/2000/01/rdf-schema#label>                "LUNG1-010" ;        <http://www.cancerdata.org/roo/P100000>                <http://localhost/rdf/patient/LUNG1-010/age> ;        <http://www.cancerdata.org/roo/P100008>                <http://localhost/rdf/patient/LUNG1-010/disease> ;        <http://www.cancerdata.org/roo/P100018>                <http://localhost/rdf/patient/LUNG1-010/sex> ;        <http://www.cancerdata.org/roo/P100311>                <http://localhost/rdf/patient/LUNG1-010/survival_2y> .<http://localhost/rdf/patient/LUNG1-005/disease/cN>        a       <http://ncicb.nci.nih.gov/xml/owl/EVS/Thesaurus.owl#C48884> ;        <http://www.cancerdata.org/roo/local_value>                "2" .<http://localhost/rdf/patient/LUNG1-010/age_unit>        a       <http://purl.obolibrary.org/obo/UO_0000036> .<http://localhost/rdf/patient/LUNG1-008/disease>        a       <http://ncicb.nci.nih.gov/xml/owl/EVS/Thesaurus.owl#C20> ;        <http://www.cancerdata.org/roo/P100025>                <http://localhost/rdf/patient/LUNG1-008/disease/cN> , <http://localhost/rdf/patient/LUNG1-008/disease/cT> .<http://localhost/rdf/patient/LUNG1-009/disease/cN>        a       <http://ncicb.nci.nih.gov/xml/owl/EVS/Thesaurus.owl#C48884> ;        <http://www.cancerdata.org/roo/local_value>                "2" .<http://localhost/rdf/patient/LUNG1-008>        a       <http://ncicb.nci.nih.gov/xml/owl/EVS/Thesaurus.owl#C16960> ;        <http://www.w3.org/2000/01/rdf-schema#label>                "LUNG1-008" ;        <http://www.cancerdata.org/roo/P100000>                <http://localhost/rdf/patient/LUNG1-008/age> ;        <http://www.cancerdata.org/roo/P100008>                <http://localhost/rdf/patient/LUNG1-008/disease> ;        <http://www.cancerdata.org/roo/P100018>                <http://localhost/rdf/patient/LUNG1-008/sex> ;        <http://www.cancerdata.org/roo/P100311>                <http://localhost/rdf/patient/LUNG1-008/survival_2y> .<http://localhost/rdf/patient/LUNG1-009/age_unit>        a       <http://purl.obolibrary.org/obo/UO_0000036> .<http://localhost/rdf/patient/LUNG1-006/age_unit>        a       <http://purl.obolibrary.org/obo/UO_0000036> .<http://localhost/rdf/patient/LUNG1-002>        a       <http://ncicb.nci.nih.gov/xml/owl/EVS/Thesaurus.owl#C16960> ;        <http://www.w3.org/2000/01/rdf-schema#label>                "LUNG1-002" ;        <http://www.cancerdata.org/roo/P100000>                <http://localhost/rdf/patient/LUNG1-002/age> ;        <http://www.cancerdata.org/roo/P100008>                <http://localhost/rdf/patient/LUNG1-002/disease> ;        <http://www.cancerdata.org/roo/P100018>                <http://localhost/rdf/patient/LUNG1-002/sex> ;        <http://www.cancerdata.org/roo/P100311>                <http://localhost/rdf/patient/LUNG1-002/survival_2y> .<http://localhost/rdf/patient/LUNG1-005/survival_2y>        a       <http://www.cancerdata.org/roo/C100014> ;        <http://www.cancerdata.org/roo/local_value>                "0" .<http://localhost/rdf/patient/LUNG1-005/disease>        a       <http://ncicb.nci.nih.gov/xml/owl/EVS/Thesaurus.owl#C20> ;        <http://www.cancerdata.org/roo/P100025>                <http://localhost/rdf/patient/LUNG1-005/disease/cN> , <http://localhost/rdf/patient/LUNG1-005/disease/cT> .<http://localhost/rdf/patient/LUNG1-001/disease/cT>        a       <http://ncicb.nci.nih.gov/xml/owl/EVS/Thesaurus.owl#C48885> ;        <http://www.cancerdata.org/roo/local_value>                "2" .<http://localhost/rdf/patient/LUNG1-006/survival_2y>        a       <http://www.cancerdata.org/roo/C100014> ;        <http://www.cancerdata.org/roo/local_value>                "0" .<http://localhost/rdf/patient/LUNG1-007>        a       <http://ncicb.nci.nih.gov/xml/owl/EVS/Thesaurus.owl#C16960> ;        <http://www.w3.org/2000/01/rdf-schema#label>                "LUNG1-007" ;        <http://www.cancerdata.org/roo/P100000>                <http://localhost/rdf/patient/LUNG1-007/age> ;        <http://www.cancerdata.org/roo/P100008>                <http://localhost/rdf/patient/LUNG1-007/disease> ;        <http://www.cancerdata.org/roo/P100018>                <http://localhost/rdf/patient/LUNG1-007/sex> ;        <http://www.cancerdata.org/roo/P100311>                <http://localhost/rdf/patient/LUNG1-007/survival_2y> .<http://localhost/rdf/patient/LUNG1-001/disease/cN>        a       <http://ncicb.nci.nih.gov/xml/owl/EVS/Thesaurus.owl#C48884> ;        <http://www.cancerdata.org/roo/local_value>                "3" .<http://localhost/rdf/patient/LUNG1-002/disease/cT>        a       <http://ncicb.nci.nih.gov/xml/owl/EVS/Thesaurus.owl#C48885> ;        <http://www.cancerdata.org/roo/local_value>                "2" .<http://localhost/rdf/patient/LUNG1-006/disease/cT>        a       <http://ncicb.nci.nih.gov/xml/owl/EVS/Thesaurus.owl#C48885> ;        <http://www.cancerdata.org/roo/local_value>                "3" .<http://localhost/rdf/patient/LUNG1-007/survival_2y>        a       <http://www.cancerdata.org/roo/C100014> ;        <http://www.cancerdata.org/roo/local_value>                "0" .<http://localhost/rdf/patient/LUNG1-001>        a       <http://ncicb.nci.nih.gov/xml/owl/EVS/Thesaurus.owl#C16960> ;        <http://www.w3.org/2000/01/rdf-schema#label>                "LUNG1-001" ;        <http://www.cancerdata.org/roo/P100000>                <http://localhost/rdf/patient/LUNG1-001/age> ;        <http://www.cancerdata.org/roo/P100008>                <http://localhost/rdf/patient/LUNG1-001/disease> ;        <http://www.cancerdata.org/roo/P100018>                <http://localhost/rdf/patient/LUNG1-001/sex> ;        <http://www.cancerdata.org/roo/P100311>                <http://localhost/rdf/patient/LUNG1-001/survival_2y> .<http://localhost/rdf/patient/LUNG1-002/disease>        a       <http://ncicb.nci.nih.gov/xml/owl/EVS/Thesaurus.owl#C20> ;        <http://www.cancerdata.org/roo/P100025>                <http://localhost/rdf/patient/LUNG1-002/disease/cN> , <http://localhost/rdf/patient/LUNG1-002/disease/cT> .<http://localhost/rdf/patient/LUNG1-002/disease/cN>        a       <http://ncicb.nci.nih.gov/xml/owl/EVS/Thesaurus.owl#C48884> ;        <http://www.cancerdata.org/roo/local_value>                "0" .<http://localhost/rdf/patient/LUNG1-006/disease/cN>        a       <http://ncicb.nci.nih.gov/xml/owl/EVS/Thesaurus.owl#C48884> ;        <http://www.cancerdata.org/roo/local_value>                "1" .<http://localhost/rdf/patient/LUNG1-008/age_unit>        a       <http://purl.obolibrary.org/obo/UO_0000036> .<http://localhost/rdf/patient/LUNG1-007/disease/cT>        a       <http://ncicb.nci.nih.gov/xml/owl/EVS/Thesaurus.owl#C48885> ;        <http://www.cancerdata.org/roo/local_value>                "2" .<http://localhost/rdf/patient/LUNG1-008/survival_2y>        a       <http://www.cancerdata.org/roo/C100014> ;        <http://www.cancerdata.org/roo/local_value>                "0" .<http://localhost/rdf/patient/LUNG1-005/age_unit>        a       <http://purl.obolibrary.org/obo/UO_0000036> .<http://localhost/rdf/patient/LUNG1-002/age_unit>        a       <http://purl.obolibrary.org/obo/UO_0000036> .<http://localhost/rdf/patient/LUNG1-010/survival_2y>        a       <http://www.cancerdata.org/roo/C100014> ;        <http://www.cancerdata.org/roo/local_value>                "1" .<http://localhost/rdf/patient/LUNG1-004/disease>        a       <http://ncicb.nci.nih.gov/xml/owl/EVS/Thesaurus.owl#C20> ;        <http://www.cancerdata.org/roo/P100025>                <http://localhost/rdf/patient/LUNG1-004/disease/cN> , <http://localhost/rdf/patient/LUNG1-004/disease/cT> .<http://localhost/rdf/patient/LUNG1-007/disease/cN>        a       <http://ncicb.nci.nih.gov/xml/owl/EVS/Thesaurus.owl#C48884> ;        <http://www.cancerdata.org/roo/local_value>                "2" .<http://localhost/rdf/patient/LUNG1-006>        a       <http://ncicb.nci.nih.gov/xml/owl/EVS/Thesaurus.owl#C16960> ;        <http://www.w3.org/2000/01/rdf-schema#label>                "LUNG1-006" ;        <http://www.cancerdata.org/roo/P100000>                <http://localhost/rdf/patient/LUNG1-006/age> ;        <http://www.cancerdata.org/roo/P100008>                <http://localhost/rdf/patient/LUNG1-006/disease> ;        <http://www.cancerdata.org/roo/P100018>                <http://localhost/rdf/patient/LUNG1-006/sex> ;        <http://www.cancerdata.org/roo/P100311>                <http://localhost/rdf/patient/LUNG1-006/survival_2y> .<http://localhost/rdf/patient/LUNG1-009/survival_2y>        a       <http://www.cancerdata.org/roo/C100014> ;        <http://www.cancerdata.org/roo/local_value>                "0" .<http://localhost/rdf/patient/LUNG1-007/disease>        a       <http://ncicb.nci.nih.gov/xml/owl/EVS/Thesaurus.owl#C20> ;        <http://www.cancerdata.org/roo/P100025>                <http://localhost/rdf/patient/LUNG1-007/disease/cN> , <http://localhost/rdf/patient/LUNG1-007/disease/cT> .<http://localhost/rdf/patient/LUNG1-001/disease>        a       <http://ncicb.nci.nih.gov/xml/owl/EVS/Thesaurus.owl#C20> ;        <http://www.cancerdata.org/roo/P100025>                <http://localhost/rdf/patient/LUNG1-001/disease/cN> , <http://localhost/rdf/patient/LUNG1-001/disease/cT> .<http://localhost/rdf/patient/LUNG1-009/disease>        a       <http://ncicb.nci.nih.gov/xml/owl/EVS/Thesaurus.owl#C20> ;        <http://www.cancerdata.org/roo/P100025>                <http://localhost/rdf/patient/LUNG1-009/disease/cN> , <http://localhost/rdf/patient/LUNG1-009/disease/cT> .<http://localhost/rdf/patient/LUNG1-003/disease/cT>        a       <http://ncicb.nci.nih.gov/xml/owl/EVS/Thesaurus.owl#C48885> ;        <http://www.cancerdata.org/roo/local_value>                "2" .<http://localhost/rdf/patient/LUNG1-005>        a       <http://ncicb.nci.nih.gov/xml/owl/EVS/Thesaurus.owl#C16960> ;        <http://www.w3.org/2000/01/rdf-schema#label>                "LUNG1-005" ;        <http://www.cancerdata.org/roo/P100000>                <http://localhost/rdf/patient/LUNG1-005/age> ;        <http://www.cancerdata.org/roo/P100008>                <http://localhost/rdf/patient/LUNG1-005/disease> ;        <http://www.cancerdata.org/roo/P100018>                <http://localhost/rdf/patient/LUNG1-005/sex> ;        <http://www.cancerdata.org/roo/P100311>                <http://localhost/rdf/patient/LUNG1-005/survival_2y> .<http://localhost/rdf/patient/LUNG1-007/age_unit>        a       <http://purl.obolibrary.org/obo/UO_0000036> .<http://localhost/rdf/patient/LUNG1-001/sex>        a       <http://ncicb.nci.nih.gov/xml/owl/EVS/Thesaurus.owl#C28421> ;        <http://www.cancerdata.org/roo/local_value>                "male" .<http://localhost/rdf/patient/LUNG1-004/age_unit>        a       <http://purl.obolibrary.org/obo/UO_0000036> .<http://localhost/rdf/patient/LUNG1-001/age_unit>        a       <http://purl.obolibrary.org/obo/UO_0000036> .<http://localhost/rdf/patient/LUNG1-001/survival_2y>        a       <http://www.cancerdata.org/roo/C100014> ;        <http://www.cancerdata.org/roo/local_value>                "1" .<http://localhost/rdf/patient/LUNG1-003/disease/cN>        a       <http://ncicb.nci.nih.gov/xml/owl/EVS/Thesaurus.owl#C48884> ;        <http://www.cancerdata.org/roo/local_value>                "3" .<http://localhost/rdf/patient/LUNG1-004/disease/cT>        a       <http://ncicb.nci.nih.gov/xml/owl/EVS/Thesaurus.owl#C48885> ;        <http://www.cancerdata.org/roo/local_value>                "2" .<http://localhost/rdf/patient/LUNG1-008/sex>        a       <http://ncicb.nci.nih.gov/xml/owl/EVS/Thesaurus.owl#C28421> ;        <http://www.cancerdata.org/roo/local_value>                "male" .<http://localhost/rdf/patient/LUNG1-008/disease/cT>        a       <http://ncicb.nci.nih.gov/xml/owl/EVS/Thesaurus.owl#C48885> ;        <http://www.cancerdata.org/roo/local_value>                "2" .<http://localhost/rdf/patient/LUNG1-005/sex>        a       <http://ncicb.nci.nih.gov/xml/owl/EVS/Thesaurus.owl#C28421> ;        <http://www.cancerdata.org/roo/local_value>                "male" .<http://localhost/rdf/patient/LUNG1-001/age>        a       <http://www.cancerdata.org/roo/P100002> ;        <http://www.cancerdata.org/roo/P100028>                <http://localhost/rdf/patient/LUNG1-001/age_unit> ;        <http://www.cancerdata.org/roo/P100042>                79 .<http://localhost/rdf/patient/LUNG1-002/sex>        a       <http://ncicb.nci.nih.gov/xml/owl/EVS/Thesaurus.owl#C28421> ;        <http://www.cancerdata.org/roo/local_value>                "male" .<http://localhost/rdf/patient/LUNG1-006/disease>        a       <http://ncicb.nci.nih.gov/xml/owl/EVS/Thesaurus.owl#C20> ;        <http://www.cancerdata.org/roo/P100025>                <http://localhost/rdf/patient/LUNG1-006/disease/cN> , <http://localhost/rdf/patient/LUNG1-006/disease/cT> .<http://localhost/rdf/patient/LUNG1-002/survival_2y>        a       <http://www.cancerdata.org/roo/C100014> ;        <http://www.cancerdata.org/roo/local_value>                "0" .<http://localhost/rdf/patient/LUNG1-004/disease/cN>        a       <http://ncicb.nci.nih.gov/xml/owl/EVS/Thesaurus.owl#C48884> ;        <http://www.cancerdata.org/roo/local_value>                "1" .<http://localhost/rdf/patient/LUNG1-010/disease>        a       <http://ncicb.nci.nih.gov/xml/owl/EVS/Thesaurus.owl#C20> ;        <http://www.cancerdata.org/roo/P100025>                <http://localhost/rdf/patient/LUNG1-010/disease/cN> , <http://localhost/rdf/patient/LUNG1-010/disease/cT> .<http://localhost/rdf/patient/LUNG1-008/disease/cN>        a       <http://ncicb.nci.nih.gov/xml/owl/EVS/Thesaurus.owl#C48884> ;        <http://www.cancerdata.org/roo/local_value>                "2" .<http://localhost/rdf/patient/LUNG1-010/sex>        a       <http://ncicb.nci.nih.gov/xml/owl/EVS/Thesaurus.owl#C28421> ;        <http://www.cancerdata.org/roo/local_value>                "female" .<http://localhost/rdf/patient/LUNG1-008/age>        a       <http://www.cancerdata.org/roo/P100002> ;        <http://www.cancerdata.org/roo/P100028>                <http://localhost/rdf/patient/LUNG1-008/age_unit> ;        <http://www.cancerdata.org/roo/P100042>                72 .<http://localhost/rdf/patient/LUNG1-009/sex>        a       <http://ncicb.nci.nih.gov/xml/owl/EVS/Thesaurus.owl#C28421> ;        <http://www.cancerdata.org/roo/local_value>                "male" .<http://localhost/rdf/patient/LUNG1-005/age>        a       <http://www.cancerdata.org/roo/P100002> ;        <http://www.cancerdata.org/roo/P100028>                <http://localhost/rdf/patient/LUNG1-005/age_unit> ;        <http://www.cancerdata.org/roo/P100042>                80 .<http://localhost/rdf/patient/LUNG1-006/sex>        a       <http://ncicb.nci.nih.gov/xml/owl/EVS/Thesaurus.owl#C28421> ;        <http://www.cancerdata.org/roo/local_value>                "male" .<http://localhost/rdf/patient/LUNG1-002/age>        a       <http://www.cancerdata.org/roo/P100002> ;        <http://www.cancerdata.org/roo/P100028>                <http://localhost/rdf/patient/LUNG1-002/age_unit> ;        <http://www.cancerdata.org/roo/P100042>                84 .<http://localhost/rdf/patient/LUNG1-003/sex>        a       <http://ncicb.nci.nih.gov/xml/owl/EVS/Thesaurus.owl#C28421> ;        <http://www.cancerdata.org/roo/local_value>                "male" .<http://localhost/rdf/patient/LUNG1-004>        a       <http://ncicb.nci.nih.gov/xml/owl/EVS/Thesaurus.owl#C16960> ;        <http://www.w3.org/2000/01/rdf-schema#label>                "LUNG1-004" ;        <http://www.cancerdata.org/roo/P100000>                <http://localhost/rdf/patient/LUNG1-004/age> ;        <http://www.cancerdata.org/roo/P100008>                <http://localhost/rdf/patient/LUNG1-004/disease> ;        <http://www.cancerdata.org/roo/P100018>                <http://localhost/rdf/patient/LUNG1-004/sex> ;        <http://www.cancerdata.org/roo/P100311>                <http://localhost/rdf/patient/LUNG1-004/survival_2y> .<http://localhost/rdf/patient/LUNG1-003/survival_2y>        a       <http://www.cancerdata.org/roo/C100014> ;        <http://www.cancerdata.org/roo/local_value>                "0" .<http://localhost/rdf/patient/LUNG1-010/age>        a       <http://www.cancerdata.org/roo/P100002> ;        <http://www.cancerdata.org/roo/P100028>                <http://localhost/rdf/patient/LUNG1-010/age_unit> ;        <http://www.cancerdata.org/roo/P100042>                71 .<http://localhost/rdf/patient/LUNG1-009/age>        a       <http://www.cancerdata.org/roo/P100002> ;        <http://www.cancerdata.org/roo/P100028>                <http://localhost/rdf/patient/LUNG1-009/age_unit> ;        <http://www.cancerdata.org/roo/P100042>                56 .<http://localhost/rdf/patient/LUNG1-003/disease>        a       <http://ncicb.nci.nih.gov/xml/owl/EVS/Thesaurus.owl#C20> ;        <http://www.cancerdata.org/roo/P100025>                <http://localhost/rdf/patient/LUNG1-003/disease/cN> , <http://localhost/rdf/patient/LUNG1-003/disease/cT> .<http://localhost/rdf/patient/LUNG1-006/age>        a       <http://www.cancerdata.org/roo/P100002> ;        <http://www.cancerdata.org/roo/P100028>                <http://localhost/rdf/patient/LUNG1-006/age_unit> ;        <http://www.cancerdata.org/roo/P100042>                74 .<http://localhost/rdf/patient/LUNG1-007/sex>        a       <http://ncicb.nci.nih.gov/xml/owl/EVS/Thesaurus.owl#C28421> ;        <http://www.cancerdata.org/roo/local_value>                "male" .<http://localhost/rdf/patient/LUNG1-004/survival_2y>        a       <http://www.cancerdata.org/roo/C100014> ;        <http://www.cancerdata.org/roo/local_value>                "0" .<http://localhost/rdf/patient/LUNG1-003/age>        a       <http://www.cancerdata.org/roo/P100002> ;        <http://www.cancerdata.org/roo/P100028>                <http://localhost/rdf/patient/LUNG1-003/age_unit> ;        <http://www.cancerdata.org/roo/P100042>                68 .<http://localhost/rdf/patient/LUNG1-004/sex>        a       <http://ncicb.nci.nih.gov/xml/owl/EVS/Thesaurus.owl#C28421> ;        <http://www.cancerdata.org/roo/local_value>                "male" .<http://localhost/rdf/patient/LUNG1-003/age_unit>        a       <http://purl.obolibrary.org/obo/UO_0000036> .<http://localhost/rdf/patient/LUNG1-009>        a       <http://ncicb.nci.nih.gov/xml/owl/EVS/Thesaurus.owl#C16960> ;        <http://www.w3.org/2000/01/rdf-schema#label>                "LUNG1-009" ;        <http://www.cancerdata.org/roo/P100000>                <http://localhost/rdf/patient/LUNG1-009/age> ;        <http://www.cancerdata.org/roo/P100008>                <http://localhost/rdf/patient/LUNG1-009/disease> ;        <http://www.cancerdata.org/roo/P100018>                <http://localhost/rdf/patient/LUNG1-009/sex> ;        <http://www.cancerdata.org/roo/P100311>                <http://localhost/rdf/patient/LUNG1-009/survival_2y> . } } WHERE { } 
[INFO ] 2018-05-25 06:51:29,993 [repositories/r2rml | c.o.t.m.MonitorRepositoryConnection] Incoming update:

            DELETE {
              <http://mapping.local/basicQuery> <http://www.w3.org/ns/r2rml#sqlQuery> ?query.
            } WHERE {
              <http://mapping.local/basicQuery> <http://www.w3.org/ns/r2rml#sqlQuery> ?query.
            };

            INSERT {
              <http://mapping.local/basicQuery> <http://www.w3.org/ns/r2rml#sqlQuery> "SELECT PatientID as id,  ROUND(CAST(Age as decimal),0) as age, Gender as sex, Clinical_T_Stage as clinical_t, Clinical_N_Stage as clinical_n, SurvivalTime as survival_time,DeadStatus as vital_status,  (CASE WHEN (CAST(SurvivalTime as decimal)>730) THEN 1 WHEN (CAST(SurvivalTime as decimal)<=730 AND DeadStatus='1') THEN 0 ELSE NULL END) AS survival_2y  FROM PBDWHackathon2018;".
            } WHERE { }
            
[INFO ] 2018-05-25 07:02:22,736 [repositories/data | c.o.t.m.MonitorRepositoryConnection] Incoming update:

            PREFIX owl: <http://www.w3.org/2002/07/owl#>
            PREFIX rdf: <http://www.w3.org/1999/02/22-rdf-syntax-ns#>
            PREFIX roo: <http://www.cancerdata.org/roo/>
            PREFIX xsd: <http://www.w3.org/2001/XMLSchema#>

            INSERT {
            GRAPH <http://data.local/mapping> {
                <http://ncicb.nci.nih.gov/xml/owl/EVS/Thesaurus.owl#C20197> owl:equivalentClass [
                    rdf:type owl:Class;
                    owl:intersectionOf [
                        rdf:first <http://ncicb.nci.nih.gov/xml/owl/EVS/Thesaurus.owl#C28421>;
                        rdf:rest [
                            rdf:first [
                                rdf:type owl:Class;
                                owl:unionOf [
                                    rdf:first [
                                        rdf:type owl:Restriction;
                                        owl:hasValue "male"^^xsd:string;
                                        owl:onProperty roo:local_value;
                                    ];
                                    rdf:rest rdf:nil;
                                ]
                            ];
                            rdf:rest rdf:nil;
                        ]
                    ]
                ].
            } } WHERE { }
        
[INFO ] 2018-05-25 07:02:23,377 [repositories/data | c.o.t.m.MonitorRepositoryConnection] Incoming update:

            PREFIX owl: <http://www.w3.org/2002/07/owl#>
            PREFIX rdf: <http://www.w3.org/1999/02/22-rdf-syntax-ns#>
            PREFIX roo: <http://www.cancerdata.org/roo/>
            PREFIX xsd: <http://www.w3.org/2001/XMLSchema#>

            INSERT {
            GRAPH <http://data.local/mapping> {
                <http://ncicb.nci.nih.gov/xml/owl/EVS/Thesaurus.owl#C16576> owl:equivalentClass [
                    rdf:type owl:Class;
                    owl:intersectionOf [
                        rdf:first <http://ncicb.nci.nih.gov/xml/owl/EVS/Thesaurus.owl#C28421>;
                        rdf:rest [
                            rdf:first [
                                rdf:type owl:Class;
                                owl:unionOf [
                                    rdf:first [
                                        rdf:type owl:Restriction;
                                        owl:hasValue "female"^^xsd:string;
                                        owl:onProperty roo:local_value;
                                    ];
                                    rdf:rest rdf:nil;
                                ]
                            ];
                            rdf:rest rdf:nil;
                        ]
                    ]
                ].
            } } WHERE { }
        
[INFO ] 2018-05-25 07:02:25,095 [repositories/data | c.o.t.m.MonitorRepositoryConnection] Incoming update:

            PREFIX owl: <http://www.w3.org/2002/07/owl#>
            PREFIX rdf: <http://www.w3.org/1999/02/22-rdf-syntax-ns#>
            PREFIX roo: <http://www.cancerdata.org/roo/>
            PREFIX xsd: <http://www.w3.org/2001/XMLSchema#>

            INSERT {
            GRAPH <http://data.local/mapping> {
                <http://ncicb.nci.nih.gov/xml/owl/EVS/Thesaurus.owl#C48705> owl:equivalentClass [
                    rdf:type owl:Class;
                    owl:intersectionOf [
                        rdf:first <http://ncicb.nci.nih.gov/xml/owl/EVS/Thesaurus.owl#C48884>;
                        rdf:rest [
                            rdf:first [
                                rdf:type owl:Class;
                                owl:unionOf [
                                    rdf:first [
                                        rdf:type owl:Restriction;
                                        owl:hasValue "0"^^xsd:string;
                                        owl:onProperty roo:local_value;
                                    ];
                                    rdf:rest rdf:nil;
                                ]
                            ];
                            rdf:rest rdf:nil;
                        ]
                    ]
                ].
            } } WHERE { }
        
[INFO ] 2018-05-25 07:02:27,949 [repositories/data | c.o.t.m.MonitorRepositoryConnection] Incoming update:

            PREFIX owl: <http://www.w3.org/2002/07/owl#>
            PREFIX rdf: <http://www.w3.org/1999/02/22-rdf-syntax-ns#>
            PREFIX roo: <http://www.cancerdata.org/roo/>
            PREFIX xsd: <http://www.w3.org/2001/XMLSchema#>

            INSERT {
            GRAPH <http://data.local/mapping> {
                <http://ncicb.nci.nih.gov/xml/owl/EVS/Thesaurus.owl#C48786> owl:equivalentClass [
                    rdf:type owl:Class;
                    owl:intersectionOf [
                        rdf:first <http://ncicb.nci.nih.gov/xml/owl/EVS/Thesaurus.owl#C48884>;
                        rdf:rest [
                            rdf:first [
                                rdf:type owl:Class;
                                owl:unionOf [
                                    rdf:first [
                                        rdf:type owl:Restriction;
                                        owl:hasValue "2"^^xsd:string;
                                        owl:onProperty roo:local_value;
                                    ];
                                    rdf:rest rdf:nil;
                                ]
                            ];
                            rdf:rest rdf:nil;
                        ]
                    ]
                ].
            } } WHERE { }
        
[INFO ] 2018-05-25 07:02:30,043 [repositories/data | c.o.t.m.MonitorRepositoryConnection] Incoming update:

            PREFIX owl: <http://www.w3.org/2002/07/owl#>
            PREFIX rdf: <http://www.w3.org/1999/02/22-rdf-syntax-ns#>
            PREFIX roo: <http://www.cancerdata.org/roo/>
            PREFIX xsd: <http://www.w3.org/2001/XMLSchema#>

            INSERT {
            GRAPH <http://data.local/mapping> {
                <http://ncicb.nci.nih.gov/xml/owl/EVS/Thesaurus.owl#C48706> owl:equivalentClass [
                    rdf:type owl:Class;
                    owl:intersectionOf [
                        rdf:first <http://ncicb.nci.nih.gov/xml/owl/EVS/Thesaurus.owl#C48884>;
                        rdf:rest [
                            rdf:first [
                                rdf:type owl:Class;
                                owl:unionOf [
                                    rdf:first [
                                        rdf:type owl:Restriction;
                                        owl:hasValue "1"^^xsd:string;
                                        owl:onProperty roo:local_value;
                                    ];
                                    rdf:rest rdf:nil;
                                ]
                            ];
                            rdf:rest rdf:nil;
                        ]
                    ]
                ].
            } } WHERE { }
        
[INFO ] 2018-05-25 07:02:32,613 [repositories/data | c.o.t.m.MonitorRepositoryConnection] Incoming update:

            PREFIX owl: <http://www.w3.org/2002/07/owl#>
            PREFIX rdf: <http://www.w3.org/1999/02/22-rdf-syntax-ns#>
            PREFIX roo: <http://www.cancerdata.org/roo/>
            PREFIX xsd: <http://www.w3.org/2001/XMLSchema#>

            INSERT {
            GRAPH <http://data.local/mapping> {
                <http://ncicb.nci.nih.gov/xml/owl/EVS/Thesaurus.owl#C48714> owl:equivalentClass [
                    rdf:type owl:Class;
                    owl:intersectionOf [
                        rdf:first <http://ncicb.nci.nih.gov/xml/owl/EVS/Thesaurus.owl#C48884>;
                        rdf:rest [
                            rdf:first [
                                rdf:type owl:Class;
                                owl:unionOf [
                                    rdf:first [
                                        rdf:type owl:Restriction;
                                        owl:hasValue "3"^^xsd:string;
                                        owl:onProperty roo:local_value;
                                    ];
                                    rdf:rest rdf:nil;
                                ]
                            ];
                            rdf:rest rdf:nil;
                        ]
                    ]
                ].
            } } WHERE { }
        
[INFO ] 2018-05-25 07:02:37,185 [repositories/data | c.o.t.m.MonitorRepositoryConnection] Incoming update:

            PREFIX owl: <http://www.w3.org/2002/07/owl#>
            PREFIX rdf: <http://www.w3.org/1999/02/22-rdf-syntax-ns#>
            PREFIX roo: <http://www.cancerdata.org/roo/>
            PREFIX xsd: <http://www.w3.org/2001/XMLSchema#>

            INSERT {
            GRAPH <http://data.local/mapping> {
                <http://ncicb.nci.nih.gov/xml/owl/EVS/Thesaurus.owl#C48728> owl:equivalentClass [
                    rdf:type owl:Class;
                    owl:intersectionOf [
                        rdf:first <http://ncicb.nci.nih.gov/xml/owl/EVS/Thesaurus.owl#C48885>;
                        rdf:rest [
                            rdf:first [
                                rdf:type owl:Class;
                                owl:unionOf [
                                    rdf:first [
                                        rdf:type owl:Restriction;
                                        owl:hasValue "3"^^xsd:string;
                                        owl:onProperty roo:local_value;
                                    ];
                                    rdf:rest rdf:nil;
                                ]
                            ];
                            rdf:rest rdf:nil;
                        ]
                    ]
                ].
            } } WHERE { }
        
[INFO ] 2018-05-25 07:02:41,887 [repositories/data | c.o.t.m.MonitorRepositoryConnection] Incoming update:

            PREFIX owl: <http://www.w3.org/2002/07/owl#>
            PREFIX rdf: <http://www.w3.org/1999/02/22-rdf-syntax-ns#>
            PREFIX roo: <http://www.cancerdata.org/roo/>
            PREFIX xsd: <http://www.w3.org/2001/XMLSchema#>

            INSERT {
            GRAPH <http://data.local/mapping> {
                <http://ncicb.nci.nih.gov/xml/owl/EVS/Thesaurus.owl#C48724> owl:equivalentClass [
                    rdf:type owl:Class;
                    owl:intersectionOf [
                        rdf:first <http://ncicb.nci.nih.gov/xml/owl/EVS/Thesaurus.owl#C48885>;
                        rdf:rest [
                            rdf:first [
                                rdf:type owl:Class;
                                owl:unionOf [
                                    rdf:first [
                                        rdf:type owl:Restriction;
                                        owl:hasValue "2"^^xsd:string;
                                        owl:onProperty roo:local_value;
                                    ];
                                    rdf:rest rdf:nil;
                                ]
                            ];
                            rdf:rest rdf:nil;
                        ]
                    ]
                ].
            } } WHERE { }
        
[INFO ] 2018-05-25 07:02:45,259 [repositories/data | c.o.t.m.MonitorRepositoryConnection] Incoming update:

            PREFIX owl: <http://www.w3.org/2002/07/owl#>
            PREFIX rdf: <http://www.w3.org/1999/02/22-rdf-syntax-ns#>
            PREFIX roo: <http://www.cancerdata.org/roo/>
            PREFIX xsd: <http://www.w3.org/2001/XMLSchema#>

            INSERT {
            GRAPH <http://data.local/mapping> {
                <http://ncicb.nci.nih.gov/xml/owl/EVS/Thesaurus.owl#C48732> owl:equivalentClass [
                    rdf:type owl:Class;
                    owl:intersectionOf [
                        rdf:first <http://ncicb.nci.nih.gov/xml/owl/EVS/Thesaurus.owl#C48885>;
                        rdf:rest [
                            rdf:first [
                                rdf:type owl:Class;
                                owl:unionOf [
                                    rdf:first [
                                        rdf:type owl:Restriction;
                                        owl:hasValue "4"^^xsd:string;
                                        owl:onProperty roo:local_value;
                                    ];
                                    rdf:rest rdf:nil;
                                ]
                            ];
                            rdf:rest rdf:nil;
                        ]
                    ]
                ].
            } } WHERE { }
        
[INFO ] 2018-05-25 07:02:54,085 [repositories/data | c.o.t.m.MonitorRepositoryConnection] Incoming update:

            PREFIX owl: <http://www.w3.org/2002/07/owl#>
            PREFIX rdf: <http://www.w3.org/1999/02/22-rdf-syntax-ns#>
            PREFIX roo: <http://www.cancerdata.org/roo/>
            PREFIX xsd: <http://www.w3.org/2001/XMLSchema#>

            INSERT {
            GRAPH <http://data.local/mapping> {
                <http://www.cancerdata.org/roo/C000001> owl:equivalentClass [
                    rdf:type owl:Class;
                    owl:intersectionOf [
                        rdf:first <http://www.cancerdata.org/roo/C100014>;
                        rdf:rest [
                            rdf:first [
                                rdf:type owl:Class;
                                owl:unionOf [
                                    rdf:first [
                                        rdf:type owl:Restriction;
                                        owl:hasValue "0"^^xsd:string;
                                        owl:onProperty roo:local_value;
                                    ];
                                    rdf:rest rdf:nil;
                                ]
                            ];
                            rdf:rest rdf:nil;
                        ]
                    ]
                ].
            } } WHERE { }
        
[INFO ] 2018-05-25 07:02:54,933 [repositories/data | c.o.t.m.MonitorRepositoryConnection] Incoming update:

            PREFIX owl: <http://www.w3.org/2002/07/owl#>
            PREFIX rdf: <http://www.w3.org/1999/02/22-rdf-syntax-ns#>
            PREFIX roo: <http://www.cancerdata.org/roo/>
            PREFIX xsd: <http://www.w3.org/2001/XMLSchema#>

            INSERT {
            GRAPH <http://data.local/mapping> {
                <http://www.cancerdata.org/roo/C000000> owl:equivalentClass [
                    rdf:type owl:Class;
                    owl:intersectionOf [
                        rdf:first <http://www.cancerdata.org/roo/C100014>;
                        rdf:rest [
                            rdf:first [
                                rdf:type owl:Class;
                                owl:unionOf [
                                    rdf:first [
                                        rdf:type owl:Restriction;
                                        owl:hasValue "1"^^xsd:string;
                                        owl:onProperty roo:local_value;
                                    ];
                                    rdf:rest rdf:nil;
                                ]
                            ];
                            rdf:rest rdf:nil;
                        ]
                    ]
                ].
            } } WHERE { }
        
